{"C:\\Users\\elmco\\OneDrive\\Documentos\\GitHub\\AYD_Proy_G2\\Back\\src\\app.js": {"path":"C:\\Users\\elmco\\OneDrive\\Documentos\\GitHub\\AYD_Proy_G2\\Back\\src\\app.js","statementMap":{"0":{"start":{"line":1,"column":16},"end":{"line":1,"column":34}},"1":{"start":{"line":2,"column":15},"end":{"line":2,"column":32}},"2":{"start":{"line":3,"column":13},"end":{"line":3,"column":28}},"3":{"start":{"line":4,"column":19},"end":{"line":4,"column":41}},"4":{"start":{"line":5,"column":21},"end":{"line":5,"column":50}},"5":{"start":{"line":7,"column":12},"end":{"line":7,"column":21}},"6":{"start":{"line":8,"column":13},"end":{"line":8,"column":37}},"7":{"start":{"line":14,"column":0},"end":{"line":14,"column":22}},"8":{"start":{"line":15,"column":0},"end":{"line":15,"column":15}},"9":{"start":{"line":16,"column":0},"end":{"line":16,"column":41}},"10":{"start":{"line":17,"column":0},"end":{"line":17,"column":63}},"11":{"start":{"line":26,"column":0},"end":{"line":26,"column":45}},"12":{"start":{"line":27,"column":0},"end":{"line":27,"column":44}},"13":{"start":{"line":28,"column":0},"end":{"line":28,"column":44}},"14":{"start":{"line":29,"column":0},"end":{"line":29,"column":41}},"15":{"start":{"line":31,"column":0},"end":{"line":31,"column":46}},"16":{"start":{"line":32,"column":0},"end":{"line":32,"column":45}},"17":{"start":{"line":33,"column":0},"end":{"line":33,"column":43}},"18":{"start":{"line":34,"column":0},"end":{"line":34,"column":48}},"19":{"start":{"line":35,"column":0},"end":{"line":35,"column":47}},"20":{"start":{"line":37,"column":0},"end":{"line":37,"column":48}},"21":{"start":{"line":38,"column":0},"end":{"line":38,"column":47}},"22":{"start":{"line":39,"column":0},"end":{"line":39,"column":50}},"23":{"start":{"line":41,"column":0},"end":{"line":41,"column":45}},"24":{"start":{"line":42,"column":0},"end":{"line":42,"column":49}},"25":{"start":{"line":43,"column":0},"end":{"line":43,"column":47}},"26":{"start":{"line":44,"column":0},"end":{"line":44,"column":46}},"27":{"start":{"line":45,"column":0},"end":{"line":45,"column":49}},"28":{"start":{"line":51,"column":0},"end":{"line":53,"column":2}},"29":{"start":{"line":52,"column":4},"end":{"line":52,"column":29}},"30":{"start":{"line":56,"column":0},"end":{"line":56,"column":21}}},"fnMap":{"0":{"name":"(anonymous_0)","decl":{"start":{"line":51,"column":13},"end":{"line":51,"column":14}},"loc":{"start":{"line":51,"column":27},"end":{"line":53,"column":1}},"line":51}},"branchMap":{"0":{"loc":{"start":{"line":8,"column":13},"end":{"line":8,"column":37}},"type":"binary-expr","locations":[{"start":{"line":8,"column":13},"end":{"line":8,"column":29}},{"start":{"line":8,"column":33},"end":{"line":8,"column":37}}],"line":8}},"s":{"0":1,"1":1,"2":1,"3":1,"4":1,"5":1,"6":1,"7":1,"8":1,"9":1,"10":1,"11":1,"12":1,"13":1,"14":1,"15":1,"16":1,"17":1,"18":1,"19":1,"20":1,"21":1,"22":1,"23":1,"24":1,"25":1,"26":1,"27":1,"28":1,"29":1,"30":1},"f":{"0":1},"b":{"0":[1,1]},"_coverageSchema":"1a1c01bbd47fc00a2c39e90264f33305004495a9","hash":"ae913ed67eaf9841de5ff404c9272a4c72267a90"}
,"C:\\Users\\elmco\\OneDrive\\Documentos\\GitHub\\AYD_Proy_G2\\Back\\src\\config\\aws.config.js": {"path":"C:\\Users\\elmco\\OneDrive\\Documentos\\GitHub\\AYD_Proy_G2\\Back\\src\\config\\aws.config.js","statementMap":{"0":{"start":{"line":3,"column":17},"end":{"line":7,"column":1}},"1":{"start":{"line":9,"column":0},"end":{"line":11,"column":1}}},"fnMap":{},"branchMap":{},"s":{"0":1,"1":1},"f":{},"b":{},"_coverageSchema":"1a1c01bbd47fc00a2c39e90264f33305004495a9","hash":"1f722413296ab9c5a9fbba12a6a02d2e8b9d3463"}
,"C:\\Users\\elmco\\OneDrive\\Documentos\\GitHub\\AYD_Proy_G2\\Back\\src\\controllers\\AgregarProducto.js": {"path":"C:\\Users\\elmco\\OneDrive\\Documentos\\GitHub\\AYD_Proy_G2\\Back\\src\\controllers\\AgregarProducto.js","statementMap":{"0":{"start":{"line":1,"column":24},"end":{"line":1,"column":49}},"1":{"start":{"line":2,"column":13},"end":{"line":2,"column":28}},"2":{"start":{"line":3,"column":14},"end":{"line":3,"column":73}},"3":{"start":{"line":4,"column":17},"end":{"line":4,"column":49}},"4":{"start":{"line":5,"column":11},"end":{"line":5,"column":33}},"5":{"start":{"line":7,"column":24},"end":{"line":99,"column":1}},"6":{"start":{"line":15,"column":6},"end":{"line":15,"column":14}},"7":{"start":{"line":16,"column":2},"end":{"line":16,"column":23}},"8":{"start":{"line":18,"column":2},"end":{"line":18,"column":28}},"9":{"start":{"line":19,"column":19},"end":{"line":19,"column":32}},"10":{"start":{"line":20,"column":21},"end":{"line":20,"column":69}},"11":{"start":{"line":24,"column":2},"end":{"line":32,"column":3}},"12":{"start":{"line":25,"column":4},"end":{"line":31,"column":7}},"13":{"start":{"line":34,"column":2},"end":{"line":98,"column":3}},"14":{"start":{"line":36,"column":18},"end":{"line":36,"column":100}},"15":{"start":{"line":37,"column":4},"end":{"line":37,"column":22}},"16":{"start":{"line":42,"column":28},"end":{"line":45,"column":5}},"17":{"start":{"line":47,"column":4},"end":{"line":52,"column":5}},"18":{"start":{"line":48,"column":6},"end":{"line":51,"column":9}},"19":{"start":{"line":57,"column":16},"end":{"line":62,"column":5}},"20":{"start":{"line":65,"column":22},"end":{"line":65,"column":100}},"21":{"start":{"line":66,"column":4},"end":{"line":66,"column":35}},"22":{"start":{"line":67,"column":4},"end":{"line":67,"column":28}},"23":{"start":{"line":70,"column":24},"end":{"line":73,"column":5}},"24":{"start":{"line":74,"column":4},"end":{"line":81,"column":7}},"25":{"start":{"line":87,"column":4},"end":{"line":90,"column":7}},"26":{"start":{"line":92,"column":4},"end":{"line":92,"column":52}},"27":{"start":{"line":94,"column":4},"end":{"line":97,"column":7}},"28":{"start":{"line":103,"column":25},"end":{"line":123,"column":1}},"29":{"start":{"line":106,"column":6},"end":{"line":106,"column":14}},"30":{"start":{"line":107,"column":2},"end":{"line":122,"column":3}},"31":{"start":{"line":109,"column":22},"end":{"line":109,"column":224}},"32":{"start":{"line":111,"column":4},"end":{"line":114,"column":7}},"33":{"start":{"line":116,"column":4},"end":{"line":116,"column":53}},"34":{"start":{"line":118,"column":4},"end":{"line":121,"column":7}},"35":{"start":{"line":125,"column":0},"end":{"line":131,"column":2}}},"fnMap":{"0":{"name":"(anonymous_0)","decl":{"start":{"line":7,"column":24},"end":{"line":7,"column":25}},"loc":{"start":{"line":7,"column":44},"end":{"line":99,"column":1}},"line":7},"1":{"name":"(anonymous_1)","decl":{"start":{"line":103,"column":25},"end":{"line":103,"column":26}},"loc":{"start":{"line":103,"column":45},"end":{"line":123,"column":1}},"line":103}},"branchMap":{"0":{"loc":{"start":{"line":24,"column":2},"end":{"line":32,"column":3}},"type":"if","locations":[{"start":{"line":24,"column":2},"end":{"line":32,"column":3}},{"start":{},"end":{}}],"line":24},"1":{"loc":{"start":{"line":24,"column":6},"end":{"line":24,"column":65}},"type":"binary-expr","locations":[{"start":{"line":24,"column":6},"end":{"line":24,"column":13}},{"start":{"line":24,"column":17},"end":{"line":24,"column":24}},{"start":{"line":24,"column":28},"end":{"line":24,"column":38}},{"start":{"line":24,"column":42},"end":{"line":24,"column":53}},{"start":{"line":24,"column":57},"end":{"line":24,"column":65}}],"line":24},"2":{"loc":{"start":{"line":47,"column":4},"end":{"line":52,"column":5}},"type":"if","locations":[{"start":{"line":47,"column":4},"end":{"line":52,"column":5}},{"start":{},"end":{}}],"line":47}},"s":{"0":1,"1":1,"2":1,"3":1,"4":1,"5":1,"6":5,"7":5,"8":5,"9":5,"10":5,"11":5,"12":1,"13":4,"14":4,"15":4,"16":4,"17":4,"18":1,"19":3,"20":3,"21":3,"22":3,"23":3,"24":3,"25":1,"26":2,"27":2,"28":1,"29":2,"30":2,"31":2,"32":1,"33":1,"34":1,"35":1},"f":{"0":5,"1":2},"b":{"0":[1,4],"1":[5,4,4,4,4],"2":[1,3]},"_coverageSchema":"1a1c01bbd47fc00a2c39e90264f33305004495a9","hash":"82e7033a62ee432f181b9f77be97475f8c4fb729"}
,"C:\\Users\\elmco\\OneDrive\\Documentos\\GitHub\\AYD_Proy_G2\\Back\\src\\controllers\\NuevoCombo.js": {"path":"C:\\Users\\elmco\\OneDrive\\Documentos\\GitHub\\AYD_Proy_G2\\Back\\src\\controllers\\NuevoCombo.js","statementMap":{"0":{"start":{"line":1,"column":24},"end":{"line":1,"column":49}},"1":{"start":{"line":2,"column":13},"end":{"line":2,"column":28}},"2":{"start":{"line":3,"column":14},"end":{"line":3,"column":73}},"3":{"start":{"line":4,"column":17},"end":{"line":4,"column":49}},"4":{"start":{"line":5,"column":11},"end":{"line":5,"column":33}},"5":{"start":{"line":7,"column":19},"end":{"line":89,"column":1}},"6":{"start":{"line":16,"column":8},"end":{"line":16,"column":16}},"7":{"start":{"line":17,"column":4},"end":{"line":17,"column":25}},"8":{"start":{"line":19,"column":4},"end":{"line":19,"column":30}},"9":{"start":{"line":20,"column":21},"end":{"line":20,"column":34}},"10":{"start":{"line":21,"column":23},"end":{"line":21,"column":71}},"11":{"start":{"line":23,"column":4},"end":{"line":31,"column":5}},"12":{"start":{"line":24,"column":8},"end":{"line":30,"column":11}},"13":{"start":{"line":33,"column":4},"end":{"line":88,"column":5}},"14":{"start":{"line":36,"column":8},"end":{"line":36,"column":42}},"15":{"start":{"line":37,"column":8},"end":{"line":37,"column":31}},"16":{"start":{"line":38,"column":22},"end":{"line":38,"column":107}},"17":{"start":{"line":39,"column":8},"end":{"line":39,"column":31}},"18":{"start":{"line":40,"column":8},"end":{"line":40,"column":28}},"19":{"start":{"line":41,"column":20},"end":{"line":46,"column":9}},"20":{"start":{"line":47,"column":8},"end":{"line":47,"column":24}},"21":{"start":{"line":50,"column":33},"end":{"line":53,"column":9}},"22":{"start":{"line":54,"column":8},"end":{"line":60,"column":11}},"23":{"start":{"line":62,"column":23},"end":{"line":62,"column":69}},"24":{"start":{"line":63,"column":8},"end":{"line":63,"column":34}},"25":{"start":{"line":66,"column":8},"end":{"line":66,"column":46}},"26":{"start":{"line":67,"column":8},"end":{"line":76,"column":11}},"27":{"start":{"line":68,"column":32},"end":{"line":71,"column":17}},"28":{"start":{"line":72,"column":12},"end":{"line":75,"column":15}},"29":{"start":{"line":77,"column":8},"end":{"line":80,"column":11}},"30":{"start":{"line":82,"column":8},"end":{"line":82,"column":51}},"31":{"start":{"line":84,"column":8},"end":{"line":87,"column":11}},"32":{"start":{"line":91,"column":22},"end":{"line":113,"column":3}},"33":{"start":{"line":94,"column":8},"end":{"line":94,"column":16}},"34":{"start":{"line":95,"column":4},"end":{"line":112,"column":5}},"35":{"start":{"line":97,"column":21},"end":{"line":97,"column":103}},"36":{"start":{"line":98,"column":8},"end":{"line":98,"column":33}},"37":{"start":{"line":99,"column":24},"end":{"line":99,"column":86}},"38":{"start":{"line":101,"column":6},"end":{"line":104,"column":9}},"39":{"start":{"line":106,"column":6},"end":{"line":106,"column":52}},"40":{"start":{"line":108,"column":6},"end":{"line":111,"column":9}},"41":{"start":{"line":115,"column":0},"end":{"line":118,"column":2}}},"fnMap":{"0":{"name":"(anonymous_0)","decl":{"start":{"line":7,"column":19},"end":{"line":7,"column":20}},"loc":{"start":{"line":7,"column":39},"end":{"line":89,"column":1}},"line":7},"1":{"name":"(anonymous_1)","decl":{"start":{"line":67,"column":29},"end":{"line":67,"column":30}},"loc":{"start":{"line":67,"column":50},"end":{"line":76,"column":9}},"line":67},"2":{"name":"(anonymous_2)","decl":{"start":{"line":91,"column":22},"end":{"line":91,"column":23}},"loc":{"start":{"line":91,"column":42},"end":{"line":113,"column":3}},"line":91}},"branchMap":{"0":{"loc":{"start":{"line":23,"column":4},"end":{"line":31,"column":5}},"type":"if","locations":[{"start":{"line":23,"column":4},"end":{"line":31,"column":5}},{"start":{},"end":{}}],"line":23},"1":{"loc":{"start":{"line":23,"column":8},"end":{"line":23,"column":101}},"type":"binary-expr","locations":[{"start":{"line":23,"column":8},"end":{"line":23,"column":15}},{"start":{"line":23,"column":19},"end":{"line":23,"column":31}},{"start":{"line":23,"column":35},"end":{"line":23,"column":46}},{"start":{"line":23,"column":50},"end":{"line":23,"column":57}},{"start":{"line":23,"column":61},"end":{"line":23,"column":68}},{"start":{"line":23,"column":73},"end":{"line":23,"column":100}}],"line":23}},"s":{"0":1,"1":1,"2":1,"3":1,"4":1,"5":1,"6":3,"7":3,"8":3,"9":3,"10":3,"11":3,"12":1,"13":2,"14":2,"15":2,"16":2,"17":1,"18":1,"19":1,"20":1,"21":1,"22":1,"23":1,"24":1,"25":1,"26":1,"27":2,"28":2,"29":1,"30":1,"31":1,"32":1,"33":2,"34":2,"35":2,"36":1,"37":1,"38":1,"39":1,"40":1,"41":1},"f":{"0":3,"1":2,"2":2},"b":{"0":[1,2],"1":[3,2,2,2,2,2]},"_coverageSchema":"1a1c01bbd47fc00a2c39e90264f33305004495a9","hash":"019c3beaa932fa8c3b0961fea2e697bbf6332971"}
,"C:\\Users\\elmco\\OneDrive\\Documentos\\GitHub\\AYD_Proy_G2\\Back\\src\\controllers\\TipoProducto.js": {"path":"C:\\Users\\elmco\\OneDrive\\Documentos\\GitHub\\AYD_Proy_G2\\Back\\src\\controllers\\TipoProducto.js","statementMap":{"0":{"start":{"line":1,"column":24},"end":{"line":1,"column":49}},"1":{"start":{"line":2,"column":13},"end":{"line":2,"column":28}},"2":{"start":{"line":3,"column":14},"end":{"line":3,"column":73}},"3":{"start":{"line":5,"column":28},"end":{"line":44,"column":1}},"4":{"start":{"line":9,"column":6},"end":{"line":9,"column":14}},"5":{"start":{"line":10,"column":2},"end":{"line":10,"column":23}},"6":{"start":{"line":12,"column":2},"end":{"line":20,"column":3}},"7":{"start":{"line":13,"column":4},"end":{"line":19,"column":7}},"8":{"start":{"line":22,"column":2},"end":{"line":43,"column":3}},"9":{"start":{"line":24,"column":24},"end":{"line":27,"column":5}},"10":{"start":{"line":28,"column":4},"end":{"line":31,"column":7}},"11":{"start":{"line":32,"column":4},"end":{"line":35,"column":7}},"12":{"start":{"line":37,"column":4},"end":{"line":37,"column":58}},"13":{"start":{"line":39,"column":4},"end":{"line":42,"column":7}},"14":{"start":{"line":46,"column":29},"end":{"line":66,"column":1}},"15":{"start":{"line":49,"column":6},"end":{"line":49,"column":14}},"16":{"start":{"line":50,"column":2},"end":{"line":65,"column":3}},"17":{"start":{"line":52,"column":22},"end":{"line":52,"column":106}},"18":{"start":{"line":54,"column":4},"end":{"line":57,"column":7}},"19":{"start":{"line":59,"column":4},"end":{"line":59,"column":57}},"20":{"start":{"line":61,"column":4},"end":{"line":64,"column":7}},"21":{"start":{"line":68,"column":0},"end":{"line":71,"column":2}}},"fnMap":{"0":{"name":"(anonymous_0)","decl":{"start":{"line":5,"column":28},"end":{"line":5,"column":29}},"loc":{"start":{"line":5,"column":48},"end":{"line":44,"column":1}},"line":5},"1":{"name":"(anonymous_1)","decl":{"start":{"line":46,"column":29},"end":{"line":46,"column":30}},"loc":{"start":{"line":46,"column":49},"end":{"line":66,"column":1}},"line":46}},"branchMap":{"0":{"loc":{"start":{"line":12,"column":2},"end":{"line":20,"column":3}},"type":"if","locations":[{"start":{"line":12,"column":2},"end":{"line":20,"column":3}},{"start":{},"end":{}}],"line":12},"1":{"loc":{"start":{"line":12,"column":6},"end":{"line":12,"column":28}},"type":"binary-expr","locations":[{"start":{"line":12,"column":6},"end":{"line":12,"column":13}},{"start":{"line":12,"column":17},"end":{"line":12,"column":28}}],"line":12}},"s":{"0":1,"1":1,"2":1,"3":1,"4":3,"5":3,"6":3,"7":1,"8":2,"9":2,"10":2,"11":1,"12":1,"13":1,"14":1,"15":2,"16":2,"17":2,"18":1,"19":1,"20":1,"21":1},"f":{"0":3,"1":2},"b":{"0":[1,2],"1":[3,2]},"_coverageSchema":"1a1c01bbd47fc00a2c39e90264f33305004495a9","hash":"ef0e7a9021b43d0e4827f3e183c30abe1e301e52"}
,"C:\\Users\\elmco\\OneDrive\\Documentos\\GitHub\\AYD_Proy_G2\\Back\\src\\controllers\\calificar.controller.js": {"path":"C:\\Users\\elmco\\OneDrive\\Documentos\\GitHub\\AYD_Proy_G2\\Back\\src\\controllers\\calificar.controller.js","statementMap":{"0":{"start":{"line":1,"column":24},"end":{"line":1,"column":49}},"1":{"start":{"line":2,"column":13},"end":{"line":2,"column":28}},"2":{"start":{"line":3,"column":14},"end":{"line":3,"column":73}},"3":{"start":{"line":4,"column":15},"end":{"line":4,"column":32}},"4":{"start":{"line":6,"column":21},"end":{"line":64,"column":1}},"5":{"start":{"line":7,"column":24},"end":{"line":7,"column":33}},"6":{"start":{"line":9,"column":4},"end":{"line":20,"column":5}},"7":{"start":{"line":10,"column":8},"end":{"line":19,"column":11}},"8":{"start":{"line":22,"column":4},"end":{"line":33,"column":5}},"9":{"start":{"line":23,"column":8},"end":{"line":32,"column":11}},"10":{"start":{"line":34,"column":28},"end":{"line":34,"column":36}},"11":{"start":{"line":36,"column":4},"end":{"line":62,"column":5}},"12":{"start":{"line":38,"column":8},"end":{"line":38,"column":95}},"13":{"start":{"line":40,"column":22},"end":{"line":40,"column":114}},"14":{"start":{"line":42,"column":21},"end":{"line":42,"column":60}},"15":{"start":{"line":43,"column":8},"end":{"line":43,"column":64}},"16":{"start":{"line":44,"column":25},"end":{"line":44,"column":59}},"17":{"start":{"line":46,"column":8},"end":{"line":46,"column":132}},"18":{"start":{"line":47,"column":8},"end":{"line":50,"column":11}},"19":{"start":{"line":52,"column":8},"end":{"line":61,"column":11}},"20":{"start":{"line":66,"column":0},"end":{"line":68,"column":1}}},"fnMap":{"0":{"name":"(anonymous_0)","decl":{"start":{"line":6,"column":21},"end":{"line":6,"column":22}},"loc":{"start":{"line":6,"column":41},"end":{"line":64,"column":1}},"line":6}},"branchMap":{"0":{"loc":{"start":{"line":9,"column":4},"end":{"line":20,"column":5}},"type":"if","locations":[{"start":{"line":9,"column":4},"end":{"line":20,"column":5}},{"start":{},"end":{}}],"line":9},"1":{"loc":{"start":{"line":9,"column":8},"end":{"line":9,"column":19}},"type":"binary-expr","locations":[{"start":{"line":9,"column":8},"end":{"line":9,"column":11}},{"start":{"line":9,"column":15},"end":{"line":9,"column":19}}],"line":9},"2":{"loc":{"start":{"line":22,"column":4},"end":{"line":33,"column":5}},"type":"if","locations":[{"start":{"line":22,"column":4},"end":{"line":33,"column":5}},{"start":{},"end":{}}],"line":22}},"s":{"0":1,"1":1,"2":1,"3":1,"4":1,"5":0,"6":0,"7":0,"8":0,"9":0,"10":0,"11":0,"12":0,"13":0,"14":0,"15":0,"16":0,"17":0,"18":0,"19":0,"20":1},"f":{"0":0},"b":{"0":[0,0],"1":[0,0],"2":[0,0]},"_coverageSchema":"1a1c01bbd47fc00a2c39e90264f33305004495a9","hash":"ac37d61e06b8bdbbc45cbe2711dece5c8be7dbc8"}
,"C:\\Users\\elmco\\OneDrive\\Documentos\\GitHub\\AYD_Proy_G2\\Back\\src\\controllers\\createEmpresa.controller.js": {"path":"C:\\Users\\elmco\\OneDrive\\Documentos\\GitHub\\AYD_Proy_G2\\Back\\src\\controllers\\createEmpresa.controller.js","statementMap":{"0":{"start":{"line":1,"column":24},"end":{"line":1,"column":49}},"1":{"start":{"line":2,"column":13},"end":{"line":2,"column":28}},"2":{"start":{"line":3,"column":14},"end":{"line":3,"column":73}},"3":{"start":{"line":4,"column":15},"end":{"line":4,"column":32}},"4":{"start":{"line":5,"column":17},"end":{"line":5,"column":49}},"5":{"start":{"line":6,"column":11},"end":{"line":6,"column":33}},"6":{"start":{"line":8,"column":22},"end":{"line":118,"column":1}},"7":{"start":{"line":19,"column":8},"end":{"line":19,"column":16}},"8":{"start":{"line":21,"column":4},"end":{"line":21,"column":40}},"9":{"start":{"line":22,"column":4},"end":{"line":22,"column":25}},"10":{"start":{"line":23,"column":21},"end":{"line":23,"column":34}},"11":{"start":{"line":24,"column":23},"end":{"line":24,"column":71}},"12":{"start":{"line":27,"column":4},"end":{"line":36,"column":11}},"13":{"start":{"line":28,"column":8},"end":{"line":36,"column":11}},"14":{"start":{"line":39,"column":24},"end":{"line":39,"column":52}},"15":{"start":{"line":40,"column":4},"end":{"line":50,"column":5}},"16":{"start":{"line":41,"column":8},"end":{"line":49,"column":11}},"17":{"start":{"line":52,"column":4},"end":{"line":117,"column":5}},"18":{"start":{"line":54,"column":27},"end":{"line":54,"column":82}},"19":{"start":{"line":57,"column":28},"end":{"line":62,"column":9}},"20":{"start":{"line":64,"column":8},"end":{"line":64,"column":62}},"21":{"start":{"line":67,"column":23},"end":{"line":67,"column":76}},"22":{"start":{"line":70,"column":20},"end":{"line":75,"column":9}},"23":{"start":{"line":76,"column":8},"end":{"line":76,"column":37}},"24":{"start":{"line":79,"column":28},"end":{"line":92,"column":9}},"25":{"start":{"line":94,"column":8},"end":{"line":94,"column":62}},"26":{"start":{"line":97,"column":26},"end":{"line":97,"column":103}},"27":{"start":{"line":98,"column":8},"end":{"line":98,"column":57}},"28":{"start":{"line":100,"column":8},"end":{"line":104,"column":15}},"29":{"start":{"line":106,"column":8},"end":{"line":106,"column":51}},"30":{"start":{"line":107,"column":8},"end":{"line":111,"column":15}},"31":{"start":{"line":108,"column":12},"end":{"line":111,"column":15}},"32":{"start":{"line":113,"column":8},"end":{"line":116,"column":11}},"33":{"start":{"line":120,"column":0},"end":{"line":122,"column":2}}},"fnMap":{"0":{"name":"(anonymous_0)","decl":{"start":{"line":8,"column":22},"end":{"line":8,"column":23}},"loc":{"start":{"line":8,"column":42},"end":{"line":118,"column":1}},"line":8}},"branchMap":{"0":{"loc":{"start":{"line":27,"column":4},"end":{"line":36,"column":11}},"type":"if","locations":[{"start":{"line":27,"column":4},"end":{"line":36,"column":11}},{"start":{},"end":{}}],"line":27},"1":{"loc":{"start":{"line":27,"column":8},"end":{"line":27,"column":27}},"type":"binary-expr","locations":[{"start":{"line":27,"column":8},"end":{"line":27,"column":17}},{"start":{"line":27,"column":21},"end":{"line":27,"column":27}}],"line":27},"2":{"loc":{"start":{"line":40,"column":4},"end":{"line":50,"column":5}},"type":"if","locations":[{"start":{"line":40,"column":4},"end":{"line":50,"column":5}},{"start":{},"end":{}}],"line":40},"3":{"loc":{"start":{"line":107,"column":8},"end":{"line":111,"column":15}},"type":"if","locations":[{"start":{"line":107,"column":8},"end":{"line":111,"column":15}},{"start":{},"end":{}}],"line":107}},"s":{"0":1,"1":1,"2":1,"3":1,"4":1,"5":1,"6":1,"7":7,"8":7,"9":7,"10":7,"11":7,"12":7,"13":1,"14":6,"15":6,"16":2,"17":4,"18":4,"19":4,"20":4,"21":3,"22":3,"23":3,"24":3,"25":3,"26":2,"27":2,"28":2,"29":2,"30":2,"31":1,"32":1,"33":1},"f":{"0":7},"b":{"0":[1,6],"1":[7,6],"2":[2,4],"3":[1,1]},"_coverageSchema":"1a1c01bbd47fc00a2c39e90264f33305004495a9","hash":"a31fe56285fed071eb8cf53479b53750832843d9"}
,"C:\\Users\\elmco\\OneDrive\\Documentos\\GitHub\\AYD_Proy_G2\\Back\\src\\controllers\\createRepar.controller.js": {"path":"C:\\Users\\elmco\\OneDrive\\Documentos\\GitHub\\AYD_Proy_G2\\Back\\src\\controllers\\createRepar.controller.js","statementMap":{"0":{"start":{"line":1,"column":24},"end":{"line":1,"column":49}},"1":{"start":{"line":2,"column":13},"end":{"line":2,"column":28}},"2":{"start":{"line":3,"column":14},"end":{"line":3,"column":73}},"3":{"start":{"line":4,"column":15},"end":{"line":4,"column":32}},"4":{"start":{"line":5,"column":17},"end":{"line":5,"column":49}},"5":{"start":{"line":6,"column":11},"end":{"line":6,"column":33}},"6":{"start":{"line":8,"column":20},"end":{"line":179,"column":1}},"7":{"start":{"line":21,"column":8},"end":{"line":21,"column":16}},"8":{"start":{"line":23,"column":21},"end":{"line":23,"column":34}},"9":{"start":{"line":24,"column":23},"end":{"line":24,"column":71}},"10":{"start":{"line":27,"column":4},"end":{"line":36,"column":11}},"11":{"start":{"line":28,"column":8},"end":{"line":36,"column":11}},"12":{"start":{"line":40,"column":24},"end":{"line":40,"column":52}},"13":{"start":{"line":41,"column":4},"end":{"line":51,"column":5}},"14":{"start":{"line":42,"column":8},"end":{"line":50,"column":11}},"15":{"start":{"line":55,"column":21},"end":{"line":55,"column":30}},"16":{"start":{"line":56,"column":4},"end":{"line":66,"column":5}},"17":{"start":{"line":57,"column":8},"end":{"line":65,"column":11}},"18":{"start":{"line":69,"column":21},"end":{"line":69,"column":30}},"19":{"start":{"line":70,"column":4},"end":{"line":80,"column":5}},"20":{"start":{"line":71,"column":8},"end":{"line":79,"column":11}},"21":{"start":{"line":83,"column":4},"end":{"line":178,"column":5}},"22":{"start":{"line":86,"column":27},"end":{"line":86,"column":82}},"23":{"start":{"line":89,"column":28},"end":{"line":94,"column":9}},"24":{"start":{"line":96,"column":8},"end":{"line":96,"column":62}},"25":{"start":{"line":99,"column":23},"end":{"line":99,"column":76}},"26":{"start":{"line":102,"column":20},"end":{"line":107,"column":9}},"27":{"start":{"line":108,"column":8},"end":{"line":108,"column":37}},"28":{"start":{"line":111,"column":28},"end":{"line":126,"column":9}},"29":{"start":{"line":128,"column":8},"end":{"line":128,"column":65}},"30":{"start":{"line":131,"column":20},"end":{"line":131,"column":21}},"31":{"start":{"line":132,"column":8},"end":{"line":148,"column":9}},"32":{"start":{"line":134,"column":16},"end":{"line":134,"column":26}},"33":{"start":{"line":135,"column":16},"end":{"line":135,"column":22}},"34":{"start":{"line":137,"column":16},"end":{"line":137,"column":26}},"35":{"start":{"line":138,"column":16},"end":{"line":138,"column":22}},"36":{"start":{"line":140,"column":16},"end":{"line":140,"column":26}},"37":{"start":{"line":141,"column":16},"end":{"line":141,"column":22}},"38":{"start":{"line":143,"column":16},"end":{"line":143,"column":26}},"39":{"start":{"line":144,"column":16},"end":{"line":144,"column":22}},"40":{"start":{"line":146,"column":16},"end":{"line":146,"column":26}},"41":{"start":{"line":147,"column":16},"end":{"line":147,"column":22}},"42":{"start":{"line":150,"column":29},"end":{"line":155,"column":9}},"43":{"start":{"line":158,"column":8},"end":{"line":158,"column":72}},"44":{"start":{"line":160,"column":8},"end":{"line":164,"column":15}},"45":{"start":{"line":166,"column":8},"end":{"line":166,"column":51}},"46":{"start":{"line":168,"column":8},"end":{"line":172,"column":15}},"47":{"start":{"line":169,"column":12},"end":{"line":172,"column":15}},"48":{"start":{"line":174,"column":8},"end":{"line":177,"column":11}},"49":{"start":{"line":181,"column":0},"end":{"line":183,"column":2}}},"fnMap":{"0":{"name":"(anonymous_0)","decl":{"start":{"line":8,"column":20},"end":{"line":8,"column":21}},"loc":{"start":{"line":8,"column":40},"end":{"line":179,"column":1}},"line":8}},"branchMap":{"0":{"loc":{"start":{"line":27,"column":4},"end":{"line":36,"column":11}},"type":"if","locations":[{"start":{"line":27,"column":4},"end":{"line":36,"column":11}},{"start":{},"end":{}}],"line":27},"1":{"loc":{"start":{"line":27,"column":8},"end":{"line":27,"column":28}},"type":"binary-expr","locations":[{"start":{"line":27,"column":8},"end":{"line":27,"column":15}},{"start":{"line":27,"column":19},"end":{"line":27,"column":28}}],"line":27},"2":{"loc":{"start":{"line":41,"column":4},"end":{"line":51,"column":5}},"type":"if","locations":[{"start":{"line":41,"column":4},"end":{"line":51,"column":5}},{"start":{},"end":{}}],"line":41},"3":{"loc":{"start":{"line":56,"column":4},"end":{"line":66,"column":5}},"type":"if","locations":[{"start":{"line":56,"column":4},"end":{"line":66,"column":5}},{"start":{},"end":{}}],"line":56},"4":{"loc":{"start":{"line":70,"column":4},"end":{"line":80,"column":5}},"type":"if","locations":[{"start":{"line":70,"column":4},"end":{"line":80,"column":5}},{"start":{},"end":{}}],"line":70},"5":{"loc":{"start":{"line":132,"column":8},"end":{"line":148,"column":9}},"type":"switch","locations":[{"start":{"line":133,"column":12},"end":{"line":135,"column":22}},{"start":{"line":136,"column":12},"end":{"line":138,"column":22}},{"start":{"line":139,"column":12},"end":{"line":141,"column":22}},{"start":{"line":142,"column":12},"end":{"line":144,"column":22}},{"start":{"line":145,"column":12},"end":{"line":147,"column":22}}],"line":132},"6":{"loc":{"start":{"line":168,"column":8},"end":{"line":172,"column":15}},"type":"if","locations":[{"start":{"line":168,"column":8},"end":{"line":172,"column":15}},{"start":{},"end":{}}],"line":168}},"s":{"0":1,"1":1,"2":1,"3":1,"4":1,"5":1,"6":1,"7":7,"8":7,"9":7,"10":7,"11":1,"12":6,"13":6,"14":1,"15":5,"16":5,"17":1,"18":4,"19":4,"20":1,"21":3,"22":3,"23":3,"24":3,"25":2,"26":2,"27":2,"28":2,"29":2,"30":2,"31":2,"32":2,"33":2,"34":0,"35":0,"36":0,"37":0,"38":0,"39":0,"40":0,"41":0,"42":2,"43":2,"44":2,"45":1,"46":1,"47":1,"48":0,"49":1},"f":{"0":7},"b":{"0":[1,6],"1":[7,6],"2":[1,5],"3":[1,4],"4":[1,3],"5":[2,0,0,0,0],"6":[1,0]},"_coverageSchema":"1a1c01bbd47fc00a2c39e90264f33305004495a9","hash":"4b0ae6ed5d0e317534c0e0d5251e108c1492f374"}
,"C:\\Users\\elmco\\OneDrive\\Documentos\\GitHub\\AYD_Proy_G2\\Back\\src\\controllers\\createUser.controller.js": {"path":"C:\\Users\\elmco\\OneDrive\\Documentos\\GitHub\\AYD_Proy_G2\\Back\\src\\controllers\\createUser.controller.js","statementMap":{"0":{"start":{"line":1,"column":24},"end":{"line":1,"column":49}},"1":{"start":{"line":2,"column":13},"end":{"line":2,"column":28}},"2":{"start":{"line":3,"column":14},"end":{"line":3,"column":73}},"3":{"start":{"line":4,"column":15},"end":{"line":4,"column":32}},"4":{"start":{"line":6,"column":19},"end":{"line":70,"column":1}},"5":{"start":{"line":10,"column":8},"end":{"line":10,"column":16}},"6":{"start":{"line":13,"column":4},"end":{"line":22,"column":7}},"7":{"start":{"line":14,"column":4},"end":{"line":22,"column":7}},"8":{"start":{"line":24,"column":4},"end":{"line":69,"column":5}},"9":{"start":{"line":27,"column":25},"end":{"line":27,"column":80}},"10":{"start":{"line":30,"column":26},"end":{"line":35,"column":7}},"11":{"start":{"line":37,"column":6},"end":{"line":37,"column":60}},"12":{"start":{"line":40,"column":21},"end":{"line":40,"column":74}},"13":{"start":{"line":43,"column":26},"end":{"line":49,"column":7}},"14":{"start":{"line":51,"column":6},"end":{"line":51,"column":60}},"15":{"start":{"line":52,"column":6},"end":{"line":55,"column":9}},"16":{"start":{"line":57,"column":6},"end":{"line":57,"column":49}},"17":{"start":{"line":59,"column":6},"end":{"line":63,"column":11}},"18":{"start":{"line":60,"column":8},"end":{"line":63,"column":11}},"19":{"start":{"line":65,"column":6},"end":{"line":68,"column":9}},"20":{"start":{"line":72,"column":0},"end":{"line":74,"column":2}}},"fnMap":{"0":{"name":"(anonymous_0)","decl":{"start":{"line":6,"column":19},"end":{"line":6,"column":20}},"loc":{"start":{"line":6,"column":39},"end":{"line":70,"column":1}},"line":6}},"branchMap":{"0":{"loc":{"start":{"line":13,"column":4},"end":{"line":22,"column":7}},"type":"if","locations":[{"start":{"line":13,"column":4},"end":{"line":22,"column":7}},{"start":{},"end":{}}],"line":13},"1":{"loc":{"start":{"line":13,"column":8},"end":{"line":13,"column":30}},"type":"binary-expr","locations":[{"start":{"line":13,"column":8},"end":{"line":13,"column":17}},{"start":{"line":13,"column":21},"end":{"line":13,"column":30}}],"line":13},"2":{"loc":{"start":{"line":59,"column":6},"end":{"line":63,"column":11}},"type":"if","locations":[{"start":{"line":59,"column":6},"end":{"line":63,"column":11}},{"start":{},"end":{}}],"line":59}},"s":{"0":1,"1":1,"2":1,"3":1,"4":1,"5":1,"6":1,"7":0,"8":1,"9":1,"10":1,"11":1,"12":1,"13":1,"14":1,"15":1,"16":0,"17":0,"18":0,"19":0,"20":1},"f":{"0":1},"b":{"0":[0,1],"1":[1,1],"2":[0,0]},"_coverageSchema":"1a1c01bbd47fc00a2c39e90264f33305004495a9","hash":"332664bbc05800f4eae8c022fa4396e768e52cf2"}
,"C:\\Users\\elmco\\OneDrive\\Documentos\\GitHub\\AYD_Proy_G2\\Back\\src\\controllers\\desactivarUser.controller.js": {"path":"C:\\Users\\elmco\\OneDrive\\Documentos\\GitHub\\AYD_Proy_G2\\Back\\src\\controllers\\desactivarUser.controller.js","statementMap":{"0":{"start":{"line":1,"column":24},"end":{"line":1,"column":49}},"1":{"start":{"line":2,"column":13},"end":{"line":2,"column":28}},"2":{"start":{"line":3,"column":14},"end":{"line":3,"column":73}},"3":{"start":{"line":4,"column":15},"end":{"line":4,"column":32}},"4":{"start":{"line":6,"column":23},"end":{"line":46,"column":1}},"5":{"start":{"line":7,"column":24},"end":{"line":7,"column":33}},"6":{"start":{"line":9,"column":4},"end":{"line":20,"column":5}},"7":{"start":{"line":10,"column":8},"end":{"line":19,"column":11}},"8":{"start":{"line":22,"column":4},"end":{"line":33,"column":5}},"9":{"start":{"line":23,"column":8},"end":{"line":32,"column":11}},"10":{"start":{"line":34,"column":4},"end":{"line":44,"column":5}},"11":{"start":{"line":36,"column":21},"end":{"line":36,"column":73}},"12":{"start":{"line":37,"column":8},"end":{"line":37,"column":58}},"13":{"start":{"line":38,"column":8},"end":{"line":38,"column":39}},"14":{"start":{"line":40,"column":25},"end":{"line":40,"column":48}},"15":{"start":{"line":41,"column":8},"end":{"line":41,"column":39}},"16":{"start":{"line":48,"column":23},"end":{"line":114,"column":1}},"17":{"start":{"line":49,"column":24},"end":{"line":49,"column":33}},"18":{"start":{"line":51,"column":4},"end":{"line":62,"column":5}},"19":{"start":{"line":52,"column":8},"end":{"line":61,"column":11}},"20":{"start":{"line":64,"column":4},"end":{"line":75,"column":5}},"21":{"start":{"line":65,"column":8},"end":{"line":74,"column":11}},"22":{"start":{"line":77,"column":22},"end":{"line":77,"column":30}},"23":{"start":{"line":78,"column":4},"end":{"line":78,"column":41}},"24":{"start":{"line":79,"column":4},"end":{"line":79,"column":23}},"25":{"start":{"line":80,"column":4},"end":{"line":91,"column":5}},"26":{"start":{"line":81,"column":8},"end":{"line":90,"column":11}},"27":{"start":{"line":93,"column":4},"end":{"line":112,"column":5}},"28":{"start":{"line":95,"column":8},"end":{"line":95,"column":85}},"29":{"start":{"line":96,"column":8},"end":{"line":100,"column":11}},"30":{"start":{"line":102,"column":8},"end":{"line":111,"column":11}},"31":{"start":{"line":116,"column":0},"end":{"line":119,"column":1}}},"fnMap":{"0":{"name":"(anonymous_0)","decl":{"start":{"line":6,"column":23},"end":{"line":6,"column":24}},"loc":{"start":{"line":6,"column":43},"end":{"line":46,"column":1}},"line":6},"1":{"name":"(anonymous_1)","decl":{"start":{"line":48,"column":23},"end":{"line":48,"column":24}},"loc":{"start":{"line":48,"column":43},"end":{"line":114,"column":1}},"line":48}},"branchMap":{"0":{"loc":{"start":{"line":9,"column":4},"end":{"line":20,"column":5}},"type":"if","locations":[{"start":{"line":9,"column":4},"end":{"line":20,"column":5}},{"start":{},"end":{}}],"line":9},"1":{"loc":{"start":{"line":9,"column":8},"end":{"line":9,"column":19}},"type":"binary-expr","locations":[{"start":{"line":9,"column":8},"end":{"line":9,"column":11}},{"start":{"line":9,"column":15},"end":{"line":9,"column":19}}],"line":9},"2":{"loc":{"start":{"line":22,"column":4},"end":{"line":33,"column":5}},"type":"if","locations":[{"start":{"line":22,"column":4},"end":{"line":33,"column":5}},{"start":{},"end":{}}],"line":22},"3":{"loc":{"start":{"line":51,"column":4},"end":{"line":62,"column":5}},"type":"if","locations":[{"start":{"line":51,"column":4},"end":{"line":62,"column":5}},{"start":{},"end":{}}],"line":51},"4":{"loc":{"start":{"line":51,"column":8},"end":{"line":51,"column":19}},"type":"binary-expr","locations":[{"start":{"line":51,"column":8},"end":{"line":51,"column":11}},{"start":{"line":51,"column":15},"end":{"line":51,"column":19}}],"line":51},"5":{"loc":{"start":{"line":64,"column":4},"end":{"line":75,"column":5}},"type":"if","locations":[{"start":{"line":64,"column":4},"end":{"line":75,"column":5}},{"start":{},"end":{}}],"line":64},"6":{"loc":{"start":{"line":80,"column":4},"end":{"line":91,"column":5}},"type":"if","locations":[{"start":{"line":80,"column":4},"end":{"line":91,"column":5}},{"start":{},"end":{}}],"line":80}},"s":{"0":1,"1":1,"2":1,"3":1,"4":1,"5":3,"6":3,"7":1,"8":2,"9":1,"10":1,"11":1,"12":1,"13":1,"14":1,"15":1,"16":1,"17":5,"18":5,"19":1,"20":4,"21":1,"22":3,"23":3,"24":3,"25":3,"26":1,"27":2,"28":2,"29":2,"30":0,"31":1},"f":{"0":3,"1":5},"b":{"0":[1,2],"1":[3,2],"2":[1,1],"3":[1,4],"4":[5,4],"5":[1,3],"6":[1,2]},"_coverageSchema":"1a1c01bbd47fc00a2c39e90264f33305004495a9","hash":"7e201becff747a5dce05210d17004c17ddd82068"}
,"C:\\Users\\elmco\\OneDrive\\Documentos\\GitHub\\AYD_Proy_G2\\Back\\src\\controllers\\informeUser.controller.js": {"path":"C:\\Users\\elmco\\OneDrive\\Documentos\\GitHub\\AYD_Proy_G2\\Back\\src\\controllers\\informeUser.controller.js","statementMap":{"0":{"start":{"line":1,"column":24},"end":{"line":1,"column":49}},"1":{"start":{"line":2,"column":13},"end":{"line":2,"column":28}},"2":{"start":{"line":3,"column":14},"end":{"line":3,"column":73}},"3":{"start":{"line":4,"column":15},"end":{"line":4,"column":32}},"4":{"start":{"line":6,"column":20},"end":{"line":51,"column":1}},"5":{"start":{"line":7,"column":24},"end":{"line":7,"column":33}},"6":{"start":{"line":9,"column":4},"end":{"line":20,"column":5}},"7":{"start":{"line":10,"column":8},"end":{"line":19,"column":11}},"8":{"start":{"line":22,"column":4},"end":{"line":33,"column":5}},"9":{"start":{"line":23,"column":8},"end":{"line":32,"column":11}},"10":{"start":{"line":34,"column":4},"end":{"line":49,"column":5}},"11":{"start":{"line":36,"column":25},"end":{"line":36,"column":66}},"12":{"start":{"line":37,"column":8},"end":{"line":37,"column":39}},"13":{"start":{"line":39,"column":8},"end":{"line":48,"column":11}},"14":{"start":{"line":53,"column":18},"end":{"line":98,"column":1}},"15":{"start":{"line":54,"column":24},"end":{"line":54,"column":33}},"16":{"start":{"line":56,"column":4},"end":{"line":67,"column":5}},"17":{"start":{"line":57,"column":8},"end":{"line":66,"column":11}},"18":{"start":{"line":69,"column":4},"end":{"line":80,"column":5}},"19":{"start":{"line":70,"column":8},"end":{"line":79,"column":11}},"20":{"start":{"line":81,"column":4},"end":{"line":96,"column":5}},"21":{"start":{"line":83,"column":25},"end":{"line":83,"column":81}},"22":{"start":{"line":84,"column":8},"end":{"line":84,"column":39}},"23":{"start":{"line":86,"column":8},"end":{"line":95,"column":11}},"24":{"start":{"line":100,"column":22},"end":{"line":150,"column":1}},"25":{"start":{"line":101,"column":24},"end":{"line":101,"column":33}},"26":{"start":{"line":103,"column":4},"end":{"line":114,"column":5}},"27":{"start":{"line":104,"column":8},"end":{"line":113,"column":11}},"28":{"start":{"line":116,"column":4},"end":{"line":127,"column":5}},"29":{"start":{"line":117,"column":8},"end":{"line":126,"column":11}},"30":{"start":{"line":128,"column":4},"end":{"line":148,"column":5}},"31":{"start":{"line":130,"column":21},"end":{"line":130,"column":84}},"32":{"start":{"line":131,"column":8},"end":{"line":131,"column":38}},"33":{"start":{"line":132,"column":8},"end":{"line":132,"column":49}},"34":{"start":{"line":133,"column":8},"end":{"line":133,"column":30}},"35":{"start":{"line":135,"column":27},"end":{"line":135,"column":50}},"36":{"start":{"line":136,"column":8},"end":{"line":136,"column":41}},"37":{"start":{"line":138,"column":8},"end":{"line":147,"column":11}},"38":{"start":{"line":152,"column":21},"end":{"line":207,"column":1}},"39":{"start":{"line":153,"column":24},"end":{"line":153,"column":33}},"40":{"start":{"line":155,"column":4},"end":{"line":166,"column":5}},"41":{"start":{"line":156,"column":8},"end":{"line":165,"column":11}},"42":{"start":{"line":168,"column":4},"end":{"line":179,"column":5}},"43":{"start":{"line":169,"column":8},"end":{"line":178,"column":11}},"44":{"start":{"line":180,"column":4},"end":{"line":205,"column":5}},"45":{"start":{"line":182,"column":21},"end":{"line":182,"column":93}},"46":{"start":{"line":183,"column":8},"end":{"line":183,"column":135}},"47":{"start":{"line":184,"column":8},"end":{"line":184,"column":75}},"48":{"start":{"line":185,"column":8},"end":{"line":185,"column":51}},"49":{"start":{"line":186,"column":8},"end":{"line":186,"column":66}},"50":{"start":{"line":187,"column":8},"end":{"line":187,"column":66}},"51":{"start":{"line":188,"column":8},"end":{"line":188,"column":45}},"52":{"start":{"line":189,"column":8},"end":{"line":189,"column":42}},"53":{"start":{"line":190,"column":8},"end":{"line":190,"column":28}},"54":{"start":{"line":192,"column":24},"end":{"line":192,"column":47}},"55":{"start":{"line":193,"column":8},"end":{"line":193,"column":38}},"56":{"start":{"line":195,"column":8},"end":{"line":204,"column":11}},"57":{"start":{"line":209,"column":22},"end":{"line":261,"column":1}},"58":{"start":{"line":210,"column":24},"end":{"line":210,"column":33}},"59":{"start":{"line":212,"column":4},"end":{"line":223,"column":5}},"60":{"start":{"line":213,"column":8},"end":{"line":222,"column":11}},"61":{"start":{"line":225,"column":4},"end":{"line":236,"column":5}},"62":{"start":{"line":226,"column":8},"end":{"line":235,"column":11}},"63":{"start":{"line":237,"column":4},"end":{"line":259,"column":5}},"64":{"start":{"line":239,"column":21},"end":{"line":239,"column":82}},"65":{"start":{"line":240,"column":8},"end":{"line":240,"column":42}},"66":{"start":{"line":241,"column":8},"end":{"line":241,"column":62}},"67":{"start":{"line":242,"column":8},"end":{"line":242,"column":54}},"68":{"start":{"line":243,"column":8},"end":{"line":243,"column":41}},"69":{"start":{"line":244,"column":8},"end":{"line":244,"column":28}},"70":{"start":{"line":246,"column":25},"end":{"line":246,"column":48}},"71":{"start":{"line":247,"column":8},"end":{"line":247,"column":39}},"72":{"start":{"line":249,"column":8},"end":{"line":258,"column":11}},"73":{"start":{"line":263,"column":19},"end":{"line":318,"column":1}},"74":{"start":{"line":264,"column":24},"end":{"line":264,"column":33}},"75":{"start":{"line":266,"column":4},"end":{"line":277,"column":5}},"76":{"start":{"line":267,"column":8},"end":{"line":276,"column":11}},"77":{"start":{"line":279,"column":4},"end":{"line":290,"column":5}},"78":{"start":{"line":280,"column":8},"end":{"line":289,"column":11}},"79":{"start":{"line":291,"column":4},"end":{"line":316,"column":5}},"80":{"start":{"line":293,"column":21},"end":{"line":293,"column":89}},"81":{"start":{"line":294,"column":8},"end":{"line":294,"column":68}},"82":{"start":{"line":295,"column":8},"end":{"line":295,"column":59}},"83":{"start":{"line":296,"column":8},"end":{"line":296,"column":52}},"84":{"start":{"line":297,"column":8},"end":{"line":297,"column":74}},"85":{"start":{"line":298,"column":8},"end":{"line":298,"column":71}},"86":{"start":{"line":299,"column":8},"end":{"line":299,"column":44}},"87":{"start":{"line":300,"column":8},"end":{"line":300,"column":49}},"88":{"start":{"line":301,"column":8},"end":{"line":301,"column":28}},"89":{"start":{"line":303,"column":24},"end":{"line":303,"column":49}},"90":{"start":{"line":304,"column":8},"end":{"line":304,"column":38}},"91":{"start":{"line":306,"column":8},"end":{"line":315,"column":11}},"92":{"start":{"line":320,"column":19},"end":{"line":373,"column":1}},"93":{"start":{"line":321,"column":24},"end":{"line":321,"column":33}},"94":{"start":{"line":323,"column":4},"end":{"line":334,"column":5}},"95":{"start":{"line":324,"column":8},"end":{"line":333,"column":11}},"96":{"start":{"line":336,"column":4},"end":{"line":347,"column":5}},"97":{"start":{"line":337,"column":8},"end":{"line":346,"column":11}},"98":{"start":{"line":348,"column":4},"end":{"line":371,"column":5}},"99":{"start":{"line":350,"column":21},"end":{"line":350,"column":90}},"100":{"start":{"line":351,"column":8},"end":{"line":351,"column":66}},"101":{"start":{"line":352,"column":8},"end":{"line":352,"column":133}},"102":{"start":{"line":353,"column":8},"end":{"line":353,"column":142}},"103":{"start":{"line":354,"column":8},"end":{"line":354,"column":48}},"104":{"start":{"line":355,"column":8},"end":{"line":355,"column":74}},"105":{"start":{"line":356,"column":8},"end":{"line":356,"column":70}},"106":{"start":{"line":358,"column":25},"end":{"line":358,"column":50}},"107":{"start":{"line":359,"column":8},"end":{"line":359,"column":39}},"108":{"start":{"line":361,"column":8},"end":{"line":370,"column":11}},"109":{"start":{"line":381,"column":0},"end":{"line":389,"column":1}}},"fnMap":{"0":{"name":"(anonymous_0)","decl":{"start":{"line":6,"column":20},"end":{"line":6,"column":21}},"loc":{"start":{"line":6,"column":40},"end":{"line":51,"column":1}},"line":6},"1":{"name":"(anonymous_1)","decl":{"start":{"line":53,"column":18},"end":{"line":53,"column":19}},"loc":{"start":{"line":53,"column":38},"end":{"line":98,"column":1}},"line":53},"2":{"name":"(anonymous_2)","decl":{"start":{"line":100,"column":22},"end":{"line":100,"column":23}},"loc":{"start":{"line":100,"column":42},"end":{"line":150,"column":1}},"line":100},"3":{"name":"(anonymous_3)","decl":{"start":{"line":152,"column":21},"end":{"line":152,"column":22}},"loc":{"start":{"line":152,"column":41},"end":{"line":207,"column":1}},"line":152},"4":{"name":"(anonymous_4)","decl":{"start":{"line":209,"column":22},"end":{"line":209,"column":23}},"loc":{"start":{"line":209,"column":42},"end":{"line":261,"column":1}},"line":209},"5":{"name":"(anonymous_5)","decl":{"start":{"line":263,"column":19},"end":{"line":263,"column":20}},"loc":{"start":{"line":263,"column":39},"end":{"line":318,"column":1}},"line":263},"6":{"name":"(anonymous_6)","decl":{"start":{"line":320,"column":19},"end":{"line":320,"column":20}},"loc":{"start":{"line":320,"column":39},"end":{"line":373,"column":1}},"line":320}},"branchMap":{"0":{"loc":{"start":{"line":9,"column":4},"end":{"line":20,"column":5}},"type":"if","locations":[{"start":{"line":9,"column":4},"end":{"line":20,"column":5}},{"start":{},"end":{}}],"line":9},"1":{"loc":{"start":{"line":9,"column":8},"end":{"line":9,"column":19}},"type":"binary-expr","locations":[{"start":{"line":9,"column":8},"end":{"line":9,"column":11}},{"start":{"line":9,"column":15},"end":{"line":9,"column":19}}],"line":9},"2":{"loc":{"start":{"line":22,"column":4},"end":{"line":33,"column":5}},"type":"if","locations":[{"start":{"line":22,"column":4},"end":{"line":33,"column":5}},{"start":{},"end":{}}],"line":22},"3":{"loc":{"start":{"line":56,"column":4},"end":{"line":67,"column":5}},"type":"if","locations":[{"start":{"line":56,"column":4},"end":{"line":67,"column":5}},{"start":{},"end":{}}],"line":56},"4":{"loc":{"start":{"line":56,"column":8},"end":{"line":56,"column":19}},"type":"binary-expr","locations":[{"start":{"line":56,"column":8},"end":{"line":56,"column":11}},{"start":{"line":56,"column":15},"end":{"line":56,"column":19}}],"line":56},"5":{"loc":{"start":{"line":69,"column":4},"end":{"line":80,"column":5}},"type":"if","locations":[{"start":{"line":69,"column":4},"end":{"line":80,"column":5}},{"start":{},"end":{}}],"line":69},"6":{"loc":{"start":{"line":103,"column":4},"end":{"line":114,"column":5}},"type":"if","locations":[{"start":{"line":103,"column":4},"end":{"line":114,"column":5}},{"start":{},"end":{}}],"line":103},"7":{"loc":{"start":{"line":103,"column":8},"end":{"line":103,"column":19}},"type":"binary-expr","locations":[{"start":{"line":103,"column":8},"end":{"line":103,"column":11}},{"start":{"line":103,"column":15},"end":{"line":103,"column":19}}],"line":103},"8":{"loc":{"start":{"line":116,"column":4},"end":{"line":127,"column":5}},"type":"if","locations":[{"start":{"line":116,"column":4},"end":{"line":127,"column":5}},{"start":{},"end":{}}],"line":116},"9":{"loc":{"start":{"line":155,"column":4},"end":{"line":166,"column":5}},"type":"if","locations":[{"start":{"line":155,"column":4},"end":{"line":166,"column":5}},{"start":{},"end":{}}],"line":155},"10":{"loc":{"start":{"line":155,"column":8},"end":{"line":155,"column":19}},"type":"binary-expr","locations":[{"start":{"line":155,"column":8},"end":{"line":155,"column":11}},{"start":{"line":155,"column":15},"end":{"line":155,"column":19}}],"line":155},"11":{"loc":{"start":{"line":168,"column":4},"end":{"line":179,"column":5}},"type":"if","locations":[{"start":{"line":168,"column":4},"end":{"line":179,"column":5}},{"start":{},"end":{}}],"line":168},"12":{"loc":{"start":{"line":212,"column":4},"end":{"line":223,"column":5}},"type":"if","locations":[{"start":{"line":212,"column":4},"end":{"line":223,"column":5}},{"start":{},"end":{}}],"line":212},"13":{"loc":{"start":{"line":212,"column":8},"end":{"line":212,"column":19}},"type":"binary-expr","locations":[{"start":{"line":212,"column":8},"end":{"line":212,"column":11}},{"start":{"line":212,"column":15},"end":{"line":212,"column":19}}],"line":212},"14":{"loc":{"start":{"line":225,"column":4},"end":{"line":236,"column":5}},"type":"if","locations":[{"start":{"line":225,"column":4},"end":{"line":236,"column":5}},{"start":{},"end":{}}],"line":225},"15":{"loc":{"start":{"line":266,"column":4},"end":{"line":277,"column":5}},"type":"if","locations":[{"start":{"line":266,"column":4},"end":{"line":277,"column":5}},{"start":{},"end":{}}],"line":266},"16":{"loc":{"start":{"line":266,"column":8},"end":{"line":266,"column":19}},"type":"binary-expr","locations":[{"start":{"line":266,"column":8},"end":{"line":266,"column":11}},{"start":{"line":266,"column":15},"end":{"line":266,"column":19}}],"line":266},"17":{"loc":{"start":{"line":279,"column":4},"end":{"line":290,"column":5}},"type":"if","locations":[{"start":{"line":279,"column":4},"end":{"line":290,"column":5}},{"start":{},"end":{}}],"line":279},"18":{"loc":{"start":{"line":323,"column":4},"end":{"line":334,"column":5}},"type":"if","locations":[{"start":{"line":323,"column":4},"end":{"line":334,"column":5}},{"start":{},"end":{}}],"line":323},"19":{"loc":{"start":{"line":323,"column":8},"end":{"line":323,"column":19}},"type":"binary-expr","locations":[{"start":{"line":323,"column":8},"end":{"line":323,"column":11}},{"start":{"line":323,"column":15},"end":{"line":323,"column":19}}],"line":323},"20":{"loc":{"start":{"line":336,"column":4},"end":{"line":347,"column":5}},"type":"if","locations":[{"start":{"line":336,"column":4},"end":{"line":347,"column":5}},{"start":{},"end":{}}],"line":336}},"s":{"0":1,"1":1,"2":1,"3":1,"4":1,"5":0,"6":0,"7":0,"8":0,"9":0,"10":0,"11":0,"12":0,"13":0,"14":1,"15":0,"16":0,"17":0,"18":0,"19":0,"20":0,"21":0,"22":0,"23":0,"24":1,"25":0,"26":0,"27":0,"28":0,"29":0,"30":0,"31":0,"32":0,"33":0,"34":0,"35":0,"36":0,"37":0,"38":1,"39":0,"40":0,"41":0,"42":0,"43":0,"44":0,"45":0,"46":0,"47":0,"48":0,"49":0,"50":0,"51":0,"52":0,"53":0,"54":0,"55":0,"56":0,"57":1,"58":0,"59":0,"60":0,"61":0,"62":0,"63":0,"64":0,"65":0,"66":0,"67":0,"68":0,"69":0,"70":0,"71":0,"72":0,"73":1,"74":0,"75":0,"76":0,"77":0,"78":0,"79":0,"80":0,"81":0,"82":0,"83":0,"84":0,"85":0,"86":0,"87":0,"88":0,"89":0,"90":0,"91":0,"92":1,"93":0,"94":0,"95":0,"96":0,"97":0,"98":0,"99":0,"100":0,"101":0,"102":0,"103":0,"104":0,"105":0,"106":0,"107":0,"108":0,"109":1},"f":{"0":0,"1":0,"2":0,"3":0,"4":0,"5":0,"6":0},"b":{"0":[0,0],"1":[0,0],"2":[0,0],"3":[0,0],"4":[0,0],"5":[0,0],"6":[0,0],"7":[0,0],"8":[0,0],"9":[0,0],"10":[0,0],"11":[0,0],"12":[0,0],"13":[0,0],"14":[0,0],"15":[0,0],"16":[0,0],"17":[0,0],"18":[0,0],"19":[0,0],"20":[0,0]},"_coverageSchema":"1a1c01bbd47fc00a2c39e90264f33305004495a9","hash":"64ff3df9a869b4d8ddc05f23f768bcfe5a5cf420"}
,"C:\\Users\\elmco\\OneDrive\\Documentos\\GitHub\\AYD_Proy_G2\\Back\\src\\controllers\\loginAdmin.controller.js": {"path":"C:\\Users\\elmco\\OneDrive\\Documentos\\GitHub\\AYD_Proy_G2\\Back\\src\\controllers\\loginAdmin.controller.js","statementMap":{"0":{"start":{"line":1,"column":24},"end":{"line":1,"column":49}},"1":{"start":{"line":2,"column":13},"end":{"line":2,"column":28}},"2":{"start":{"line":3,"column":14},"end":{"line":3,"column":73}},"3":{"start":{"line":4,"column":15},"end":{"line":4,"column":32}},"4":{"start":{"line":5,"column":12},"end":{"line":5,"column":35}},"5":{"start":{"line":7,"column":19},"end":{"line":68,"column":1}},"6":{"start":{"line":8,"column":35},"end":{"line":8,"column":43}},"7":{"start":{"line":10,"column":4},"end":{"line":20,"column":11}},"8":{"start":{"line":11,"column":8},"end":{"line":20,"column":11}},"9":{"start":{"line":22,"column":23},"end":{"line":22,"column":78}},"10":{"start":{"line":25,"column":4},"end":{"line":64,"column":6}},"11":{"start":{"line":29,"column":12},"end":{"line":32,"column":13}},"12":{"start":{"line":30,"column":16},"end":{"line":30,"column":33}},"13":{"start":{"line":31,"column":16},"end":{"line":31,"column":83}},"14":{"start":{"line":34,"column":12},"end":{"line":49,"column":23}},"15":{"start":{"line":35,"column":16},"end":{"line":41,"column":23}},"16":{"start":{"line":42,"column":17},"end":{"line":49,"column":23}},"17":{"start":{"line":43,"column":16},"end":{"line":49,"column":23}},"18":{"start":{"line":52,"column":26},"end":{"line":58,"column":13}},"19":{"start":{"line":59,"column":12},"end":{"line":59,"column":36}},"20":{"start":{"line":60,"column":12},"end":{"line":60,"column":32}},"21":{"start":{"line":62,"column":12},"end":{"line":62,"column":44}},"22":{"start":{"line":70,"column":0},"end":{"line":72,"column":1}}},"fnMap":{"0":{"name":"(anonymous_0)","decl":{"start":{"line":7,"column":19},"end":{"line":7,"column":20}},"loc":{"start":{"line":7,"column":39},"end":{"line":68,"column":1}},"line":7},"1":{"name":"(anonymous_1)","decl":{"start":{"line":28,"column":8},"end":{"line":28,"column":9}},"loc":{"start":{"line":28,"column":31},"end":{"line":63,"column":9}},"line":28}},"branchMap":{"0":{"loc":{"start":{"line":10,"column":4},"end":{"line":20,"column":11}},"type":"if","locations":[{"start":{"line":10,"column":4},"end":{"line":20,"column":11}},{"start":{},"end":{}}],"line":10},"1":{"loc":{"start":{"line":10,"column":8},"end":{"line":10,"column":30}},"type":"binary-expr","locations":[{"start":{"line":10,"column":8},"end":{"line":10,"column":17}},{"start":{"line":10,"column":21},"end":{"line":10,"column":30}}],"line":10},"2":{"loc":{"start":{"line":29,"column":12},"end":{"line":32,"column":13}},"type":"if","locations":[{"start":{"line":29,"column":12},"end":{"line":32,"column":13}},{"start":{},"end":{}}],"line":29},"3":{"loc":{"start":{"line":34,"column":12},"end":{"line":49,"column":23}},"type":"if","locations":[{"start":{"line":34,"column":12},"end":{"line":49,"column":23}},{"start":{"line":42,"column":17},"end":{"line":49,"column":23}}],"line":34},"4":{"loc":{"start":{"line":42,"column":17},"end":{"line":49,"column":23}},"type":"if","locations":[{"start":{"line":42,"column":17},"end":{"line":49,"column":23}},{"start":{},"end":{}}],"line":42}},"s":{"0":1,"1":1,"2":1,"3":1,"4":1,"5":1,"6":4,"7":4,"8":1,"9":3,"10":3,"11":3,"12":0,"13":0,"14":3,"15":1,"16":2,"17":1,"18":1,"19":1,"20":1,"21":1,"22":1},"f":{"0":4,"1":3},"b":{"0":[1,3],"1":[4,3],"2":[0,3],"3":[1,2],"4":[1,1]},"_coverageSchema":"1a1c01bbd47fc00a2c39e90264f33305004495a9","hash":"040447da6fda1e7c36ab66ad13f5ecb764b4ab45"}
,"C:\\Users\\elmco\\OneDrive\\Documentos\\GitHub\\AYD_Proy_G2\\Back\\src\\controllers\\loginEmpresa.controller.js": {"path":"C:\\Users\\elmco\\OneDrive\\Documentos\\GitHub\\AYD_Proy_G2\\Back\\src\\controllers\\loginEmpresa.controller.js","statementMap":{"0":{"start":{"line":1,"column":24},"end":{"line":1,"column":49}},"1":{"start":{"line":2,"column":13},"end":{"line":2,"column":28}},"2":{"start":{"line":3,"column":14},"end":{"line":3,"column":73}},"3":{"start":{"line":4,"column":15},"end":{"line":4,"column":32}},"4":{"start":{"line":5,"column":12},"end":{"line":5,"column":35}},"5":{"start":{"line":7,"column":21},"end":{"line":95,"column":1}},"6":{"start":{"line":8,"column":35},"end":{"line":8,"column":43}},"7":{"start":{"line":10,"column":4},"end":{"line":20,"column":11}},"8":{"start":{"line":11,"column":8},"end":{"line":20,"column":11}},"9":{"start":{"line":22,"column":23},"end":{"line":22,"column":78}},"10":{"start":{"line":26,"column":19},"end":{"line":26,"column":86}},"11":{"start":{"line":28,"column":4},"end":{"line":47,"column":5}},"12":{"start":{"line":30,"column":8},"end":{"line":38,"column":9}},"13":{"start":{"line":31,"column":12},"end":{"line":37,"column":19}},"14":{"start":{"line":40,"column":8},"end":{"line":46,"column":15}},"15":{"start":{"line":51,"column":20},"end":{"line":51,"column":94}},"16":{"start":{"line":53,"column":4},"end":{"line":94,"column":5}},"17":{"start":{"line":55,"column":8},"end":{"line":85,"column":9}},"18":{"start":{"line":56,"column":12},"end":{"line":62,"column":19}},"19":{"start":{"line":63,"column":15},"end":{"line":85,"column":9}},"20":{"start":{"line":64,"column":12},"end":{"line":70,"column":19}},"21":{"start":{"line":74,"column":26},"end":{"line":80,"column":13}},"22":{"start":{"line":81,"column":12},"end":{"line":81,"column":37}},"23":{"start":{"line":82,"column":12},"end":{"line":82,"column":32}},"24":{"start":{"line":83,"column":12},"end":{"line":83,"column":52}},"25":{"start":{"line":87,"column":8},"end":{"line":93,"column":15}},"26":{"start":{"line":97,"column":0},"end":{"line":99,"column":1}}},"fnMap":{"0":{"name":"(anonymous_0)","decl":{"start":{"line":7,"column":21},"end":{"line":7,"column":22}},"loc":{"start":{"line":7,"column":41},"end":{"line":95,"column":1}},"line":7}},"branchMap":{"0":{"loc":{"start":{"line":10,"column":4},"end":{"line":20,"column":11}},"type":"if","locations":[{"start":{"line":10,"column":4},"end":{"line":20,"column":11}},{"start":{},"end":{}}],"line":10},"1":{"loc":{"start":{"line":10,"column":8},"end":{"line":10,"column":30}},"type":"binary-expr","locations":[{"start":{"line":10,"column":8},"end":{"line":10,"column":17}},{"start":{"line":10,"column":21},"end":{"line":10,"column":30}}],"line":10},"2":{"loc":{"start":{"line":30,"column":8},"end":{"line":38,"column":9}},"type":"if","locations":[{"start":{"line":30,"column":8},"end":{"line":38,"column":9}},{"start":{},"end":{}}],"line":30},"3":{"loc":{"start":{"line":55,"column":8},"end":{"line":85,"column":9}},"type":"if","locations":[{"start":{"line":55,"column":8},"end":{"line":85,"column":9}},{"start":{"line":63,"column":15},"end":{"line":85,"column":9}}],"line":55},"4":{"loc":{"start":{"line":63,"column":15},"end":{"line":85,"column":9}},"type":"if","locations":[{"start":{"line":63,"column":15},"end":{"line":85,"column":9}},{"start":{"line":71,"column":15},"end":{"line":85,"column":9}}],"line":63}},"s":{"0":1,"1":1,"2":1,"3":1,"4":1,"5":1,"6":6,"7":6,"8":1,"9":5,"10":5,"11":5,"12":5,"13":1,"14":1,"15":3,"16":3,"17":3,"18":1,"19":2,"20":1,"21":1,"22":1,"23":1,"24":1,"25":0,"26":1},"f":{"0":6},"b":{"0":[1,5],"1":[6,5],"2":[1,3],"3":[1,2],"4":[1,1]},"_coverageSchema":"1a1c01bbd47fc00a2c39e90264f33305004495a9","hash":"ae923f661ccaf2045fe3e888a44177b79496f7a9"}
,"C:\\Users\\elmco\\OneDrive\\Documentos\\GitHub\\AYD_Proy_G2\\Back\\src\\controllers\\loginRepar.controller.js": {"path":"C:\\Users\\elmco\\OneDrive\\Documentos\\GitHub\\AYD_Proy_G2\\Back\\src\\controllers\\loginRepar.controller.js","statementMap":{"0":{"start":{"line":1,"column":24},"end":{"line":1,"column":49}},"1":{"start":{"line":2,"column":13},"end":{"line":2,"column":28}},"2":{"start":{"line":3,"column":14},"end":{"line":3,"column":73}},"3":{"start":{"line":4,"column":15},"end":{"line":4,"column":32}},"4":{"start":{"line":5,"column":12},"end":{"line":5,"column":35}},"5":{"start":{"line":7,"column":19},"end":{"line":92,"column":1}},"6":{"start":{"line":8,"column":35},"end":{"line":8,"column":43}},"7":{"start":{"line":10,"column":4},"end":{"line":20,"column":11}},"8":{"start":{"line":11,"column":8},"end":{"line":20,"column":11}},"9":{"start":{"line":22,"column":23},"end":{"line":22,"column":78}},"10":{"start":{"line":25,"column":19},"end":{"line":25,"column":86}},"11":{"start":{"line":27,"column":4},"end":{"line":46,"column":5}},"12":{"start":{"line":29,"column":8},"end":{"line":37,"column":9}},"13":{"start":{"line":30,"column":12},"end":{"line":36,"column":19}},"14":{"start":{"line":39,"column":8},"end":{"line":45,"column":15}},"15":{"start":{"line":49,"column":22},"end":{"line":49,"column":99}},"16":{"start":{"line":51,"column":4},"end":{"line":90,"column":5}},"17":{"start":{"line":53,"column":8},"end":{"line":81,"column":9}},"18":{"start":{"line":54,"column":12},"end":{"line":60,"column":19}},"19":{"start":{"line":61,"column":15},"end":{"line":81,"column":9}},"20":{"start":{"line":62,"column":12},"end":{"line":68,"column":19}},"21":{"start":{"line":71,"column":26},"end":{"line":77,"column":13}},"22":{"start":{"line":78,"column":12},"end":{"line":78,"column":39}},"23":{"start":{"line":79,"column":12},"end":{"line":79,"column":34}},"24":{"start":{"line":80,"column":12},"end":{"line":80,"column":54}},"25":{"start":{"line":83,"column":8},"end":{"line":89,"column":15}},"26":{"start":{"line":94,"column":0},"end":{"line":96,"column":1}}},"fnMap":{"0":{"name":"(anonymous_0)","decl":{"start":{"line":7,"column":19},"end":{"line":7,"column":20}},"loc":{"start":{"line":7,"column":39},"end":{"line":92,"column":1}},"line":7}},"branchMap":{"0":{"loc":{"start":{"line":10,"column":4},"end":{"line":20,"column":11}},"type":"if","locations":[{"start":{"line":10,"column":4},"end":{"line":20,"column":11}},{"start":{},"end":{}}],"line":10},"1":{"loc":{"start":{"line":10,"column":8},"end":{"line":10,"column":30}},"type":"binary-expr","locations":[{"start":{"line":10,"column":8},"end":{"line":10,"column":17}},{"start":{"line":10,"column":21},"end":{"line":10,"column":30}}],"line":10},"2":{"loc":{"start":{"line":29,"column":8},"end":{"line":37,"column":9}},"type":"if","locations":[{"start":{"line":29,"column":8},"end":{"line":37,"column":9}},{"start":{},"end":{}}],"line":29},"3":{"loc":{"start":{"line":53,"column":8},"end":{"line":81,"column":9}},"type":"if","locations":[{"start":{"line":53,"column":8},"end":{"line":81,"column":9}},{"start":{"line":61,"column":15},"end":{"line":81,"column":9}}],"line":53},"4":{"loc":{"start":{"line":61,"column":15},"end":{"line":81,"column":9}},"type":"if","locations":[{"start":{"line":61,"column":15},"end":{"line":81,"column":9}},{"start":{"line":69,"column":15},"end":{"line":81,"column":9}}],"line":61}},"s":{"0":1,"1":1,"2":1,"3":1,"4":1,"5":1,"6":0,"7":0,"8":0,"9":0,"10":0,"11":0,"12":0,"13":0,"14":0,"15":0,"16":0,"17":0,"18":0,"19":0,"20":0,"21":0,"22":0,"23":0,"24":0,"25":0,"26":1},"f":{"0":0},"b":{"0":[0,0],"1":[0,0],"2":[0,0],"3":[0,0],"4":[0,0]},"_coverageSchema":"1a1c01bbd47fc00a2c39e90264f33305004495a9","hash":"2d2d51e4f90c59f05af354af4ceaec83e93b1efa"}
,"C:\\Users\\elmco\\OneDrive\\Documentos\\GitHub\\AYD_Proy_G2\\Back\\src\\controllers\\loginUser.controller.js": {"path":"C:\\Users\\elmco\\OneDrive\\Documentos\\GitHub\\AYD_Proy_G2\\Back\\src\\controllers\\loginUser.controller.js","statementMap":{"0":{"start":{"line":1,"column":24},"end":{"line":1,"column":49}},"1":{"start":{"line":2,"column":13},"end":{"line":2,"column":28}},"2":{"start":{"line":3,"column":14},"end":{"line":3,"column":73}},"3":{"start":{"line":4,"column":15},"end":{"line":4,"column":32}},"4":{"start":{"line":5,"column":12},"end":{"line":5,"column":35}},"5":{"start":{"line":7,"column":18},"end":{"line":68,"column":1}},"6":{"start":{"line":8,"column":35},"end":{"line":8,"column":43}},"7":{"start":{"line":10,"column":4},"end":{"line":20,"column":11}},"8":{"start":{"line":11,"column":8},"end":{"line":20,"column":11}},"9":{"start":{"line":22,"column":23},"end":{"line":22,"column":78}},"10":{"start":{"line":25,"column":4},"end":{"line":64,"column":6}},"11":{"start":{"line":29,"column":12},"end":{"line":32,"column":13}},"12":{"start":{"line":30,"column":16},"end":{"line":30,"column":33}},"13":{"start":{"line":31,"column":16},"end":{"line":31,"column":82}},"14":{"start":{"line":34,"column":12},"end":{"line":49,"column":23}},"15":{"start":{"line":35,"column":16},"end":{"line":41,"column":23}},"16":{"start":{"line":42,"column":17},"end":{"line":49,"column":23}},"17":{"start":{"line":43,"column":16},"end":{"line":49,"column":23}},"18":{"start":{"line":52,"column":26},"end":{"line":58,"column":13}},"19":{"start":{"line":59,"column":12},"end":{"line":59,"column":36}},"20":{"start":{"line":60,"column":12},"end":{"line":60,"column":31}},"21":{"start":{"line":62,"column":12},"end":{"line":62,"column":44}},"22":{"start":{"line":71,"column":21},"end":{"line":129,"column":1}},"23":{"start":{"line":72,"column":24},"end":{"line":72,"column":33}},"24":{"start":{"line":74,"column":4},"end":{"line":85,"column":5}},"25":{"start":{"line":75,"column":8},"end":{"line":84,"column":11}},"26":{"start":{"line":87,"column":4},"end":{"line":98,"column":5}},"27":{"start":{"line":88,"column":8},"end":{"line":97,"column":11}},"28":{"start":{"line":100,"column":31},"end":{"line":100,"column":39}},"29":{"start":{"line":101,"column":4},"end":{"line":127,"column":5}},"30":{"start":{"line":102,"column":8},"end":{"line":116,"column":9}},"31":{"start":{"line":104,"column":12},"end":{"line":104,"column":151}},"32":{"start":{"line":105,"column":12},"end":{"line":108,"column":15}},"33":{"start":{"line":111,"column":12},"end":{"line":111,"column":160}},"34":{"start":{"line":112,"column":12},"end":{"line":115,"column":15}},"35":{"start":{"line":118,"column":8},"end":{"line":126,"column":11}},"36":{"start":{"line":132,"column":19},"end":{"line":182,"column":1}},"37":{"start":{"line":133,"column":24},"end":{"line":133,"column":33}},"38":{"start":{"line":135,"column":4},"end":{"line":146,"column":5}},"39":{"start":{"line":136,"column":8},"end":{"line":145,"column":11}},"40":{"start":{"line":148,"column":4},"end":{"line":159,"column":5}},"41":{"start":{"line":149,"column":8},"end":{"line":158,"column":11}},"42":{"start":{"line":161,"column":35},"end":{"line":161,"column":43}},"43":{"start":{"line":162,"column":4},"end":{"line":180,"column":5}},"44":{"start":{"line":164,"column":8},"end":{"line":164,"column":166}},"45":{"start":{"line":165,"column":8},"end":{"line":168,"column":11}},"46":{"start":{"line":171,"column":8},"end":{"line":179,"column":11}},"47":{"start":{"line":186,"column":0},"end":{"line":190,"column":1}}},"fnMap":{"0":{"name":"(anonymous_0)","decl":{"start":{"line":7,"column":18},"end":{"line":7,"column":19}},"loc":{"start":{"line":7,"column":38},"end":{"line":68,"column":1}},"line":7},"1":{"name":"(anonymous_1)","decl":{"start":{"line":28,"column":8},"end":{"line":28,"column":9}},"loc":{"start":{"line":28,"column":31},"end":{"line":63,"column":9}},"line":28},"2":{"name":"(anonymous_2)","decl":{"start":{"line":71,"column":21},"end":{"line":71,"column":22}},"loc":{"start":{"line":71,"column":41},"end":{"line":129,"column":1}},"line":71},"3":{"name":"(anonymous_3)","decl":{"start":{"line":132,"column":19},"end":{"line":132,"column":20}},"loc":{"start":{"line":132,"column":39},"end":{"line":182,"column":1}},"line":132}},"branchMap":{"0":{"loc":{"start":{"line":10,"column":4},"end":{"line":20,"column":11}},"type":"if","locations":[{"start":{"line":10,"column":4},"end":{"line":20,"column":11}},{"start":{},"end":{}}],"line":10},"1":{"loc":{"start":{"line":10,"column":8},"end":{"line":10,"column":30}},"type":"binary-expr","locations":[{"start":{"line":10,"column":8},"end":{"line":10,"column":17}},{"start":{"line":10,"column":21},"end":{"line":10,"column":30}}],"line":10},"2":{"loc":{"start":{"line":29,"column":12},"end":{"line":32,"column":13}},"type":"if","locations":[{"start":{"line":29,"column":12},"end":{"line":32,"column":13}},{"start":{},"end":{}}],"line":29},"3":{"loc":{"start":{"line":34,"column":12},"end":{"line":49,"column":23}},"type":"if","locations":[{"start":{"line":34,"column":12},"end":{"line":49,"column":23}},{"start":{"line":42,"column":17},"end":{"line":49,"column":23}}],"line":34},"4":{"loc":{"start":{"line":42,"column":17},"end":{"line":49,"column":23}},"type":"if","locations":[{"start":{"line":42,"column":17},"end":{"line":49,"column":23}},{"start":{},"end":{}}],"line":42},"5":{"loc":{"start":{"line":74,"column":4},"end":{"line":85,"column":5}},"type":"if","locations":[{"start":{"line":74,"column":4},"end":{"line":85,"column":5}},{"start":{},"end":{}}],"line":74},"6":{"loc":{"start":{"line":74,"column":8},"end":{"line":74,"column":19}},"type":"binary-expr","locations":[{"start":{"line":74,"column":8},"end":{"line":74,"column":11}},{"start":{"line":74,"column":15},"end":{"line":74,"column":19}}],"line":74},"7":{"loc":{"start":{"line":87,"column":4},"end":{"line":98,"column":5}},"type":"if","locations":[{"start":{"line":87,"column":4},"end":{"line":98,"column":5}},{"start":{},"end":{}}],"line":87},"8":{"loc":{"start":{"line":87,"column":8},"end":{"line":87,"column":47}},"type":"binary-expr","locations":[{"start":{"line":87,"column":8},"end":{"line":87,"column":24}},{"start":{"line":87,"column":28},"end":{"line":87,"column":47}}],"line":87},"9":{"loc":{"start":{"line":102,"column":8},"end":{"line":116,"column":9}},"type":"if","locations":[{"start":{"line":102,"column":8},"end":{"line":116,"column":9}},{"start":{"line":109,"column":15},"end":{"line":116,"column":9}}],"line":102},"10":{"loc":{"start":{"line":135,"column":4},"end":{"line":146,"column":5}},"type":"if","locations":[{"start":{"line":135,"column":4},"end":{"line":146,"column":5}},{"start":{},"end":{}}],"line":135},"11":{"loc":{"start":{"line":135,"column":8},"end":{"line":135,"column":19}},"type":"binary-expr","locations":[{"start":{"line":135,"column":8},"end":{"line":135,"column":11}},{"start":{"line":135,"column":15},"end":{"line":135,"column":19}}],"line":135},"12":{"loc":{"start":{"line":148,"column":4},"end":{"line":159,"column":5}},"type":"if","locations":[{"start":{"line":148,"column":4},"end":{"line":159,"column":5}},{"start":{},"end":{}}],"line":148}},"s":{"0":1,"1":1,"2":1,"3":1,"4":1,"5":1,"6":1,"7":1,"8":0,"9":1,"10":1,"11":1,"12":0,"13":0,"14":1,"15":0,"16":1,"17":0,"18":1,"19":1,"20":1,"21":1,"22":1,"23":0,"24":0,"25":0,"26":0,"27":0,"28":0,"29":0,"30":0,"31":0,"32":0,"33":0,"34":0,"35":0,"36":1,"37":0,"38":0,"39":0,"40":0,"41":0,"42":0,"43":0,"44":0,"45":0,"46":0,"47":1},"f":{"0":1,"1":1,"2":0,"3":0},"b":{"0":[0,1],"1":[1,1],"2":[0,1],"3":[0,1],"4":[0,1],"5":[0,0],"6":[0,0],"7":[0,0],"8":[0,0],"9":[0,0],"10":[0,0],"11":[0,0],"12":[0,0]},"_coverageSchema":"1a1c01bbd47fc00a2c39e90264f33305004495a9","hash":"86579389ea0a31c49d3c94f42231fa3857cdc728"}
,"C:\\Users\\elmco\\OneDrive\\Documentos\\GitHub\\AYD_Proy_G2\\Back\\src\\controllers\\miPerfil.controller.js": {"path":"C:\\Users\\elmco\\OneDrive\\Documentos\\GitHub\\AYD_Proy_G2\\Back\\src\\controllers\\miPerfil.controller.js","statementMap":{"0":{"start":{"line":1,"column":24},"end":{"line":1,"column":49}},"1":{"start":{"line":2,"column":13},"end":{"line":2,"column":28}},"2":{"start":{"line":3,"column":14},"end":{"line":3,"column":73}},"3":{"start":{"line":4,"column":15},"end":{"line":4,"column":32}},"4":{"start":{"line":6,"column":17},"end":{"line":51,"column":1}},"5":{"start":{"line":7,"column":24},"end":{"line":7,"column":33}},"6":{"start":{"line":9,"column":4},"end":{"line":20,"column":5}},"7":{"start":{"line":10,"column":8},"end":{"line":19,"column":11}},"8":{"start":{"line":22,"column":4},"end":{"line":33,"column":5}},"9":{"start":{"line":23,"column":8},"end":{"line":32,"column":11}},"10":{"start":{"line":34,"column":4},"end":{"line":49,"column":5}},"11":{"start":{"line":36,"column":27},"end":{"line":36,"column":94}},"12":{"start":{"line":37,"column":8},"end":{"line":37,"column":41}},"13":{"start":{"line":39,"column":8},"end":{"line":48,"column":11}},"14":{"start":{"line":54,"column":0},"end":{"line":56,"column":1}}},"fnMap":{"0":{"name":"(anonymous_0)","decl":{"start":{"line":6,"column":17},"end":{"line":6,"column":18}},"loc":{"start":{"line":6,"column":37},"end":{"line":51,"column":1}},"line":6}},"branchMap":{"0":{"loc":{"start":{"line":9,"column":4},"end":{"line":20,"column":5}},"type":"if","locations":[{"start":{"line":9,"column":4},"end":{"line":20,"column":5}},{"start":{},"end":{}}],"line":9},"1":{"loc":{"start":{"line":9,"column":8},"end":{"line":9,"column":19}},"type":"binary-expr","locations":[{"start":{"line":9,"column":8},"end":{"line":9,"column":11}},{"start":{"line":9,"column":15},"end":{"line":9,"column":19}}],"line":9},"2":{"loc":{"start":{"line":22,"column":4},"end":{"line":33,"column":5}},"type":"if","locations":[{"start":{"line":22,"column":4},"end":{"line":33,"column":5}},{"start":{},"end":{}}],"line":22}},"s":{"0":1,"1":1,"2":1,"3":1,"4":1,"5":0,"6":0,"7":0,"8":0,"9":0,"10":0,"11":0,"12":0,"13":0,"14":1},"f":{"0":0},"b":{"0":[0,0],"1":[0,0],"2":[0,0]},"_coverageSchema":"1a1c01bbd47fc00a2c39e90264f33305004495a9","hash":"ba139a792eaab8c2dc4536768781ed545d2b417c"}
,"C:\\Users\\elmco\\OneDrive\\Documentos\\GitHub\\AYD_Proy_G2\\Back\\src\\controllers\\pedido.controller.js": {"path":"C:\\Users\\elmco\\OneDrive\\Documentos\\GitHub\\AYD_Proy_G2\\Back\\src\\controllers\\pedido.controller.js","statementMap":{"0":{"start":{"line":1,"column":24},"end":{"line":1,"column":49}},"1":{"start":{"line":2,"column":13},"end":{"line":2,"column":28}},"2":{"start":{"line":3,"column":14},"end":{"line":3,"column":73}},"3":{"start":{"line":4,"column":15},"end":{"line":4,"column":32}},"4":{"start":{"line":8,"column":22},"end":{"line":107,"column":1}},"5":{"start":{"line":9,"column":24},"end":{"line":9,"column":33}},"6":{"start":{"line":11,"column":4},"end":{"line":22,"column":5}},"7":{"start":{"line":12,"column":8},"end":{"line":21,"column":11}},"8":{"start":{"line":24,"column":4},"end":{"line":35,"column":5}},"9":{"start":{"line":25,"column":8},"end":{"line":34,"column":11}},"10":{"start":{"line":37,"column":43},"end":{"line":37,"column":51}},"11":{"start":{"line":38,"column":4},"end":{"line":105,"column":5}},"12":{"start":{"line":40,"column":26},"end":{"line":40,"column":36}},"13":{"start":{"line":42,"column":31},"end":{"line":42,"column":85}},"14":{"start":{"line":44,"column":8},"end":{"line":44,"column":198}},"15":{"start":{"line":46,"column":25},"end":{"line":46,"column":77}},"16":{"start":{"line":48,"column":27},"end":{"line":48,"column":28}},"17":{"start":{"line":50,"column":8},"end":{"line":66,"column":11}},"18":{"start":{"line":52,"column":12},"end":{"line":64,"column":13}},"19":{"start":{"line":52,"column":25},"end":{"line":52,"column":26}},"20":{"start":{"line":54,"column":16},"end":{"line":63,"column":18}},"21":{"start":{"line":58,"column":24},"end":{"line":61,"column":25}},"22":{"start":{"line":59,"column":28},"end":{"line":59,"column":45}},"23":{"start":{"line":60,"column":28},"end":{"line":60,"column":94}},"24":{"start":{"line":65,"column":12},"end":{"line":65,"column":43}},"25":{"start":{"line":77,"column":8},"end":{"line":88,"column":9}},"26":{"start":{"line":79,"column":24},"end":{"line":79,"column":74}},"27":{"start":{"line":80,"column":12},"end":{"line":80,"column":70}},"28":{"start":{"line":82,"column":26},"end":{"line":82,"column":78}},"29":{"start":{"line":83,"column":12},"end":{"line":83,"column":37}},"30":{"start":{"line":86,"column":24},"end":{"line":86,"column":74}},"31":{"start":{"line":87,"column":12},"end":{"line":87,"column":63}},"32":{"start":{"line":90,"column":8},"end":{"line":93,"column":11}},"33":{"start":{"line":96,"column":8},"end":{"line":104,"column":11}},"34":{"start":{"line":110,"column":20},"end":{"line":157,"column":1}},"35":{"start":{"line":111,"column":24},"end":{"line":111,"column":33}},"36":{"start":{"line":112,"column":4},"end":{"line":112,"column":44}},"37":{"start":{"line":113,"column":4},"end":{"line":113,"column":26}},"38":{"start":{"line":114,"column":4},"end":{"line":125,"column":5}},"39":{"start":{"line":115,"column":8},"end":{"line":124,"column":11}},"40":{"start":{"line":127,"column":4},"end":{"line":138,"column":5}},"41":{"start":{"line":128,"column":8},"end":{"line":137,"column":11}},"42":{"start":{"line":140,"column":4},"end":{"line":155,"column":5}},"43":{"start":{"line":143,"column":25},"end":{"line":143,"column":170}},"44":{"start":{"line":144,"column":8},"end":{"line":144,"column":39}},"45":{"start":{"line":146,"column":8},"end":{"line":154,"column":11}},"46":{"start":{"line":160,"column":16},"end":{"line":217,"column":1}},"47":{"start":{"line":161,"column":24},"end":{"line":161,"column":33}},"48":{"start":{"line":162,"column":4},"end":{"line":162,"column":41}},"49":{"start":{"line":163,"column":4},"end":{"line":163,"column":26}},"50":{"start":{"line":164,"column":4},"end":{"line":175,"column":5}},"51":{"start":{"line":165,"column":8},"end":{"line":174,"column":11}},"52":{"start":{"line":177,"column":4},"end":{"line":188,"column":5}},"53":{"start":{"line":178,"column":8},"end":{"line":187,"column":11}},"54":{"start":{"line":189,"column":22},"end":{"line":189,"column":30}},"55":{"start":{"line":190,"column":4},"end":{"line":215,"column":5}},"56":{"start":{"line":192,"column":21},"end":{"line":192,"column":151}},"57":{"start":{"line":193,"column":8},"end":{"line":193,"column":35}},"58":{"start":{"line":194,"column":8},"end":{"line":194,"column":76}},"59":{"start":{"line":195,"column":8},"end":{"line":195,"column":58}},"60":{"start":{"line":196,"column":8},"end":{"line":196,"column":43}},"61":{"start":{"line":197,"column":8},"end":{"line":197,"column":26}},"62":{"start":{"line":198,"column":8},"end":{"line":198,"column":178}},"63":{"start":{"line":199,"column":8},"end":{"line":199,"column":35}},"64":{"start":{"line":200,"column":8},"end":{"line":200,"column":76}},"65":{"start":{"line":201,"column":8},"end":{"line":201,"column":61}},"66":{"start":{"line":202,"column":8},"end":{"line":202,"column":43}},"67":{"start":{"line":203,"column":21},"end":{"line":203,"column":55}},"68":{"start":{"line":204,"column":8},"end":{"line":204,"column":35}},"69":{"start":{"line":206,"column":8},"end":{"line":214,"column":11}},"70":{"start":{"line":220,"column":22},"end":{"line":265,"column":1}},"71":{"start":{"line":221,"column":24},"end":{"line":221,"column":33}},"72":{"start":{"line":223,"column":4},"end":{"line":234,"column":5}},"73":{"start":{"line":224,"column":8},"end":{"line":233,"column":11}},"74":{"start":{"line":236,"column":4},"end":{"line":247,"column":5}},"75":{"start":{"line":237,"column":8},"end":{"line":246,"column":11}},"76":{"start":{"line":248,"column":22},"end":{"line":248,"column":30}},"77":{"start":{"line":249,"column":4},"end":{"line":263,"column":5}},"78":{"start":{"line":251,"column":25},"end":{"line":251,"column":120}},"79":{"start":{"line":252,"column":8},"end":{"line":252,"column":39}},"80":{"start":{"line":254,"column":8},"end":{"line":262,"column":11}},"81":{"start":{"line":268,"column":20},"end":{"line":320,"column":1}},"82":{"start":{"line":269,"column":24},"end":{"line":269,"column":33}},"83":{"start":{"line":271,"column":4},"end":{"line":282,"column":5}},"84":{"start":{"line":272,"column":8},"end":{"line":281,"column":11}},"85":{"start":{"line":284,"column":4},"end":{"line":295,"column":5}},"86":{"start":{"line":285,"column":8},"end":{"line":294,"column":11}},"87":{"start":{"line":297,"column":30},"end":{"line":297,"column":38}},"88":{"start":{"line":299,"column":4},"end":{"line":318,"column":5}},"89":{"start":{"line":301,"column":23},"end":{"line":301,"column":133}},"90":{"start":{"line":302,"column":8},"end":{"line":302,"column":38}},"91":{"start":{"line":303,"column":8},"end":{"line":303,"column":74}},"92":{"start":{"line":304,"column":8},"end":{"line":304,"column":54}},"93":{"start":{"line":305,"column":8},"end":{"line":305,"column":76}},"94":{"start":{"line":306,"column":25},"end":{"line":306,"column":63}},"95":{"start":{"line":307,"column":8},"end":{"line":307,"column":39}},"96":{"start":{"line":309,"column":8},"end":{"line":317,"column":11}},"97":{"start":{"line":323,"column":24},"end":{"line":370,"column":1}},"98":{"start":{"line":324,"column":24},"end":{"line":324,"column":33}},"99":{"start":{"line":326,"column":4},"end":{"line":337,"column":5}},"100":{"start":{"line":327,"column":8},"end":{"line":336,"column":11}},"101":{"start":{"line":339,"column":4},"end":{"line":350,"column":5}},"102":{"start":{"line":340,"column":8},"end":{"line":349,"column":11}},"103":{"start":{"line":352,"column":4},"end":{"line":368,"column":5}},"104":{"start":{"line":354,"column":24},"end":{"line":354,"column":95}},"105":{"start":{"line":356,"column":8},"end":{"line":356,"column":38}},"106":{"start":{"line":358,"column":8},"end":{"line":367,"column":11}},"107":{"start":{"line":373,"column":18},"end":{"line":419,"column":1}},"108":{"start":{"line":374,"column":24},"end":{"line":374,"column":33}},"109":{"start":{"line":376,"column":4},"end":{"line":387,"column":5}},"110":{"start":{"line":377,"column":8},"end":{"line":386,"column":11}},"111"
[...]
,"C:\\Users\\elmco\\OneDrive\\Documentos\\GitHub\\AYD_Proy_G2\\Back\\src\\routes\\agregarProducto.route.js": {"path":"C:\\Users\\elmco\\OneDrive\\Documentos\\GitHub\\AYD_Proy_G2\\Back\\src\\routes\\agregarProducto.route.js","statementMap":{"0":{"start":{"line":1,"column":17},"end":{"line":1,"column":35}},"1":{"start":{"line":2,"column":15},"end":{"line":2,"column":23}},"2":{"start":{"line":3,"column":15},"end":{"line":3,"column":32}},"3":{"start":{"line":4,"column":23},"end":{"line":4,"column":64}},"4":{"start":{"line":5,"column":19},"end":{"line":5,"column":55}},"5":{"start":{"line":6,"column":20},"end":{"line":6,"column":57}},"6":{"start":{"line":7,"column":22},"end":{"line":7,"column":60}},"7":{"start":{"line":10,"column":16},"end":{"line":17,"column":2}},"8":{"start":{"line":12,"column":6},"end":{"line":12,"column":27}},"9":{"start":{"line":15,"column":6},"end":{"line":15,"column":53}},"10":{"start":{"line":19,"column":15},"end":{"line":19,"column":43}},"11":{"start":{"line":21,"column":0},"end":{"line":21,"column":87}},"12":{"start":{"line":25,"column":0},"end":{"line":25,"column":65}},"13":{"start":{"line":26,"column":0},"end":{"line":26,"column":70}},"14":{"start":{"line":27,"column":0},"end":{"line":27,"column":72}},"15":{"start":{"line":36,"column":0},"end":{"line":36,"column":71}},"16":{"start":{"line":37,"column":0},"end":{"line":37,"column":54}},"17":{"start":{"line":38,"column":0},"end":{"line":38,"column":23}}},"fnMap":{"0":{"name":"(anonymous_0)","decl":{"start":{"line":11,"column":17},"end":{"line":11,"column":18}},"loc":{"start":{"line":11,"column":41},"end":{"line":13,"column":5}},"line":11},"1":{"name":"(anonymous_1)","decl":{"start":{"line":14,"column":14},"end":{"line":14,"column":15}},"loc":{"start":{"line":14,"column":38},"end":{"line":16,"column":5}},"line":14}},"branchMap":{},"s":{"0":1,"1":1,"2":1,"3":1,"4":1,"5":1,"6":1,"7":1,"8":8,"9":8,"10":1,"11":1,"12":1,"13":1,"14":1,"15":1,"16":1,"17":1},"f":{"0":8,"1":8},"b":{},"_coverageSchema":"1a1c01bbd47fc00a2c39e90264f33305004495a9","hash":"ca11800e7c124191442b0b4f07f7ba67454d20ae"}
,"C:\\Users\\elmco\\OneDrive\\Documentos\\GitHub\\AYD_Proy_G2\\Back\\src\\routes\\calificar.route.js": {"path":"C:\\Users\\elmco\\OneDrive\\Documentos\\GitHub\\AYD_Proy_G2\\Back\\src\\routes\\calificar.route.js","statementMap":{"0":{"start":{"line":1,"column":17},"end":{"line":1,"column":35}},"1":{"start":{"line":2,"column":15},"end":{"line":2,"column":23}},"2":{"start":{"line":4,"column":24},"end":{"line":4,"column":70}},"3":{"start":{"line":5,"column":20},"end":{"line":5,"column":57}},"4":{"start":{"line":6,"column":0},"end":{"line":6,"column":71}},"5":{"start":{"line":9,"column":0},"end":{"line":9,"column":23}}},"fnMap":{},"branchMap":{},"s":{"0":1,"1":1,"2":1,"3":1,"4":1,"5":1},"f":{},"b":{},"_coverageSchema":"1a1c01bbd47fc00a2c39e90264f33305004495a9","hash":"aec2563e18f37c05b46f646fbbedddd7e5c7c648"}
,"C:\\Users\\elmco\\OneDrive\\Documentos\\GitHub\\AYD_Proy_G2\\Back\\src\\routes\\createEmpresa.route.js": {"path":"C:\\Users\\elmco\\OneDrive\\Documentos\\GitHub\\AYD_Proy_G2\\Back\\src\\routes\\createEmpresa.route.js","statementMap":{"0":{"start":{"line":1,"column":17},"end":{"line":1,"column":35}},"1":{"start":{"line":2,"column":15},"end":{"line":2,"column":23}},"2":{"start":{"line":3,"column":15},"end":{"line":3,"column":32}},"3":{"start":{"line":4,"column":23},"end":{"line":4,"column":73}},"4":{"start":{"line":5,"column":20},"end":{"line":5,"column":57}},"5":{"start":{"line":8,"column":16},"end":{"line":15,"column":2}},"6":{"start":{"line":10,"column":6},"end":{"line":10,"column":27}},"7":{"start":{"line":13,"column":6},"end":{"line":13,"column":53}},"8":{"start":{"line":17,"column":15},"end":{"line":17,"column":43}},"9":{"start":{"line":22,"column":0},"end":{"line":22,"column":89}},"10":{"start":{"line":24,"column":0},"end":{"line":24,"column":23}}},"fnMap":{"0":{"name":"(anonymous_0)","decl":{"start":{"line":9,"column":17},"end":{"line":9,"column":18}},"loc":{"start":{"line":9,"column":41},"end":{"line":11,"column":5}},"line":9},"1":{"name":"(anonymous_1)","decl":{"start":{"line":12,"column":14},"end":{"line":12,"column":15}},"loc":{"start":{"line":12,"column":38},"end":{"line":14,"column":5}},"line":12}},"branchMap":{},"s":{"0":1,"1":1,"2":1,"3":1,"4":1,"5":1,"6":7,"7":7,"8":1,"9":1,"10":1},"f":{"0":7,"1":7},"b":{},"_coverageSchema":"1a1c01bbd47fc00a2c39e90264f33305004495a9","hash":"9c51817b7add8496c0442fcf7826b2d6db5953e9"}
,"C:\\Users\\elmco\\OneDrive\\Documentos\\GitHub\\AYD_Proy_G2\\Back\\src\\routes\\createRepar.route.js": {"path":"C:\\Users\\elmco\\OneDrive\\Documentos\\GitHub\\AYD_Proy_G2\\Back\\src\\routes\\createRepar.route.js","statementMap":{"0":{"start":{"line":1,"column":17},"end":{"line":1,"column":35}},"1":{"start":{"line":2,"column":15},"end":{"line":2,"column":23}},"2":{"start":{"line":3,"column":15},"end":{"line":3,"column":32}},"3":{"start":{"line":4,"column":23},"end":{"line":4,"column":71}},"4":{"start":{"line":5,"column":20},"end":{"line":5,"column":57}},"5":{"start":{"line":8,"column":16},"end":{"line":15,"column":2}},"6":{"start":{"line":10,"column":6},"end":{"line":10,"column":27}},"7":{"start":{"line":13,"column":6},"end":{"line":13,"column":53}},"8":{"start":{"line":17,"column":15},"end":{"line":17,"column":43}},"9":{"start":{"line":21,"column":0},"end":{"line":21,"column":86}},"10":{"start":{"line":28,"column":0},"end":{"line":28,"column":23}}},"fnMap":{"0":{"name":"(anonymous_0)","decl":{"start":{"line":9,"column":17},"end":{"line":9,"column":18}},"loc":{"start":{"line":9,"column":41},"end":{"line":11,"column":5}},"line":9},"1":{"name":"(anonymous_1)","decl":{"start":{"line":12,"column":14},"end":{"line":12,"column":15}},"loc":{"start":{"line":12,"column":38},"end":{"line":14,"column":5}},"line":12}},"branchMap":{},"s":{"0":1,"1":1,"2":1,"3":1,"4":1,"5":1,"6":7,"7":7,"8":1,"9":1,"10":1},"f":{"0":7,"1":7},"b":{},"_coverageSchema":"1a1c01bbd47fc00a2c39e90264f33305004495a9","hash":"dfc2c2c9989d280bf6c564aab8731113f1821c3d"}
,"C:\\Users\\elmco\\OneDrive\\Documentos\\GitHub\\AYD_Proy_G2\\Back\\src\\routes\\createUser.route.js": {"path":"C:\\Users\\elmco\\OneDrive\\Documentos\\GitHub\\AYD_Proy_G2\\Back\\src\\routes\\createUser.route.js","statementMap":{"0":{"start":{"line":1,"column":17},"end":{"line":1,"column":35}},"1":{"start":{"line":2,"column":15},"end":{"line":2,"column":23}},"2":{"start":{"line":4,"column":23},"end":{"line":4,"column":70}},"3":{"start":{"line":5,"column":20},"end":{"line":5,"column":57}},"4":{"start":{"line":7,"column":0},"end":{"line":7,"column":55}},"5":{"start":{"line":9,"column":0},"end":{"line":9,"column":23}}},"fnMap":{},"branchMap":{},"s":{"0":1,"1":1,"2":1,"3":1,"4":1,"5":1},"f":{},"b":{},"_coverageSchema":"1a1c01bbd47fc00a2c39e90264f33305004495a9","hash":"2dd589ecc06632594ce0f4032703c329b51e8a8d"}
,"C:\\Users\\elmco\\OneDrive\\Documentos\\GitHub\\AYD_Proy_G2\\Back\\src\\routes\\desactivarUser.route.js": {"path":"C:\\Users\\elmco\\OneDrive\\Documentos\\GitHub\\AYD_Proy_G2\\Back\\src\\routes\\desactivarUser.route.js","statementMap":{"0":{"start":{"line":1,"column":17},"end":{"line":1,"column":35}},"1":{"start":{"line":2,"column":15},"end":{"line":2,"column":23}},"2":{"start":{"line":4,"column":24},"end":{"line":4,"column":75}},"3":{"start":{"line":5,"column":20},"end":{"line":5,"column":57}},"4":{"start":{"line":6,"column":0},"end":{"line":6,"column":75}},"5":{"start":{"line":7,"column":0},"end":{"line":7,"column":75}},"6":{"start":{"line":8,"column":0},"end":{"line":8,"column":23}}},"fnMap":{},"branchMap":{},"s":{"0":1,"1":1,"2":1,"3":1,"4":1,"5":1,"6":1},"f":{},"b":{},"_coverageSchema":"1a1c01bbd47fc00a2c39e90264f33305004495a9","hash":"9a11df8d9a9279806ae91d36a383e71837fa2174"}
,"C:\\Users\\elmco\\OneDrive\\Documentos\\GitHub\\AYD_Proy_G2\\Back\\src\\routes\\informeUser.route.js": {"path":"C:\\Users\\elmco\\OneDrive\\Documentos\\GitHub\\AYD_Proy_G2\\Back\\src\\routes\\informeUser.route.js","statementMap":{"0":{"start":{"line":1,"column":17},"end":{"line":1,"column":35}},"1":{"start":{"line":2,"column":15},"end":{"line":2,"column":23}},"2":{"start":{"line":4,"column":24},"end":{"line":4,"column":72}},"3":{"start":{"line":5,"column":20},"end":{"line":5,"column":57}},"4":{"start":{"line":6,"column":0},"end":{"line":6,"column":69}},"5":{"start":{"line":7,"column":0},"end":{"line":7,"column":65}},"6":{"start":{"line":8,"column":0},"end":{"line":8,"column":73}},"7":{"start":{"line":9,"column":0},"end":{"line":9,"column":71}},"8":{"start":{"line":10,"column":0},"end":{"line":10,"column":73}},"9":{"start":{"line":13,"column":0},"end":{"line":13,"column":67}},"10":{"start":{"line":14,"column":0},"end":{"line":14,"column":67}},"11":{"start":{"line":16,"column":0},"end":{"line":16,"column":23}}},"fnMap":{},"branchMap":{},"s":{"0":1,"1":1,"2":1,"3":1,"4":1,"5":1,"6":1,"7":1,"8":1,"9":1,"10":1,"11":1},"f":{},"b":{},"_coverageSchema":"1a1c01bbd47fc00a2c39e90264f33305004495a9","hash":"8a44d2268a4505d735c3ccc6d7115a4a0763d1fc"}
,"C:\\Users\\elmco\\OneDrive\\Documentos\\GitHub\\AYD_Proy_G2\\Back\\src\\routes\\loginAdmin.route.js": {"path":"C:\\Users\\elmco\\OneDrive\\Documentos\\GitHub\\AYD_Proy_G2\\Back\\src\\routes\\loginAdmin.route.js","statementMap":{"0":{"start":{"line":1,"column":17},"end":{"line":1,"column":35}},"1":{"start":{"line":2,"column":15},"end":{"line":2,"column":23}},"2":{"start":{"line":4,"column":24},"end":{"line":4,"column":71}},"3":{"start":{"line":5,"column":20},"end":{"line":5,"column":57}},"4":{"start":{"line":6,"column":0},"end":{"line":6,"column":54}},"5":{"start":{"line":11,"column":0},"end":{"line":11,"column":23}}},"fnMap":{},"branchMap":{},"s":{"0":1,"1":1,"2":1,"3":1,"4":1,"5":1},"f":{},"b":{},"_coverageSchema":"1a1c01bbd47fc00a2c39e90264f33305004495a9","hash":"c715ad48162f2729498dfd04093c188fc6df7e41"}
,"C:\\Users\\elmco\\OneDrive\\Documentos\\GitHub\\AYD_Proy_G2\\Back\\src\\routes\\loginEmpresa.route.js": {"path":"C:\\Users\\elmco\\OneDrive\\Documentos\\GitHub\\AYD_Proy_G2\\Back\\src\\routes\\loginEmpresa.route.js","statementMap":{"0":{"start":{"line":1,"column":17},"end":{"line":1,"column":35}},"1":{"start":{"line":2,"column":15},"end":{"line":2,"column":23}},"2":{"start":{"line":4,"column":24},"end":{"line":4,"column":73}},"3":{"start":{"line":7,"column":0},"end":{"line":7,"column":58}},"4":{"start":{"line":11,"column":0},"end":{"line":11,"column":23}}},"fnMap":{},"branchMap":{},"s":{"0":1,"1":1,"2":1,"3":1,"4":1},"f":{},"b":{},"_coverageSchema":"1a1c01bbd47fc00a2c39e90264f33305004495a9","hash":"1f4a5fe7e96e07344dd354442adea79eeb4f6efe"}
,"C:\\Users\\elmco\\OneDrive\\Documentos\\GitHub\\AYD_Proy_G2\\Back\\src\\routes\\loginRepar.route.js": {"path":"C:\\Users\\elmco\\OneDrive\\Documentos\\GitHub\\AYD_Proy_G2\\Back\\src\\routes\\loginRepar.route.js","statementMap":{"0":{"start":{"line":1,"column":17},"end":{"line":1,"column":35}},"1":{"start":{"line":2,"column":15},"end":{"line":2,"column":23}},"2":{"start":{"line":4,"column":24},"end":{"line":4,"column":71}},"3":{"start":{"line":7,"column":0},"end":{"line":7,"column":54}},"4":{"start":{"line":11,"column":0},"end":{"line":11,"column":23}}},"fnMap":{},"branchMap":{},"s":{"0":1,"1":1,"2":1,"3":1,"4":1},"f":{},"b":{},"_coverageSchema":"1a1c01bbd47fc00a2c39e90264f33305004495a9","hash":"84bb51f73dadd8156062106e344d96b58c7c6a38"}
,"C:\\Users\\elmco\\OneDrive\\Documentos\\GitHub\\AYD_Proy_G2\\Back\\src\\routes\\loginUser.route.js": {"path":"C:\\Users\\elmco\\OneDrive\\Documentos\\GitHub\\AYD_Proy_G2\\Back\\src\\routes\\loginUser.route.js","statementMap":{"0":{"start":{"line":1,"column":17},"end":{"line":1,"column":35}},"1":{"start":{"line":2,"column":15},"end":{"line":2,"column":23}},"2":{"start":{"line":4,"column":24},"end":{"line":4,"column":70}},"3":{"start":{"line":5,"column":20},"end":{"line":5,"column":57}},"4":{"start":{"line":8,"column":0},"end":{"line":8,"column":52}},"5":{"start":{"line":9,"column":0},"end":{"line":9,"column":68}},"6":{"start":{"line":10,"column":0},"end":{"line":10,"column":69}},"7":{"start":{"line":13,"column":0},"end":{"line":13,"column":23}}},"fnMap":{},"branchMap":{},"s":{"0":1,"1":1,"2":1,"3":1,"4":1,"5":1,"6":1,"7":1},"f":{},"b":{},"_coverageSchema":"1a1c01bbd47fc00a2c39e90264f33305004495a9","hash":"ccc7a673db5bcc4d3419472256e364f9cb833ae1"}
,"C:\\Users\\elmco\\OneDrive\\Documentos\\GitHub\\AYD_Proy_G2\\Back\\src\\routes\\miPerfil.route.js": {"path":"C:\\Users\\elmco\\OneDrive\\Documentos\\GitHub\\AYD_Proy_G2\\Back\\src\\routes\\miPerfil.route.js","statementMap":{"0":{"start":{"line":1,"column":17},"end":{"line":1,"column":35}},"1":{"start":{"line":2,"column":15},"end":{"line":2,"column":23}},"2":{"start":{"line":4,"column":24},"end":{"line":4,"column":69}},"3":{"start":{"line":5,"column":20},"end":{"line":5,"column":57}},"4":{"start":{"line":6,"column":0},"end":{"line":6,"column":63}},"5":{"start":{"line":8,"column":0},"end":{"line":8,"column":23}}},"fnMap":{},"branchMap":{},"s":{"0":1,"1":1,"2":1,"3":1,"4":1,"5":1},"f":{},"b":{},"_coverageSchema":"1a1c01bbd47fc00a2c39e90264f33305004495a9","hash":"8c5beb2bad0602158efbc9a7ce9a5386d484f761"}
,"C:\\Users\\elmco\\OneDrive\\Documentos\\GitHub\\AYD_Proy_G2\\Back\\src\\routes\\pedido.route.js": {"path":"C:\\Users\\elmco\\OneDrive\\Documentos\\GitHub\\AYD_Proy_G2\\Back\\src\\routes\\pedido.route.js","statementMap":{"0":{"start":{"line":1,"column":17},"end":{"line":1,"column":35}},"1":{"start":{"line":2,"column":15},"end":{"line":2,"column":23}},"2":{"start":{"line":4,"column":24},"end":{"line":4,"column":67}},"3":{"start":{"line":5,"column":20},"end":{"line":5,"column":57}},"4":{"start":{"line":7,"column":0},"end":{"line":7,"column":65}},"5":{"start":{"line":8,"column":0},"end":{"line":8,"column":66}},"6":{"start":{"line":9,"column":0},"end":{"line":9,"column":58}},"7":{"start":{"line":10,"column":0},"end":{"line":10,"column":66}},"8":{"start":{"line":11,"column":0},"end":{"line":11,"column":69}},"9":{"start":{"line":12,"column":0},"end":{"line":12,"column":75}},"10":{"start":{"line":13,"column":0},"end":{"line":13,"column":65}},"11":{"start":{"line":14,"column":0},"end":{"line":14,"column":61}},"12":{"start":{"line":16,"column":0},"end":{"line":16,"column":23}}},"fnMap":{},"branchMap":{},"s":{"0":1,"1":1,"2":1,"3":1,"4":1,"5":1,"6":1,"7":1,"8":1,"9":1,"10":1,"11":1,"12":1},"f":{},"b":{},"_coverageSchema":"1a1c01bbd47fc00a2c39e90264f33305004495a9","hash":"b6cb0d293a7f6de82e6052fb52f86b0fd0eab58f"}
,"C:\\Users\\elmco\\OneDrive\\Documentos\\GitHub\\AYD_Proy_G2\\Back\\src\\routes\\pedidosRepar.route.js": {"path":"C:\\Users\\elmco\\OneDrive\\Documentos\\GitHub\\AYD_Proy_G2\\Back\\src\\routes\\pedidosRepar.route.js","statementMap":{"0":{"start":{"line":1,"column":17},"end":{"line":1,"column":35}},"1":{"start":{"line":2,"column":15},"end":{"line":2,"column":23}},"2":{"start":{"line":4,"column":24},"end":{"line":4,"column":73}},"3":{"start":{"line":5,"column":20},"end":{"line":5,"column":57}},"4":{"start":{"line":7,"column":0},"end":{"line":7,"column":67}},"5":{"start":{"line":8,"column":0},"end":{"line":8,"column":71}},"6":{"start":{"line":9,"column":0},"end":{"line":9,"column":71}},"7":{"start":{"line":10,"column":0},"end":{"line":10,"column":65}},"8":{"start":{"line":11,"column":0},"end":{"line":11,"column":23}}},"fnMap":{},"branchMap":{},"s":{"0":1,"1":1,"2":1,"3":1,"4":1,"5":1,"6":1,"7":1,"8":1},"f":{},"b":{},"_coverageSchema":"1a1c01bbd47fc00a2c39e90264f33305004495a9","hash":"81f46dcd3642e310c4bd851ec55f8d374402eeca"}
,"C:\\Users\\elmco\\OneDrive\\Documentos\\GitHub\\AYD_Proy_G2\\Back\\src\\routes\\reportesRepar.route.js": {"path":"C:\\Users\\elmco\\OneDrive\\Documentos\\GitHub\\AYD_Proy_G2\\Back\\src\\routes\\reportesRepar.route.js","statementMap":{"0":{"start":{"line":1,"column":17},"end":{"line":1,"column":35}},"1":{"start":{"line":2,"column":15},"end":{"line":2,"column":23}},"2":{"start":{"line":4,"column":24},"end":{"line":4,"column":74}},"3":{"start":{"line":5,"column":20},"end":{"line":5,"column":57}},"4":{"start":{"line":6,"column":0},"end":{"line":6,"column":74}},"5":{"start":{"line":7,"column":0},"end":{"line":7,"column":65}},"6":{"start":{"line":9,"column":0},"end":{"line":9,"column":23}}},"fnMap":{},"branchMap":{},"s":{"0":1,"1":1,"2":1,"3":1,"4":1,"5":1,"6":1},"f":{},"b":{},"_coverageSchema":"1a1c01bbd47fc00a2c39e90264f33305004495a9","hash":"504ef5ff45b2bdcc19798a714a7069facbc9793d"}
,"C:\\Users\\elmco\\OneDrive\\Documentos\\GitHub\\AYD_Proy_G2\\Back\\src\\routes\\solicitudEmp.route.js": {"path":"C:\\Users\\elmco\\OneDrive\\Documentos\\GitHub\\AYD_Proy_G2\\Back\\src\\routes\\solicitudEmp.route.js","statementMap":{"0":{"start":{"line":1,"column":17},"end":{"line":1,"column":35}},"1":{"start":{"line":2,"column":15},"end":{"line":2,"column":23}},"2":{"start":{"line":4,"column":24},"end":{"line":4,"column":73}},"3":{"start":{"line":5,"column":20},"end":{"line":5,"column":57}},"4":{"start":{"line":6,"column":0},"end":{"line":6,"column":71}},"5":{"start":{"line":7,"column":0},"end":{"line":7,"column":71}},"6":{"start":{"line":8,"column":0},"end":{"line":8,"column":71}},"7":{"start":{"line":9,"column":0},"end":{"line":9,"column":71}},"8":{"start":{"line":11,"column":0},"end":{"line":11,"column":23}}},"fnMap":{},"branchMap":{},"s":{"0":1,"1":1,"2":1,"3":1,"4":1,"5":1,"6":1,"7":1,"8":1},"f":{},"b":{},"_coverageSchema":"1a1c01bbd47fc00a2c39e90264f33305004495a9","hash":"269de1db35e85ebfeb89c85124d31d476157f144"}
,"C:\\Users\\elmco\\OneDrive\\Documentos\\GitHub\\AYD_Proy_G2\\Back\\src\\routes\\solicitudRepar.route.js": {"path":"C:\\Users\\elmco\\OneDrive\\Documentos\\GitHub\\AYD_Proy_G2\\Back\\src\\routes\\solicitudRepar.route.js","statementMap":{"0":{"start":{"line":1,"column":17},"end":{"line":1,"column":35}},"1":{"start":{"line":2,"column":15},"end":{"line":2,"column":23}},"2":{"start":{"line":4,"column":24},"end":{"line":4,"column":75}},"3":{"start":{"line":5,"column":20},"end":{"line":5,"column":57}},"4":{"start":{"line":6,"column":0},"end":{"line":6,"column":75}},"5":{"start":{"line":7,"column":0},"end":{"line":7,"column":75}},"6":{"start":{"line":9,"column":0},"end":{"line":9,"column":77}},"7":{"start":{"line":10,"column":0},"end":{"line":10,"column":77}},"8":{"start":{"line":12,"column":0},"end":{"line":12,"column":23}}},"fnMap":{},"branchMap":{},"s":{"0":1,"1":1,"2":1,"3":1,"4":1,"5":1,"6":1,"7":1,"8":1},"f":{},"b":{},"_coverageSchema":"1a1c01bbd47fc00a2c39e90264f33305004495a9","hash":"2405c61f373a25f7e314f44e302b7978a5615556"}
}
