{"C:\\Users\\elmco\\OneDrive\\Documentos\\GitHub\\AYD_Proy_G2\\Back\\src\\app.js": {"path":"C:\\Users\\elmco\\OneDrive\\Documentos\\GitHub\\AYD_Proy_G2\\Back\\src\\app.js","statementMap":{"0":{"start":{"line":1,"column":16},"end":{"line":1,"column":34}},"1":{"start":{"line":2,"column":15},"end":{"line":2,"column":32}},"2":{"start":{"line":3,"column":13},"end":{"line":3,"column":28}},"3":{"start":{"line":4,"column":19},"end":{"line":4,"column":41}},"4":{"start":{"line":5,"column":21},"end":{"line":5,"column":50}},"5":{"start":{"line":7,"column":12},"end":{"line":7,"column":21}},"6":{"start":{"line":8,"column":13},"end":{"line":8,"column":37}},"7":{"start":{"line":14,"column":0},"end":{"line":14,"column":22}},"8":{"start":{"line":15,"column":0},"end":{"line":15,"column":15}},"9":{"start":{"line":16,"column":0},"end":{"line":16,"column":41}},"10":{"start":{"line":17,"column":0},"end":{"line":17,"column":63}},"11":{"start":{"line":26,"column":0},"end":{"line":26,"column":45}},"12":{"start":{"line":27,"column":0},"end":{"line":27,"column":44}},"13":{"start":{"line":29,"column":0},"end":{"line":29,"column":41}},"14":{"start":{"line":31,"column":0},"end":{"line":31,"column":46}},"15":{"start":{"line":32,"column":0},"end":{"line":32,"column":45}},"16":{"start":{"line":33,"column":0},"end":{"line":33,"column":43}},"17":{"start":{"line":34,"column":0},"end":{"line":34,"column":48}},"18":{"start":{"line":37,"column":0},"end":{"line":37,"column":48}},"19":{"start":{"line":38,"column":0},"end":{"line":38,"column":47}},"20":{"start":{"line":39,"column":0},"end":{"line":39,"column":50}},"21":{"start":{"line":41,"column":0},"end":{"line":41,"column":45}},"22":{"start":{"line":42,"column":0},"end":{"line":42,"column":49}},"23":{"start":{"line":43,"column":0},"end":{"line":43,"column":47}},"24":{"start":{"line":44,"column":0},"end":{"line":44,"column":46}},"25":{"start":{"line":45,"column":0},"end":{"line":45,"column":49}},"26":{"start":{"line":51,"column":0},"end":{"line":53,"column":2}},"27":{"start":{"line":52,"column":4},"end":{"line":52,"column":29}},"28":{"start":{"line":56,"column":0},"end":{"line":56,"column":21}}},"fnMap":{"0":{"name":"(anonymous_0)","decl":{"start":{"line":51,"column":13},"end":{"line":51,"column":14}},"loc":{"start":{"line":51,"column":27},"end":{"line":53,"column":1}},"line":51}},"branchMap":{"0":{"loc":{"start":{"line":8,"column":13},"end":{"line":8,"column":37}},"type":"binary-expr","locations":[{"start":{"line":8,"column":13},"end":{"line":8,"column":29}},{"start":{"line":8,"column":33},"end":{"line":8,"column":37}}],"line":8}},"s":{"0":1,"1":1,"2":1,"3":1,"4":1,"5":1,"6":1,"7":1,"8":1,"9":1,"10":1,"11":1,"12":1,"13":1,"14":1,"15":1,"16":1,"17":1,"18":1,"19":1,"20":1,"21":1,"22":1,"23":1,"24":1,"25":1,"26":1,"27":1,"28":1},"f":{"0":1},"b":{"0":[1,1]},"_coverageSchema":"1a1c01bbd47fc00a2c39e90264f33305004495a9","hash":"46948a92e8d806b7fdb402510e99bf346928b03f"}
,"C:\\Users\\elmco\\OneDrive\\Documentos\\GitHub\\AYD_Proy_G2\\Back\\src\\config\\aws.config.js": {"path":"C:\\Users\\elmco\\OneDrive\\Documentos\\GitHub\\AYD_Proy_G2\\Back\\src\\config\\aws.config.js","statementMap":{"0":{"start":{"line":3,"column":17},"end":{"line":7,"column":1}},"1":{"start":{"line":9,"column":0},"end":{"line":11,"column":1}}},"fnMap":{},"branchMap":{},"s":{"0":1,"1":1},"f":{},"b":{},"_coverageSchema":"1a1c01bbd47fc00a2c39e90264f33305004495a9","hash":"1f722413296ab9c5a9fbba12a6a02d2e8b9d3463"}
,"C:\\Users\\elmco\\OneDrive\\Documentos\\GitHub\\AYD_Proy_G2\\Back\\src\\controllers\\AgregarProducto.js": {"path":"C:\\Users\\elmco\\OneDrive\\Documentos\\GitHub\\AYD_Proy_G2\\Back\\src\\controllers\\AgregarProducto.js","statementMap":{"0":{"start":{"line":1,"column":24},"end":{"line":1,"column":49}},"1":{"start":{"line":2,"column":13},"end":{"line":2,"column":28}},"2":{"start":{"line":3,"column":14},"end":{"line":3,"column":73}},"3":{"start":{"line":4,"column":17},"end":{"line":4,"column":49}},"4":{"start":{"line":5,"column":11},"end":{"line":5,"column":33}},"5":{"start":{"line":7,"column":24},"end":{"line":99,"column":1}},"6":{"start":{"line":15,"column":6},"end":{"line":15,"column":14}},"7":{"start":{"line":16,"column":2},"end":{"line":16,"column":23}},"8":{"start":{"line":18,"column":2},"end":{"line":18,"column":28}},"9":{"start":{"line":19,"column":19},"end":{"line":19,"column":32}},"10":{"start":{"line":20,"column":21},"end":{"line":20,"column":69}},"11":{"start":{"line":24,"column":2},"end":{"line":32,"column":3}},"12":{"start":{"line":25,"column":4},"end":{"line":31,"column":7}},"13":{"start":{"line":34,"column":2},"end":{"line":98,"column":3}},"14":{"start":{"line":36,"column":18},"end":{"line":36,"column":100}},"15":{"start":{"line":37,"column":4},"end":{"line":37,"column":22}},"16":{"start":{"line":42,"column":28},"end":{"line":45,"column":5}},"17":{"start":{"line":47,"column":4},"end":{"line":52,"column":5}},"18":{"start":{"line":48,"column":6},"end":{"line":51,"column":9}},"19":{"start":{"line":57,"column":16},"end":{"line":62,"column":5}},"20":{"start":{"line":65,"column":22},"end":{"line":65,"column":100}},"21":{"start":{"line":66,"column":4},"end":{"line":66,"column":35}},"22":{"start":{"line":67,"column":4},"end":{"line":67,"column":28}},"23":{"start":{"line":70,"column":24},"end":{"line":73,"column":5}},"24":{"start":{"line":74,"column":4},"end":{"line":81,"column":7}},"25":{"start":{"line":87,"column":4},"end":{"line":90,"column":7}},"26":{"start":{"line":92,"column":4},"end":{"line":92,"column":52}},"27":{"start":{"line":94,"column":4},"end":{"line":97,"column":7}},"28":{"start":{"line":101,"column":23},"end":{"line":150,"column":1}},"29":{"start":{"line":102,"column":55},"end":{"line":102,"column":63}},"30":{"start":{"line":104,"column":2},"end":{"line":114,"column":3}},"31":{"start":{"line":105,"column":4},"end":{"line":113,"column":7}},"32":{"start":{"line":116,"column":2},"end":{"line":149,"column":3}},"33":{"start":{"line":118,"column":28},"end":{"line":121,"column":5}},"34":{"start":{"line":123,"column":4},"end":{"line":128,"column":5}},"35":{"start":{"line":124,"column":6},"end":{"line":127,"column":9}},"36":{"start":{"line":131,"column":24},"end":{"line":135,"column":5}},"37":{"start":{"line":136,"column":4},"end":{"line":136,"column":73}},"38":{"start":{"line":138,"column":4},"end":{"line":141,"column":7}},"39":{"start":{"line":143,"column":4},"end":{"line":143,"column":51}},"40":{"start":{"line":145,"column":4},"end":{"line":148,"column":7}},"41":{"start":{"line":152,"column":25},"end":{"line":195,"column":1}},"42":{"start":{"line":153,"column":29},"end":{"line":153,"column":37}},"43":{"start":{"line":155,"column":2},"end":{"line":163,"column":3}},"44":{"start":{"line":156,"column":4},"end":{"line":162,"column":7}},"45":{"start":{"line":165,"column":2},"end":{"line":194,"column":3}},"46":{"start":{"line":167,"column":28},"end":{"line":170,"column":5}},"47":{"start":{"line":172,"column":4},"end":{"line":177,"column":5}},"48":{"start":{"line":173,"column":6},"end":{"line":176,"column":9}},"49":{"start":{"line":180,"column":24},"end":{"line":180,"column":63}},"50":{"start":{"line":181,"column":4},"end":{"line":181,"column":47}},"51":{"start":{"line":183,"column":4},"end":{"line":186,"column":7}},"52":{"start":{"line":188,"column":4},"end":{"line":188,"column":53}},"53":{"start":{"line":190,"column":4},"end":{"line":193,"column":7}},"54":{"start":{"line":197,"column":23},"end":{"line":237,"column":1}},"55":{"start":{"line":198,"column":29},"end":{"line":198,"column":37}},"56":{"start":{"line":200,"column":2},"end":{"line":208,"column":3}},"57":{"start":{"line":201,"column":4},"end":{"line":207,"column":7}},"58":{"start":{"line":210,"column":2},"end":{"line":236,"column":3}},"59":{"start":{"line":212,"column":28},"end":{"line":215,"column":5}},"60":{"start":{"line":217,"column":4},"end":{"line":222,"column":5}},"61":{"start":{"line":218,"column":6},"end":{"line":221,"column":9}},"62":{"start":{"line":224,"column":4},"end":{"line":228,"column":7}},"63":{"start":{"line":230,"column":4},"end":{"line":230,"column":51}},"64":{"start":{"line":232,"column":4},"end":{"line":235,"column":7}},"65":{"start":{"line":239,"column":25},"end":{"line":259,"column":1}},"66":{"start":{"line":242,"column":6},"end":{"line":242,"column":14}},"67":{"start":{"line":243,"column":2},"end":{"line":258,"column":3}},"68":{"start":{"line":245,"column":22},"end":{"line":245,"column":224}},"69":{"start":{"line":247,"column":4},"end":{"line":250,"column":7}},"70":{"start":{"line":252,"column":4},"end":{"line":252,"column":53}},"71":{"start":{"line":254,"column":4},"end":{"line":257,"column":7}},"72":{"start":{"line":261,"column":0},"end":{"line":267,"column":2}}},"fnMap":{"0":{"name":"(anonymous_0)","decl":{"start":{"line":7,"column":24},"end":{"line":7,"column":25}},"loc":{"start":{"line":7,"column":44},"end":{"line":99,"column":1}},"line":7},"1":{"name":"(anonymous_1)","decl":{"start":{"line":101,"column":23},"end":{"line":101,"column":24}},"loc":{"start":{"line":101,"column":43},"end":{"line":150,"column":1}},"line":101},"2":{"name":"(anonymous_2)","decl":{"start":{"line":152,"column":25},"end":{"line":152,"column":26}},"loc":{"start":{"line":152,"column":45},"end":{"line":195,"column":1}},"line":152},"3":{"name":"(anonymous_3)","decl":{"start":{"line":197,"column":23},"end":{"line":197,"column":24}},"loc":{"start":{"line":197,"column":43},"end":{"line":237,"column":1}},"line":197},"4":{"name":"(anonymous_4)","decl":{"start":{"line":239,"column":25},"end":{"line":239,"column":26}},"loc":{"start":{"line":239,"column":45},"end":{"line":259,"column":1}},"line":239}},"branchMap":{"0":{"loc":{"start":{"line":24,"column":2},"end":{"line":32,"column":3}},"type":"if","locations":[{"start":{"line":24,"column":2},"end":{"line":32,"column":3}},{"start":{},"end":{}}],"line":24},"1":{"loc":{"start":{"line":24,"column":6},"end":{"line":24,"column":65}},"type":"binary-expr","locations":[{"start":{"line":24,"column":6},"end":{"line":24,"column":13}},{"start":{"line":24,"column":17},"end":{"line":24,"column":24}},{"start":{"line":24,"column":28},"end":{"line":24,"column":38}},{"start":{"line":24,"column":42},"end":{"line":24,"column":53}},{"start":{"line":24,"column":57},"end":{"line":24,"column":65}}],"line":24},"2":{"loc":{"start":{"line":47,"column":4},"end":{"line":52,"column":5}},"type":"if","locations":[{"start":{"line":47,"column":4},"end":{"line":52,"column":5}},{"start":{},"end":{}}],"line":47},"3":{"loc":{"start":{"line":104,"column":2},"end":{"line":114,"column":3}},"type":"if","locations":[{"start":{"line":104,"column":2},"end":{"line":114,"column":3}},{"start":{},"end":{}}],"line":104},"4":{"loc":{"start":{"line":104,"column":6},"end":{"line":104,"column":53}},"type":"binary-expr","locations":[{"start":{"line":104,"column":6},"end":{"line":104,"column":13}},{"start":{"line":104,"column":17},"end":{"line":104,"column":29}},{"start":{"line":104,"column":33},"end":{"line":104,"column":53}}],"line":104},"5":{"loc":{"start":{"line":123,"column":4},"end":{"line":128,"column":5}},"type":"if","locations":[{"start":{"line":123,"column":4},"end":{"line":128,"column":5}},{"start":{},"end":{}}],"line":123},"6":{"loc":{"start":{"line":155,"column":2},"end":{"line":163,"column":3}},"type":"if","locations":[{"start":{"line":155,"column":2},"end":{"line":163,"column":3}},{"start":{},"end":{}}],"line":155},"7":{"loc":{"start":{"line":172,"column":4},"end":{"line":177,"column":5}},"type":"if","locations":[{"start":{"line":172,"column":4},"end":{"line":177,"column":5}},{"start":{},"end":{}}],"line":172},"8":{"loc":{"start":{"line":200,"column":2},"end":{"line":208,"column":3}},"type":"if","locations":[{"start":{"line":200,"column":2},"end":{"line":208,"column":3}},{"start":{},"end":{}}],"line":200},"9":{"loc":{"start":{"line":217,"column":4},"end":{"line":222,"column":5}},"type":"if","locations":[{"start":{"line":217,"column":4},"end":{"line":222,"column":5}},{"start":{},"end":{}}],"line":217}},"s":{"0":1,"1":1,"2":1,"3":1,"4":1,"5":1,"6":3,"7":3,"8":3,"9":3,"10":3,"11":3,"12":1,"13":2,"14":2,"15":2,"16":2,"17":2,"18":2,"19":0,"20":0,"21":0,"22":0,"23":0,"24":0,"25":0,"26":0,"27":0,"28":1,"29":0,"30":0,"31":0,"32":0,"33":0,"34":0,"35":0,"36":0,"37":0,"38":0,"39":0,"40":0,"41":1,"42":0,"43":0,"44":0,"45":0,"46":0,"47":0,"48":0,"49":0,"50":0,"51":0,"52":0,"53":0,"54":1,"55":0,"56":0,"57":0,"58":0,"59":0,"60":0,"61":0,"62":0,"63":0,"64":0,"65":1,"66":0,"67":0,"68":0,"69":0,"70":0,"71":0,"72":1},"f":{"0":3,"1":0,"2":0,"3":0,"4":0},"b":{"0":[1,2],"1":[3,2,2,2,2],"2":[2,0],"3":[0,0],"4":[0,0,0],"5":[0,0],"6":[0,0],"7":[0,0],"8":[0,0],"9":[0,0]},"_coverageSchema":"1a1c01bbd47fc00a2c39e90264f33305004495a9","hash":"c983030f15d0b1b6cd690a49cd39d24efdc0e30e"}
,"C:\\Users\\elmco\\OneDrive\\Documentos\\GitHub\\AYD_Proy_G2\\Back\\src\\controllers\\NuevoCombo.js": {"path":"C:\\Users\\elmco\\OneDrive\\Documentos\\GitHub\\AYD_Proy_G2\\Back\\src\\controllers\\NuevoCombo.js","statementMap":{"0":{"start":{"line":1,"column":24},"end":{"line":1,"column":49}},"1":{"start":{"line":2,"column":13},"end":{"line":2,"column":28}},"2":{"start":{"line":3,"column":14},"end":{"line":3,"column":73}},"3":{"start":{"line":4,"column":17},"end":{"line":4,"column":49}},"4":{"start":{"line":5,"column":11},"end":{"line":5,"column":33}},"5":{"start":{"line":7,"column":19},"end":{"line":87,"column":1}},"6":{"start":{"line":16,"column":8},"end":{"line":16,"column":16}},"7":{"start":{"line":17,"column":4},"end":{"line":17,"column":25}},"8":{"start":{"line":19,"column":4},"end":{"line":19,"column":30}},"9":{"start":{"line":20,"column":21},"end":{"line":20,"column":34}},"10":{"start":{"line":21,"column":23},"end":{"line":21,"column":71}},"11":{"start":{"line":23,"column":4},"end":{"line":31,"column":5}},"12":{"start":{"line":24,"column":8},"end":{"line":30,"column":11}},"13":{"start":{"line":33,"column":4},"end":{"line":86,"column":5}},"14":{"start":{"line":36,"column":22},"end":{"line":36,"column":107}},"15":{"start":{"line":37,"column":8},"end":{"line":37,"column":31}},"16":{"start":{"line":38,"column":8},"end":{"line":38,"column":28}},"17":{"start":{"line":39,"column":20},"end":{"line":44,"column":9}},"18":{"start":{"line":45,"column":8},"end":{"line":45,"column":24}},"19":{"start":{"line":48,"column":33},"end":{"line":51,"column":9}},"20":{"start":{"line":52,"column":8},"end":{"line":58,"column":11}},"21":{"start":{"line":60,"column":23},"end":{"line":60,"column":69}},"22":{"start":{"line":61,"column":8},"end":{"line":61,"column":34}},"23":{"start":{"line":64,"column":8},"end":{"line":64,"column":46}},"24":{"start":{"line":65,"column":8},"end":{"line":74,"column":11}},"25":{"start":{"line":66,"column":32},"end":{"line":69,"column":17}},"26":{"start":{"line":70,"column":12},"end":{"line":73,"column":15}},"27":{"start":{"line":75,"column":8},"end":{"line":78,"column":11}},"28":{"start":{"line":80,"column":8},"end":{"line":80,"column":51}},"29":{"start":{"line":82,"column":8},"end":{"line":85,"column":11}},"30":{"start":{"line":89,"column":22},"end":{"line":111,"column":3}},"31":{"start":{"line":92,"column":8},"end":{"line":92,"column":16}},"32":{"start":{"line":93,"column":4},"end":{"line":110,"column":5}},"33":{"start":{"line":95,"column":21},"end":{"line":95,"column":103}},"34":{"start":{"line":96,"column":8},"end":{"line":96,"column":33}},"35":{"start":{"line":97,"column":24},"end":{"line":97,"column":86}},"36":{"start":{"line":99,"column":6},"end":{"line":102,"column":9}},"37":{"start":{"line":104,"column":6},"end":{"line":104,"column":52}},"38":{"start":{"line":106,"column":6},"end":{"line":109,"column":9}},"39":{"start":{"line":113,"column":0},"end":{"line":116,"column":2}}},"fnMap":{"0":{"name":"(anonymous_0)","decl":{"start":{"line":7,"column":19},"end":{"line":7,"column":20}},"loc":{"start":{"line":7,"column":39},"end":{"line":87,"column":1}},"line":7},"1":{"name":"(anonymous_1)","decl":{"start":{"line":65,"column":29},"end":{"line":65,"column":30}},"loc":{"start":{"line":65,"column":50},"end":{"line":74,"column":9}},"line":65},"2":{"name":"(anonymous_2)","decl":{"start":{"line":89,"column":22},"end":{"line":89,"column":23}},"loc":{"start":{"line":89,"column":42},"end":{"line":111,"column":3}},"line":89}},"branchMap":{"0":{"loc":{"start":{"line":23,"column":4},"end":{"line":31,"column":5}},"type":"if","locations":[{"start":{"line":23,"column":4},"end":{"line":31,"column":5}},{"start":{},"end":{}}],"line":23},"1":{"loc":{"start":{"line":23,"column":8},"end":{"line":23,"column":101}},"type":"binary-expr","locations":[{"start":{"line":23,"column":8},"end":{"line":23,"column":15}},{"start":{"line":23,"column":19},"end":{"line":23,"column":31}},{"start":{"line":23,"column":35},"end":{"line":23,"column":46}},{"start":{"line":23,"column":50},"end":{"line":23,"column":57}},{"start":{"line":23,"column":61},"end":{"line":23,"column":68}},{"start":{"line":23,"column":73},"end":{"line":23,"column":100}}],"line":23}},"s":{"0":1,"1":1,"2":1,"3":1,"4":1,"5":1,"6":0,"7":0,"8":0,"9":0,"10":0,"11":0,"12":0,"13":0,"14":0,"15":0,"16":0,"17":0,"18":0,"19":0,"20":0,"21":0,"22":0,"23":0,"24":0,"25":0,"26":0,"27":0,"28":0,"29":0,"30":1,"31":0,"32":0,"33":0,"34":0,"35":0,"36":0,"37":0,"38":0,"39":1},"f":{"0":0,"1":0,"2":0},"b":{"0":[0,0],"1":[0,0,0,0,0,0]},"_coverageSchema":"1a1c01bbd47fc00a2c39e90264f33305004495a9","hash":"c9be96a7453952caeab9c5dfe0ed6898fbf39034"}
,"C:\\Users\\elmco\\OneDrive\\Documentos\\GitHub\\AYD_Proy_G2\\Back\\src\\controllers\\TipoProducto.js": {"path":"C:\\Users\\elmco\\OneDrive\\Documentos\\GitHub\\AYD_Proy_G2\\Back\\src\\controllers\\TipoProducto.js","statementMap":{"0":{"start":{"line":1,"column":24},"end":{"line":1,"column":49}},"1":{"start":{"line":2,"column":13},"end":{"line":2,"column":28}},"2":{"start":{"line":3,"column":14},"end":{"line":3,"column":73}},"3":{"start":{"line":5,"column":28},"end":{"line":44,"column":1}},"4":{"start":{"line":9,"column":6},"end":{"line":9,"column":14}},"5":{"start":{"line":10,"column":2},"end":{"line":10,"column":23}},"6":{"start":{"line":12,"column":2},"end":{"line":20,"column":3}},"7":{"start":{"line":13,"column":4},"end":{"line":19,"column":7}},"8":{"start":{"line":22,"column":2},"end":{"line":43,"column":3}},"9":{"start":{"line":24,"column":24},"end":{"line":27,"column":5}},"10":{"start":{"line":28,"column":4},"end":{"line":31,"column":7}},"11":{"start":{"line":32,"column":4},"end":{"line":35,"column":7}},"12":{"start":{"line":37,"column":4},"end":{"line":37,"column":58}},"13":{"start":{"line":39,"column":4},"end":{"line":42,"column":7}},"14":{"start":{"line":46,"column":29},"end":{"line":66,"column":1}},"15":{"start":{"line":49,"column":6},"end":{"line":49,"column":14}},"16":{"start":{"line":50,"column":2},"end":{"line":65,"column":3}},"17":{"start":{"line":52,"column":22},"end":{"line":52,"column":106}},"18":{"start":{"line":54,"column":4},"end":{"line":57,"column":7}},"19":{"start":{"line":59,"column":4},"end":{"line":59,"column":57}},"20":{"start":{"line":61,"column":4},"end":{"line":64,"column":7}},"21":{"start":{"line":68,"column":0},"end":{"line":71,"column":2}}},"fnMap":{"0":{"name":"(anonymous_0)","decl":{"start":{"line":5,"column":28},"end":{"line":5,"column":29}},"loc":{"start":{"line":5,"column":48},"end":{"line":44,"column":1}},"line":5},"1":{"name":"(anonymous_1)","decl":{"start":{"line":46,"column":29},"end":{"line":46,"column":30}},"loc":{"start":{"line":46,"column":49},"end":{"line":66,"column":1}},"line":46}},"branchMap":{"0":{"loc":{"start":{"line":12,"column":2},"end":{"line":20,"column":3}},"type":"if","locations":[{"start":{"line":12,"column":2},"end":{"line":20,"column":3}},{"start":{},"end":{}}],"line":12},"1":{"loc":{"start":{"line":12,"column":6},"end":{"line":12,"column":28}},"type":"binary-expr","locations":[{"start":{"line":12,"column":6},"end":{"line":12,"column":13}},{"start":{"line":12,"column":17},"end":{"line":12,"column":28}}],"line":12}},"s":{"0":1,"1":1,"2":1,"3":1,"4":0,"5":0,"6":0,"7":0,"8":0,"9":0,"10":0,"11":0,"12":0,"13":0,"14":1,"15":0,"16":0,"17":0,"18":0,"19":0,"20":0,"21":1},"f":{"0":0,"1":0},"b":{"0":[0,0],"1":[0,0]},"_coverageSchema":"1a1c01bbd47fc00a2c39e90264f33305004495a9","hash":"ef0e7a9021b43d0e4827f3e183c30abe1e301e52"}
,"C:\\Users\\elmco\\OneDrive\\Documentos\\GitHub\\AYD_Proy_G2\\Back\\src\\controllers\\createEmpresa.controller.js": {"path":"C:\\Users\\elmco\\OneDrive\\Documentos\\GitHub\\AYD_Proy_G2\\Back\\src\\controllers\\createEmpresa.controller.js","statementMap":{"0":{"start":{"line":1,"column":24},"end":{"line":1,"column":49}},"1":{"start":{"line":2,"column":13},"end":{"line":2,"column":28}},"2":{"start":{"line":3,"column":14},"end":{"line":3,"column":73}},"3":{"start":{"line":4,"column":15},"end":{"line":4,"column":32}},"4":{"start":{"line":5,"column":17},"end":{"line":5,"column":49}},"5":{"start":{"line":6,"column":11},"end":{"line":6,"column":33}},"6":{"start":{"line":8,"column":22},"end":{"line":118,"column":1}},"7":{"start":{"line":19,"column":8},"end":{"line":19,"column":16}},"8":{"start":{"line":21,"column":4},"end":{"line":21,"column":40}},"9":{"start":{"line":22,"column":4},"end":{"line":22,"column":25}},"10":{"start":{"line":23,"column":21},"end":{"line":23,"column":34}},"11":{"start":{"line":24,"column":23},"end":{"line":24,"column":71}},"12":{"start":{"line":27,"column":4},"end":{"line":36,"column":11}},"13":{"start":{"line":28,"column":8},"end":{"line":36,"column":11}},"14":{"start":{"line":39,"column":24},"end":{"line":39,"column":52}},"15":{"start":{"line":40,"column":4},"end":{"line":50,"column":5}},"16":{"start":{"line":41,"column":8},"end":{"line":49,"column":11}},"17":{"start":{"line":52,"column":4},"end":{"line":117,"column":5}},"18":{"start":{"line":54,"column":27},"end":{"line":54,"column":82}},"19":{"start":{"line":57,"column":28},"end":{"line":62,"column":9}},"20":{"start":{"line":64,"column":8},"end":{"line":64,"column":62}},"21":{"start":{"line":67,"column":23},"end":{"line":67,"column":76}},"22":{"start":{"line":70,"column":20},"end":{"line":75,"column":9}},"23":{"start":{"line":76,"column":8},"end":{"line":76,"column":37}},"24":{"start":{"line":79,"column":28},"end":{"line":92,"column":9}},"25":{"start":{"line":94,"column":8},"end":{"line":94,"column":62}},"26":{"start":{"line":97,"column":26},"end":{"line":97,"column":103}},"27":{"start":{"line":98,"column":8},"end":{"line":98,"column":57}},"28":{"start":{"line":100,"column":8},"end":{"line":104,"column":15}},"29":{"start":{"line":106,"column":8},"end":{"line":106,"column":51}},"30":{"start":{"line":107,"column":8},"end":{"line":111,"column":15}},"31":{"start":{"line":108,"column":12},"end":{"line":111,"column":15}},"32":{"start":{"line":113,"column":8},"end":{"line":116,"column":11}},"33":{"start":{"line":120,"column":0},"end":{"line":122,"column":2}}},"fnMap":{"0":{"name":"(anonymous_0)","decl":{"start":{"line":8,"column":22},"end":{"line":8,"column":23}},"loc":{"start":{"line":8,"column":42},"end":{"line":118,"column":1}},"line":8}},"branchMap":{"0":{"loc":{"start":{"line":27,"column":4},"end":{"line":36,"column":11}},"type":"if","locations":[{"start":{"line":27,"column":4},"end":{"line":36,"column":11}},{"start":{},"end":{}}],"line":27},"1":{"loc":{"start":{"line":27,"column":8},"end":{"line":27,"column":27}},"type":"binary-expr","locations":[{"start":{"line":27,"column":8},"end":{"line":27,"column":17}},{"start":{"line":27,"column":21},"end":{"line":27,"column":27}}],"line":27},"2":{"loc":{"start":{"line":40,"column":4},"end":{"line":50,"column":5}},"type":"if","locations":[{"start":{"line":40,"column":4},"end":{"line":50,"column":5}},{"start":{},"end":{}}],"line":40},"3":{"loc":{"start":{"line":107,"column":8},"end":{"line":111,"column":15}},"type":"if","locations":[{"start":{"line":107,"column":8},"end":{"line":111,"column":15}},{"start":{},"end":{}}],"line":107}},"s":{"0":1,"1":1,"2":1,"3":1,"4":1,"5":1,"6":1,"7":0,"8":0,"9":0,"10":0,"11":0,"12":0,"13":0,"14":0,"15":0,"16":0,"17":0,"18":0,"19":0,"20":0,"21":0,"22":0,"23":0,"24":0,"25":0,"26":0,"27":0,"28":0,"29":0,"30":0,"31":0,"32":0,"33":1},"f":{"0":0},"b":{"0":[0,0],"1":[0,0],"2":[0,0],"3":[0,0]},"_coverageSchema":"1a1c01bbd47fc00a2c39e90264f33305004495a9","hash":"a31fe56285fed071eb8cf53479b53750832843d9"}
,"C:\\Users\\elmco\\OneDrive\\Documentos\\GitHub\\AYD_Proy_G2\\Back\\src\\controllers\\createRepar.controller.js": {"path":"C:\\Users\\elmco\\OneDrive\\Documentos\\GitHub\\AYD_Proy_G2\\Back\\src\\controllers\\createRepar.controller.js","statementMap":{"0":{"start":{"line":1,"column":24},"end":{"line":1,"column":49}},"1":{"start":{"line":2,"column":13},"end":{"line":2,"column":28}},"2":{"start":{"line":3,"column":14},"end":{"line":3,"column":73}},"3":{"start":{"line":4,"column":15},"end":{"line":4,"column":32}},"4":{"start":{"line":5,"column":17},"end":{"line":5,"column":49}},"5":{"start":{"line":6,"column":11},"end":{"line":6,"column":33}},"6":{"start":{"line":8,"column":20},"end":{"line":179,"column":1}},"7":{"start":{"line":21,"column":8},"end":{"line":21,"column":16}},"8":{"start":{"line":23,"column":21},"end":{"line":23,"column":34}},"9":{"start":{"line":24,"column":23},"end":{"line":24,"column":71}},"10":{"start":{"line":27,"column":4},"end":{"line":36,"column":11}},"11":{"start":{"line":28,"column":8},"end":{"line":36,"column":11}},"12":{"start":{"line":40,"column":24},"end":{"line":40,"column":52}},"13":{"start":{"line":41,"column":4},"end":{"line":51,"column":5}},"14":{"start":{"line":42,"column":8},"end":{"line":50,"column":11}},"15":{"start":{"line":55,"column":21},"end":{"line":55,"column":30}},"16":{"start":{"line":56,"column":4},"end":{"line":66,"column":5}},"17":{"start":{"line":57,"column":8},"end":{"line":65,"column":11}},"18":{"start":{"line":69,"column":21},"end":{"line":69,"column":30}},"19":{"start":{"line":70,"column":4},"end":{"line":80,"column":5}},"20":{"start":{"line":71,"column":8},"end":{"line":79,"column":11}},"21":{"start":{"line":83,"column":4},"end":{"line":178,"column":5}},"22":{"start":{"line":86,"column":27},"end":{"line":86,"column":82}},"23":{"start":{"line":89,"column":28},"end":{"line":94,"column":9}},"24":{"start":{"line":96,"column":8},"end":{"line":96,"column":62}},"25":{"start":{"line":99,"column":23},"end":{"line":99,"column":76}},"26":{"start":{"line":102,"column":20},"end":{"line":107,"column":9}},"27":{"start":{"line":108,"column":8},"end":{"line":108,"column":37}},"28":{"start":{"line":111,"column":28},"end":{"line":126,"column":9}},"29":{"start":{"line":128,"column":8},"end":{"line":128,"column":65}},"30":{"start":{"line":131,"column":20},"end":{"line":131,"column":21}},"31":{"start":{"line":132,"column":8},"end":{"line":148,"column":9}},"32":{"start":{"line":134,"column":16},"end":{"line":134,"column":26}},"33":{"start":{"line":135,"column":16},"end":{"line":135,"column":22}},"34":{"start":{"line":137,"column":16},"end":{"line":137,"column":26}},"35":{"start":{"line":138,"column":16},"end":{"line":138,"column":22}},"36":{"start":{"line":140,"column":16},"end":{"line":140,"column":26}},"37":{"start":{"line":141,"column":16},"end":{"line":141,"column":22}},"38":{"start":{"line":143,"column":16},"end":{"line":143,"column":26}},"39":{"start":{"line":144,"column":16},"end":{"line":144,"column":22}},"40":{"start":{"line":146,"column":16},"end":{"line":146,"column":26}},"41":{"start":{"line":147,"column":16},"end":{"line":147,"column":22}},"42":{"start":{"line":150,"column":29},"end":{"line":155,"column":9}},"43":{"start":{"line":158,"column":8},"end":{"line":158,"column":72}},"44":{"start":{"line":160,"column":8},"end":{"line":164,"column":15}},"45":{"start":{"line":166,"column":8},"end":{"line":166,"column":51}},"46":{"start":{"line":168,"column":8},"end":{"line":172,"column":15}},"47":{"start":{"line":169,"column":12},"end":{"line":172,"column":15}},"48":{"start":{"line":174,"column":8},"end":{"line":177,"column":11}},"49":{"start":{"line":181,"column":0},"end":{"line":183,"column":2}}},"fnMap":{"0":{"name":"(anonymous_0)","decl":{"start":{"line":8,"column":20},"end":{"line":8,"column":21}},"loc":{"start":{"line":8,"column":40},"end":{"line":179,"column":1}},"line":8}},"branchMap":{"0":{"loc":{"start":{"line":27,"column":4},"end":{"line":36,"column":11}},"type":"if","locations":[{"start":{"line":27,"column":4},"end":{"line":36,"column":11}},{"start":{},"end":{}}],"line":27},"1":{"loc":{"start":{"line":27,"column":8},"end":{"line":27,"column":28}},"type":"binary-expr","locations":[{"start":{"line":27,"column":8},"end":{"line":27,"column":15}},{"start":{"line":27,"column":19},"end":{"line":27,"column":28}}],"line":27},"2":{"loc":{"start":{"line":41,"column":4},"end":{"line":51,"column":5}},"type":"if","locations":[{"start":{"line":41,"column":4},"end":{"line":51,"column":5}},{"start":{},"end":{}}],"line":41},"3":{"loc":{"start":{"line":56,"column":4},"end":{"line":66,"column":5}},"type":"if","locations":[{"start":{"line":56,"column":4},"end":{"line":66,"column":5}},{"start":{},"end":{}}],"line":56},"4":{"loc":{"start":{"line":70,"column":4},"end":{"line":80,"column":5}},"type":"if","locations":[{"start":{"line":70,"column":4},"end":{"line":80,"column":5}},{"start":{},"end":{}}],"line":70},"5":{"loc":{"start":{"line":132,"column":8},"end":{"line":148,"column":9}},"type":"switch","locations":[{"start":{"line":133,"column":12},"end":{"line":135,"column":22}},{"start":{"line":136,"column":12},"end":{"line":138,"column":22}},{"start":{"line":139,"column":12},"end":{"line":141,"column":22}},{"start":{"line":142,"column":12},"end":{"line":144,"column":22}},{"start":{"line":145,"column":12},"end":{"line":147,"column":22}}],"line":132},"6":{"loc":{"start":{"line":168,"column":8},"end":{"line":172,"column":15}},"type":"if","locations":[{"start":{"line":168,"column":8},"end":{"line":172,"column":15}},{"start":{},"end":{}}],"line":168}},"s":{"0":1,"1":1,"2":1,"3":1,"4":1,"5":1,"6":1,"7":0,"8":0,"9":0,"10":0,"11":0,"12":0,"13":0,"14":0,"15":0,"16":0,"17":0,"18":0,"19":0,"20":0,"21":0,"22":0,"23":0,"24":0,"25":0,"26":0,"27":0,"28":0,"29":0,"30":0,"31":0,"32":0,"33":0,"34":0,"35":0,"36":0,"37":0,"38":0,"39":0,"40":0,"41":0,"42":0,"43":0,"44":0,"45":0,"46":0,"47":0,"48":0,"49":1},"f":{"0":0},"b":{"0":[0,0],"1":[0,0],"2":[0,0],"3":[0,0],"4":[0,0],"5":[0,0,0,0,0],"6":[0,0]},"_coverageSchema":"1a1c01bbd47fc00a2c39e90264f33305004495a9","hash":"4b0ae6ed5d0e317534c0e0d5251e108c1492f374"}
,"C:\\Users\\elmco\\OneDrive\\Documentos\\GitHub\\AYD_Proy_G2\\Back\\src\\controllers\\createUser.controller.js": {"path":"C:\\Users\\elmco\\OneDrive\\Documentos\\GitHub\\AYD_Proy_G2\\Back\\src\\controllers\\createUser.controller.js","statementMap":{"0":{"start":{"line":1,"column":24},"end":{"line":1,"column":49}},"1":{"start":{"line":2,"column":13},"end":{"line":2,"column":28}},"2":{"start":{"line":3,"column":14},"end":{"line":3,"column":73}},"3":{"start":{"line":4,"column":15},"end":{"line":4,"column":32}},"4":{"start":{"line":6,"column":19},"end":{"line":73,"column":1}},"5":{"start":{"line":11,"column":8},"end":{"line":11,"column":16}},"6":{"start":{"line":14,"column":4},"end":{"line":23,"column":7}},"7":{"start":{"line":15,"column":4},"end":{"line":23,"column":7}},"8":{"start":{"line":25,"column":4},"end":{"line":72,"column":5}},"9":{"start":{"line":28,"column":25},"end":{"line":28,"column":80}},"10":{"start":{"line":31,"column":26},"end":{"line":36,"column":7}},"11":{"start":{"line":38,"column":6},"end":{"line":38,"column":60}},"12":{"start":{"line":41,"column":21},"end":{"line":41,"column":74}},"13":{"start":{"line":44,"column":26},"end":{"line":51,"column":7}},"14":{"start":{"line":53,"column":6},"end":{"line":53,"column":60}},"15":{"start":{"line":54,"column":0},"end":{"line":58,"column":9}},"16":{"start":{"line":60,"column":6},"end":{"line":60,"column":49}},"17":{"start":{"line":62,"column":6},"end":{"line":66,"column":11}},"18":{"start":{"line":63,"column":8},"end":{"line":66,"column":11}},"19":{"start":{"line":68,"column":6},"end":{"line":71,"column":9}},"20":{"start":{"line":75,"column":0},"end":{"line":77,"column":2}}},"fnMap":{"0":{"name":"(anonymous_0)","decl":{"start":{"line":6,"column":19},"end":{"line":6,"column":20}},"loc":{"start":{"line":6,"column":39},"end":{"line":73,"column":1}},"line":6}},"branchMap":{"0":{"loc":{"start":{"line":14,"column":4},"end":{"line":23,"column":7}},"type":"if","locations":[{"start":{"line":14,"column":4},"end":{"line":23,"column":7}},{"start":{},"end":{}}],"line":14},"1":{"loc":{"start":{"line":14,"column":8},"end":{"line":14,"column":41}},"type":"binary-expr","locations":[{"start":{"line":14,"column":8},"end":{"line":14,"column":17}},{"start":{"line":14,"column":21},"end":{"line":14,"column":30}},{"start":{"line":14,"column":34},"end":{"line":14,"column":41}}],"line":14},"2":{"loc":{"start":{"line":62,"column":6},"end":{"line":66,"column":11}},"type":"if","locations":[{"start":{"line":62,"column":6},"end":{"line":66,"column":11}},{"start":{},"end":{}}],"line":62}},"s":{"0":1,"1":1,"2":1,"3":1,"4":1,"5":0,"6":0,"7":0,"8":0,"9":0,"10":0,"11":0,"12":0,"13":0,"14":0,"15":0,"16":0,"17":0,"18":0,"19":0,"20":1},"f":{"0":0},"b":{"0":[0,0],"1":[0,0,0],"2":[0,0]},"_coverageSchema":"1a1c01bbd47fc00a2c39e90264f33305004495a9","hash":"0fd15a8c3010bdc0ee35eff569b036a8e08c4ec5"}
,"C:\\Users\\elmco\\OneDrive\\Documentos\\GitHub\\AYD_Proy_G2\\Back\\src\\controllers\\desactivarUser.controller.js": {"path":"C:\\Users\\elmco\\OneDrive\\Documentos\\GitHub\\AYD_Proy_G2\\Back\\src\\controllers\\desactivarUser.controller.js","statementMap":{"0":{"start":{"line":1,"column":24},"end":{"line":1,"column":49}},"1":{"start":{"line":2,"column":13},"end":{"line":2,"column":28}},"2":{"start":{"line":3,"column":14},"end":{"line":3,"column":73}},"3":{"start":{"line":4,"column":15},"end":{"line":4,"column":32}},"4":{"start":{"line":6,"column":23},"end":{"line":51,"column":1}},"5":{"start":{"line":7,"column":24},"end":{"line":7,"column":33}},"6":{"start":{"line":9,"column":4},"end":{"line":20,"column":5}},"7":{"start":{"line":10,"column":8},"end":{"line":19,"column":11}},"8":{"start":{"line":22,"column":4},"end":{"line":33,"column":5}},"9":{"start":{"line":23,"column":8},"end":{"line":32,"column":11}},"10":{"start":{"line":34,"column":4},"end":{"line":49,"column":5}},"11":{"start":{"line":36,"column":25},"end":{"line":36,"column":83}},"12":{"start":{"line":37,"column":8},"end":{"line":37,"column":39}},"13":{"start":{"line":39,"column":8},"end":{"line":48,"column":11}},"14":{"start":{"line":53,"column":23},"end":{"line":98,"column":1}},"15":{"start":{"line":54,"column":24},"end":{"line":54,"column":33}},"16":{"start":{"line":56,"column":4},"end":{"line":67,"column":5}},"17":{"start":{"line":57,"column":8},"end":{"line":66,"column":11}},"18":{"start":{"line":69,"column":4},"end":{"line":80,"column":5}},"19":{"start":{"line":70,"column":8},"end":{"line":79,"column":11}},"20":{"start":{"line":81,"column":4},"end":{"line":96,"column":5}},"21":{"start":{"line":83,"column":25},"end":{"line":83,"column":107}},"22":{"start":{"line":84,"column":8},"end":{"line":84,"column":39}},"23":{"start":{"line":86,"column":8},"end":{"line":95,"column":11}},"24":{"start":{"line":100,"column":23},"end":{"line":145,"column":1}},"25":{"start":{"line":101,"column":24},"end":{"line":101,"column":33}},"26":{"start":{"line":103,"column":4},"end":{"line":114,"column":5}},"27":{"start":{"line":104,"column":8},"end":{"line":113,"column":11}},"28":{"start":{"line":116,"column":4},"end":{"line":127,"column":5}},"29":{"start":{"line":117,"column":8},"end":{"line":126,"column":11}},"30":{"start":{"line":128,"column":4},"end":{"line":143,"column":5}},"31":{"start":{"line":130,"column":25},"end":{"line":130,"column":111}},"32":{"start":{"line":131,"column":8},"end":{"line":131,"column":39}},"33":{"start":{"line":133,"column":8},"end":{"line":142,"column":11}},"34":{"start":{"line":148,"column":23},"end":{"line":213,"column":1}},"35":{"start":{"line":149,"column":24},"end":{"line":149,"column":33}},"36":{"start":{"line":151,"column":4},"end":{"line":162,"column":5}},"37":{"start":{"line":152,"column":8},"end":{"line":161,"column":11}},"38":{"start":{"line":164,"column":4},"end":{"line":175,"column":5}},"39":{"start":{"line":165,"column":8},"end":{"line":174,"column":11}},"40":{"start":{"line":177,"column":22},"end":{"line":177,"column":30}},"41":{"start":{"line":179,"column":4},"end":{"line":190,"column":5}},"42":{"start":{"line":180,"column":8},"end":{"line":189,"column":11}},"43":{"start":{"line":192,"column":4},"end":{"line":211,"column":5}},"44":{"start":{"line":194,"column":8},"end":{"line":194,"column":85}},"45":{"start":{"line":195,"column":8},"end":{"line":199,"column":11}},"46":{"start":{"line":201,"column":8},"end":{"line":210,"column":11}},"47":{"start":{"line":215,"column":23},"end":{"line":280,"column":1}},"48":{"start":{"line":216,"column":24},"end":{"line":216,"column":33}},"49":{"start":{"line":218,"column":4},"end":{"line":229,"column":5}},"50":{"start":{"line":219,"column":8},"end":{"line":228,"column":11}},"51":{"start":{"line":231,"column":4},"end":{"line":242,"column":5}},"52":{"start":{"line":232,"column":8},"end":{"line":241,"column":11}},"53":{"start":{"line":244,"column":29},"end":{"line":244,"column":37}},"54":{"start":{"line":246,"column":4},"end":{"line":257,"column":5}},"55":{"start":{"line":247,"column":8},"end":{"line":256,"column":11}},"56":{"start":{"line":259,"column":4},"end":{"line":278,"column":5}},"57":{"start":{"line":261,"column":8},"end":{"line":261,"column":88}},"58":{"start":{"line":262,"column":8},"end":{"line":266,"column":11}},"59":{"start":{"line":268,"column":8},"end":{"line":277,"column":11}},"60":{"start":{"line":282,"column":23},"end":{"line":347,"column":1}},"61":{"start":{"line":283,"column":24},"end":{"line":283,"column":33}},"62":{"start":{"line":285,"column":4},"end":{"line":296,"column":5}},"63":{"start":{"line":286,"column":8},"end":{"line":295,"column":11}},"64":{"start":{"line":298,"column":4},"end":{"line":309,"column":5}},"65":{"start":{"line":299,"column":8},"end":{"line":308,"column":11}},"66":{"start":{"line":311,"column":29},"end":{"line":311,"column":37}},"67":{"start":{"line":313,"column":4},"end":{"line":324,"column":5}},"68":{"start":{"line":314,"column":8},"end":{"line":323,"column":11}},"69":{"start":{"line":326,"column":4},"end":{"line":345,"column":5}},"70":{"start":{"line":328,"column":8},"end":{"line":328,"column":91}},"71":{"start":{"line":329,"column":8},"end":{"line":333,"column":11}},"72":{"start":{"line":335,"column":8},"end":{"line":344,"column":11}},"73":{"start":{"line":350,"column":0},"end":{"line":357,"column":1}}},"fnMap":{"0":{"name":"(anonymous_0)","decl":{"start":{"line":6,"column":23},"end":{"line":6,"column":24}},"loc":{"start":{"line":6,"column":43},"end":{"line":51,"column":1}},"line":6},"1":{"name":"(anonymous_1)","decl":{"start":{"line":53,"column":23},"end":{"line":53,"column":24}},"loc":{"start":{"line":53,"column":43},"end":{"line":98,"column":1}},"line":53},"2":{"name":"(anonymous_2)","decl":{"start":{"line":100,"column":23},"end":{"line":100,"column":24}},"loc":{"start":{"line":100,"column":43},"end":{"line":145,"column":1}},"line":100},"3":{"name":"(anonymous_3)","decl":{"start":{"line":148,"column":23},"end":{"line":148,"column":24}},"loc":{"start":{"line":148,"column":43},"end":{"line":213,"column":1}},"line":148},"4":{"name":"(anonymous_4)","decl":{"start":{"line":215,"column":23},"end":{"line":215,"column":24}},"loc":{"start":{"line":215,"column":43},"end":{"line":280,"column":1}},"line":215},"5":{"name":"(anonymous_5)","decl":{"start":{"line":282,"column":23},"end":{"line":282,"column":24}},"loc":{"start":{"line":282,"column":43},"end":{"line":347,"column":1}},"line":282}},"branchMap":{"0":{"loc":{"start":{"line":9,"column":4},"end":{"line":20,"column":5}},"type":"if","locations":[{"start":{"line":9,"column":4},"end":{"line":20,"column":5}},{"start":{},"end":{}}],"line":9},"1":{"loc":{"start":{"line":9,"column":8},"end":{"line":9,"column":19}},"type":"binary-expr","locations":[{"start":{"line":9,"column":8},"end":{"line":9,"column":11}},{"start":{"line":9,"column":15},"end":{"line":9,"column":19}}],"line":9},"2":{"loc":{"start":{"line":22,"column":4},"end":{"line":33,"column":5}},"type":"if","locations":[{"start":{"line":22,"column":4},"end":{"line":33,"column":5}},{"start":{},"end":{}}],"line":22},"3":{"loc":{"start":{"line":56,"column":4},"end":{"line":67,"column":5}},"type":"if","locations":[{"start":{"line":56,"column":4},"end":{"line":67,"column":5}},{"start":{},"end":{}}],"line":56},"4":{"loc":{"start":{"line":56,"column":8},"end":{"line":56,"column":19}},"type":"binary-expr","locations":[{"start":{"line":56,"column":8},"end":{"line":56,"column":11}},{"start":{"line":56,"column":15},"end":{"line":56,"column":19}}],"line":56},"5":{"loc":{"start":{"line":69,"column":4},"end":{"line":80,"column":5}},"type":"if","locations":[{"start":{"line":69,"column":4},"end":{"line":80,"column":5}},{"start":{},"end":{}}],"line":69},"6":{"loc":{"start":{"line":103,"column":4},"end":{"line":114,"column":5}},"type":"if","locations":[{"start":{"line":103,"column":4},"end":{"line":114,"column":5}},{"start":{},"end":{}}],"line":103},"7":{"loc":{"start":{"line":103,"column":8},"end":{"line":103,"column":19}},"type":"binary-expr","locations":[{"start":{"line":103,"column":8},"end":{"line":103,"column":11}},{"start":{"line":103,"column":15},"end":{"line":103,"column":19}}],"line":103},"8":{"loc":{"start":{"line":116,"column":4},"end":{"line":127,"column":5}},"type":"if","locations":[{"start":{"line":116,"column":4},"end":{"line":127,"column":5}},{"start":{},"end":{}}],"line":116},"9":{"loc":{"start":{"line":151,"column":4},"end":{"line":162,"column":5}},"type":"if","locations":[{"start":{"line":151,"column":4},"end":{"line":162,"column":5}},{"start":{},"end":{}}],"line":151},"10":{"loc":{"start":{"line":151,"column":8},"end":{"line":151,"column":19}},"type":"binary-expr","locations":[{"start":{"line":151,"column":8},"end":{"line":151,"column":11}},{"start":{"line":151,"column":15},"end":{"line":151,"column":19}}],"line":151},"11":{"loc":{"start":{"line":164,"column":4},"end":{"line":175,"column":5}},"type":"if","locations":[{"start":{"line":164,"column":4},"end":{"line":175,"column":5}},{"start":{},"end":{}}],"line":164},"12":{"loc":{"start":{"line":179,"column":4},"end":{"line":190,"column":5}},"type":"if","locations":[{"start":{"line":179,"column":4},"end":{"line":190,"column":5}},{"start":{},"end":{}}],"line":179},"13":{"loc":{"start":{"line":218,"column":4},"end":{"line":229,"column":5}},"type":"if","locations":[{"start":{"line":218,"column":4},"end":{"line":229,"column":5}},{"start":{},"end":{}}],"line":218},"14":{"loc":{"start":{"line":218,"column":8},"end":{"line":218,"column":19}},"type":"binary-expr","locations":[{"start":{"line":218,"column":8},"end":{"line":218,"column":11}},{"start":{"line":218,"column":15},"end":{"line":218,"column":19}}],"line":218},"15":{"loc":{"start":{"line":231,"column":4},"end":{"line":242,"column":5}},"type":"if","locations":[{"start":{"line":231,"column":4},"end":{"line":242,"column":5}},{"start":{},"end":{}}],"line":231},"16":{"loc":{"start":{"line":246,"column":4},"end":{"line":257,"column":5}},"type":"if","locations":[{"start":{"line":246,"column":4},"end":{"line":257,"column":5}},{"start":{},"end":{}}],"line":246},"17":{"loc":{"start":{"line":246,"column":8},"end":{"line":246,"column":24}},"type":"binary-expr","locations":[{"start":{"line":246,"column":8},"end":{"line":246,"column":15}},{"start":{"line":246,"column":19},"end":{"line":246,"column":24}}],"line":246},"18":{"loc":{"start":{"line":285,"column":4},"end":{"line":296,"column":5}},"type":"if","locations":[{"start":{"line":285,"column":4},"end":{"line":296,"column":5}},{"start":{},"end":{}}],"line":285},"19":{"loc":{"start":{"line":285,"column":8},"end":{"line":285,"column":19}},"type":"binary-expr","locations":[{"start":{"line":285,"column":8},"end":{"line":285,"column":11}},{"start":{"line":285,"column":15},"end":{"line":285,"column":19}}],"line":285},"20":{"loc":{"start":{"line":298,"column":4},"end":{"line":309,"column":5}},"type":"if","locations":[{"start":{"line":298,"column":4},"end":{"line":309,"column":5}},{"start":{},"end":{}}],"line":298},"21":{"loc":{"start":{"line":313,"column":4},"end":{"line":324,"column":5}},"type":"if","locations":[{"start":{"line":313,"column":4},"end":{"line":324,"column":5}},{"start":{},"end":{}}],"line":313},"22":{"loc":{"start":{"line":313,"column":8},"end":{"line":313,"column":24}},"type":"binary-expr","locations":[{"start":{"line":313,"column":8},"end":{"line":313,"column":15}},{"start":{"line":313,"column":19},"end":{"line":313,"column":24}}],"line":313}},"s":{"0":1,"1":1,"2":1,"3":1,"4":1,"5":0,"6":0,"7":0,"8":0,"9":0,"10":0,"11":0,"12":0,"13":0,"14":1,"15":0,"16":0,"17":0,"18":0,"19":0,"20":0,"21":0,"22":0,"23":0,"24":1,"25":0,"26":0,"27":0,"28":0,"29":0,"30":0,"31":0,"32":0,"33":0,"34":1,"35":0,"36":0,"37":0,"38":0,"39":0,"40":0,"41":0,"42":0,"43":0,"44":0,"45":0,"46":0,"47":1,"48":0,"49":0,"50":0,"51":0,"52":0,"53":0,"54":0,"55":0,"56":0,"57":0,"58":0,"59":0,"60":1,"61":0,"62":0,"63":0,"64":0,"65":0,"66":0,"67":0,"68":0,"69":0,"70":0,"71":0,"72":0,"73":1},"f":{"0":0,"1":0,"2":0,"3":0,"4":0,"5":0},"b":{"0":[0,0],"1":[0,0],"2":[0,0],"3":[0,0],"4":[0,0],"5":[0,0],"6":[0,0],"7":[0,0],"8":[0,0],"9":[0,0],"10":[0,0],"11":[0,0],"12":[0,0],"13":[0,0],"14":[0,0],"15":[0,0],"16":[0,0],"17":[0,0],"18":[0,0],"19":[0,0],"20":[0,0],"21":[0,0],"22":[0,0]},"_coverageSchema":"1a1c01bbd47fc00a2c39e90264f33305004495a9","hash":"d8801faeaf5196c44de503f2c9b042d88cbe09cc"}
,"C:\\Users\\elmco\\OneDrive\\Documentos\\GitHub\\AYD_Proy_G2\\Back\\src\\controllers\\informeUser.controller.js": {"path":"C:\\Users\\elmco\\OneDrive\\Documentos\\GitHub\\AYD_Proy_G2\\Back\\src\\controllers\\informeUser.controller.js","statementMap":{"0":{"start":{"line":1,"column":24},"end":{"line":1,"column":49}},"1":{"start":{"line":2,"column":13},"end":{"line":2,"column":28}},"2":{"start":{"line":3,"column":14},"end":{"line":3,"column":73}},"3":{"start":{"line":4,"column":15},"end":{"line":4,"column":32}},"4":{"start":{"line":6,"column":20},"end":{"line":51,"column":1}},"5":{"start":{"line":7,"column":24},"end":{"line":7,"column":33}},"6":{"start":{"line":9,"column":4},"end":{"line":20,"column":5}},"7":{"start":{"line":10,"column":8},"end":{"line":19,"column":11}},"8":{"start":{"line":22,"column":4},"end":{"line":33,"column":5}},"9":{"start":{"line":23,"column":8},"end":{"line":32,"column":11}},"10":{"start":{"line":34,"column":4},"end":{"line":49,"column":5}},"11":{"start":{"line":36,"column":25},"end":{"line":36,"column":66}},"12":{"start":{"line":37,"column":8},"end":{"line":37,"column":39}},"13":{"start":{"line":39,"column":8},"end":{"line":48,"column":11}},"14":{"start":{"line":53,"column":18},"end":{"line":98,"column":1}},"15":{"start":{"line":54,"column":24},"end":{"line":54,"column":33}},"16":{"start":{"line":56,"column":4},"end":{"line":67,"column":5}},"17":{"start":{"line":57,"column":8},"end":{"line":66,"column":11}},"18":{"start":{"line":69,"column":4},"end":{"line":80,"column":5}},"19":{"start":{"line":70,"column":8},"end":{"line":79,"column":11}},"20":{"start":{"line":81,"column":4},"end":{"line":96,"column":5}},"21":{"start":{"line":83,"column":25},"end":{"line":83,"column":81}},"22":{"start":{"line":84,"column":8},"end":{"line":84,"column":39}},"23":{"start":{"line":86,"column":8},"end":{"line":95,"column":11}},"24":{"start":{"line":100,"column":22},"end":{"line":150,"column":1}},"25":{"start":{"line":101,"column":24},"end":{"line":101,"column":33}},"26":{"start":{"line":103,"column":4},"end":{"line":114,"column":5}},"27":{"start":{"line":104,"column":8},"end":{"line":113,"column":11}},"28":{"start":{"line":116,"column":4},"end":{"line":127,"column":5}},"29":{"start":{"line":117,"column":8},"end":{"line":126,"column":11}},"30":{"start":{"line":128,"column":4},"end":{"line":148,"column":5}},"31":{"start":{"line":130,"column":21},"end":{"line":130,"column":84}},"32":{"start":{"line":131,"column":8},"end":{"line":131,"column":38}},"33":{"start":{"line":132,"column":8},"end":{"line":132,"column":49}},"34":{"start":{"line":133,"column":8},"end":{"line":133,"column":30}},"35":{"start":{"line":135,"column":27},"end":{"line":135,"column":50}},"36":{"start":{"line":136,"column":8},"end":{"line":136,"column":41}},"37":{"start":{"line":138,"column":8},"end":{"line":147,"column":11}},"38":{"start":{"line":152,"column":21},"end":{"line":207,"column":1}},"39":{"start":{"line":153,"column":24},"end":{"line":153,"column":33}},"40":{"start":{"line":155,"column":4},"end":{"line":166,"column":5}},"41":{"start":{"line":156,"column":8},"end":{"line":165,"column":11}},"42":{"start":{"line":168,"column":4},"end":{"line":179,"column":5}},"43":{"start":{"line":169,"column":8},"end":{"line":178,"column":11}},"44":{"start":{"line":180,"column":4},"end":{"line":205,"column":5}},"45":{"start":{"line":182,"column":21},"end":{"line":182,"column":93}},"46":{"start":{"line":183,"column":8},"end":{"line":183,"column":135}},"47":{"start":{"line":184,"column":8},"end":{"line":184,"column":75}},"48":{"start":{"line":185,"column":8},"end":{"line":185,"column":51}},"49":{"start":{"line":186,"column":8},"end":{"line":186,"column":66}},"50":{"start":{"line":187,"column":8},"end":{"line":187,"column":66}},"51":{"start":{"line":188,"column":8},"end":{"line":188,"column":45}},"52":{"start":{"line":189,"column":8},"end":{"line":189,"column":42}},"53":{"start":{"line":190,"column":8},"end":{"line":190,"column":28}},"54":{"start":{"line":192,"column":24},"end":{"line":192,"column":47}},"55":{"start":{"line":193,"column":8},"end":{"line":193,"column":38}},"56":{"start":{"line":195,"column":8},"end":{"line":204,"column":11}},"57":{"start":{"line":209,"column":22},"end":{"line":261,"column":1}},"58":{"start":{"line":210,"column":24},"end":{"line":210,"column":33}},"59":{"start":{"line":212,"column":4},"end":{"line":223,"column":5}},"60":{"start":{"line":213,"column":8},"end":{"line":222,"column":11}},"61":{"start":{"line":225,"column":4},"end":{"line":236,"column":5}},"62":{"start":{"line":226,"column":8},"end":{"line":235,"column":11}},"63":{"start":{"line":237,"column":4},"end":{"line":259,"column":5}},"64":{"start":{"line":239,"column":21},"end":{"line":239,"column":82}},"65":{"start":{"line":240,"column":8},"end":{"line":240,"column":42}},"66":{"start":{"line":241,"column":8},"end":{"line":241,"column":62}},"67":{"start":{"line":242,"column":8},"end":{"line":242,"column":54}},"68":{"start":{"line":243,"column":8},"end":{"line":243,"column":41}},"69":{"start":{"line":244,"column":8},"end":{"line":244,"column":28}},"70":{"start":{"line":246,"column":25},"end":{"line":246,"column":48}},"71":{"start":{"line":247,"column":8},"end":{"line":247,"column":39}},"72":{"start":{"line":249,"column":8},"end":{"line":258,"column":11}},"73":{"start":{"line":268,"column":0},"end":{"line":274,"column":1}}},"fnMap":{"0":{"name":"(anonymous_0)","decl":{"start":{"line":6,"column":20},"end":{"line":6,"column":21}},"loc":{"start":{"line":6,"column":40},"end":{"line":51,"column":1}},"line":6},"1":{"name":"(anonymous_1)","decl":{"start":{"line":53,"column":18},"end":{"line":53,"column":19}},"loc":{"start":{"line":53,"column":38},"end":{"line":98,"column":1}},"line":53},"2":{"name":"(anonymous_2)","decl":{"start":{"line":100,"column":22},"end":{"line":100,"column":23}},"loc":{"start":{"line":100,"column":42},"end":{"line":150,"column":1}},"line":100},"3":{"name":"(anonymous_3)","decl":{"start":{"line":152,"column":21},"end":{"line":152,"column":22}},"loc":{"start":{"line":152,"column":41},"end":{"line":207,"column":1}},"line":152},"4":{"name":"(anonymous_4)","decl":{"start":{"line":209,"column":22},"end":{"line":209,"column":23}},"loc":{"start":{"line":209,"column":42},"end":{"line":261,"column":1}},"line":209}},"branchMap":{"0":{"loc":{"start":{"line":9,"column":4},"end":{"line":20,"column":5}},"type":"if","locations":[{"start":{"line":9,"column":4},"end":{"line":20,"column":5}},{"start":{},"end":{}}],"line":9},"1":{"loc":{"start":{"line":9,"column":8},"end":{"line":9,"column":19}},"type":"binary-expr","locations":[{"start":{"line":9,"column":8},"end":{"line":9,"column":11}},{"start":{"line":9,"column":15},"end":{"line":9,"column":19}}],"line":9},"2":{"loc":{"start":{"line":22,"column":4},"end":{"line":33,"column":5}},"type":"if","locations":[{"start":{"line":22,"column":4},"end":{"line":33,"column":5}},{"start":{},"end":{}}],"line":22},"3":{"loc":{"start":{"line":56,"column":4},"end":{"line":67,"column":5}},"type":"if","locations":[{"start":{"line":56,"column":4},"end":{"line":67,"column":5}},{"start":{},"end":{}}],"line":56},"4":{"loc":{"start":{"line":56,"column":8},"end":{"line":56,"column":19}},"type":"binary-expr","locations":[{"start":{"line":56,"column":8},"end":{"line":56,"column":11}},{"start":{"line":56,"column":15},"end":{"line":56,"column":19}}],"line":56},"5":{"loc":{"start":{"line":69,"column":4},"end":{"line":80,"column":5}},"type":"if","locations":[{"start":{"line":69,"column":4},"end":{"line":80,"column":5}},{"start":{},"end":{}}],"line":69},"6":{"loc":{"start":{"line":103,"column":4},"end":{"line":114,"column":5}},"type":"if","locations":[{"start":{"line":103,"column":4},"end":{"line":114,"column":5}},{"start":{},"end":{}}],"line":103},"7":{"loc":{"start":{"line":103,"column":8},"end":{"line":103,"column":19}},"type":"binary-expr","locations":[{"start":{"line":103,"column":8},"end":{"line":103,"column":11}},{"start":{"line":103,"column":15},"end":{"line":103,"column":19}}],"line":103},"8":{"loc":{"start":{"line":116,"column":4},"end":{"line":127,"column":5}},"type":"if","locations":[{"start":{"line":116,"column":4},"end":{"line":127,"column":5}},{"start":{},"end":{}}],"line":116},"9":{"loc":{"start":{"line":155,"column":4},"end":{"line":166,"column":5}},"type":"if","locations":[{"start":{"line":155,"column":4},"end":{"line":166,"column":5}},{"start":{},"end":{}}],"line":155},"10":{"loc":{"start":{"line":155,"column":8},"end":{"line":155,"column":19}},"type":"binary-expr","locations":[{"start":{"line":155,"column":8},"end":{"line":155,"column":11}},{"start":{"line":155,"column":15},"end":{"line":155,"column":19}}],"line":155},"11":{"loc":{"start":{"line":168,"column":4},"end":{"line":179,"column":5}},"type":"if","locations":[{"start":{"line":168,"column":4},"end":{"line":179,"column":5}},{"start":{},"end":{}}],"line":168},"12":{"loc":{"start":{"line":212,"column":4},"end":{"line":223,"column":5}},"type":"if","locations":[{"start":{"line":212,"column":4},"end":{"line":223,"column":5}},{"start":{},"end":{}}],"line":212},"13":{"loc":{"start":{"line":212,"column":8},"end":{"line":212,"column":19}},"type":"binary-expr","locations":[{"start":{"line":212,"column":8},"end":{"line":212,"column":11}},{"start":{"line":212,"column":15},"end":{"line":212,"column":19}}],"line":212},"14":{"loc":{"start":{"line":225,"column":4},"end":{"line":236,"column":5}},"type":"if","locations":[{"start":{"line":225,"column":4},"end":{"line":236,"column":5}},{"start":{},"end":{}}],"line":225}},"s":{"0":1,"1":1,"2":1,"3":1,"4":1,"5":0,"6":0,"7":0,"8":0,"9":0,"10":0,"11":0,"12":0,"13":0,"14":1,"15":0,"16":0,"17":0,"18":0,"19":0,"20":0,"21":0,"22":0,"23":0,"24":1,"25":0,"26":0,"27":0,"28":0,"29":0,"30":0,"31":0,"32":0,"33":0,"34":0,"35":0,"36":0,"37":0,"38":1,"39":0,"40":0,"41":0,"42":0,"43":0,"44":0,"45":0,"46":0,"47":0,"48":0,"49":0,"50":0,"51":0,"52":0,"53":0,"54":0,"55":0,"56":0,"57":1,"58":0,"59":0,"60":0,"61":0,"62":0,"63":0,"64":0,"65":0,"66":0,"67":0,"68":0,"69":0,"70":0,"71":0,"72":0,"73":1},"f":{"0":0,"1":0,"2":0,"3":0,"4":0},"b":{"0":[0,0],"1":[0,0],"2":[0,0],"3":[0,0],"4":[0,0],"5":[0,0],"6":[0,0],"7":[0,0],"8":[0,0],"9":[0,0],"10":[0,0],"11":[0,0],"12":[0,0],"13":[0,0],"14":[0,0]},"_coverageSchema":"1a1c01bbd47fc00a2c39e90264f33305004495a9","hash":"7db023338e3cb94065fcc7b96f4d5135fb983791"}
,"C:\\Users\\elmco\\OneDrive\\Documentos\\GitHub\\AYD_Proy_G2\\Back\\src\\controllers\\loginAdmin.controller.js": {"path":"C:\\Users\\elmco\\OneDrive\\Documentos\\GitHub\\AYD_Proy_G2\\Back\\src\\controllers\\loginAdmin.controller.js","statementMap":{"0":{"start":{"line":1,"column":24},"end":{"line":1,"column":49}},"1":{"start":{"line":2,"column":13},"end":{"line":2,"column":28}},"2":{"start":{"line":3,"column":14},"end":{"line":3,"column":73}},"3":{"start":{"line":4,"column":15},"end":{"line":4,"column":32}},"4":{"start":{"line":5,"column":12},"end":{"line":5,"column":35}},"5":{"start":{"line":7,"column":19},"end":{"line":68,"column":1}},"6":{"start":{"line":8,"column":35},"end":{"line":8,"column":43}},"7":{"start":{"line":10,"column":4},"end":{"line":20,"column":11}},"8":{"start":{"line":11,"column":8},"end":{"line":20,"column":11}},"9":{"start":{"line":22,"column":23},"end":{"line":22,"column":78}},"10":{"start":{"line":25,"column":4},"end":{"line":64,"column":6}},"11":{"start":{"line":29,"column":12},"end":{"line":32,"column":13}},"12":{"start":{"line":30,"column":16},"end":{"line":30,"column":33}},"13":{"start":{"line":31,"column":16},"end":{"line":31,"column":83}},"14":{"start":{"line":34,"column":12},"end":{"line":49,"column":23}},"15":{"start":{"line":35,"column":16},"end":{"line":41,"column":23}},"16":{"start":{"line":42,"column":17},"end":{"line":49,"column":23}},"17":{"start":{"line":43,"column":16},"end":{"line":49,"column":23}},"18":{"start":{"line":52,"column":26},"end":{"line":58,"column":13}},"19":{"start":{"line":59,"column":12},"end":{"line":59,"column":36}},"20":{"start":{"line":60,"column":12},"end":{"line":60,"column":32}},"21":{"start":{"line":62,"column":12},"end":{"line":62,"column":44}},"22":{"start":{"line":70,"column":0},"end":{"line":72,"column":1}}},"fnMap":{"0":{"name":"(anonymous_0)","decl":{"start":{"line":7,"column":19},"end":{"line":7,"column":20}},"loc":{"start":{"line":7,"column":39},"end":{"line":68,"column":1}},"line":7},"1":{"name":"(anonymous_1)","decl":{"start":{"line":28,"column":8},"end":{"line":28,"column":9}},"loc":{"start":{"line":28,"column":31},"end":{"line":63,"column":9}},"line":28}},"branchMap":{"0":{"loc":{"start":{"line":10,"column":4},"end":{"line":20,"column":11}},"type":"if","locations":[{"start":{"line":10,"column":4},"end":{"line":20,"column":11}},{"start":{},"end":{}}],"line":10},"1":{"loc":{"start":{"line":10,"column":8},"end":{"line":10,"column":30}},"type":"binary-expr","locations":[{"start":{"line":10,"column":8},"end":{"line":10,"column":17}},{"start":{"line":10,"column":21},"end":{"line":10,"column":30}}],"line":10},"2":{"loc":{"start":{"line":29,"column":12},"end":{"line":32,"column":13}},"type":"if","locations":[{"start":{"line":29,"column":12},"end":{"line":32,"column":13}},{"start":{},"end":{}}],"line":29},"3":{"loc":{"start":{"line":34,"column":12},"end":{"line":49,"column":23}},"type":"if","locations":[{"start":{"line":34,"column":12},"end":{"line":49,"column":23}},{"start":{"line":42,"column":17},"end":{"line":49,"column":23}}],"line":34},"4":{"loc":{"start":{"line":42,"column":17},"end":{"line":49,"column":23}},"type":"if","locations":[{"start":{"line":42,"column":17},"end":{"line":49,"column":23}},{"start":{},"end":{}}],"line":42}},"s":{"0":1,"1":1,"2":1,"3":1,"4":1,"5":1,"6":0,"7":0,"8":0,"9":0,"10":0,"11":0,"12":0,"13":0,"14":0,"15":0,"16":0,"17":0,"18":0,"19":0,"20":0,"21":0,"22":1},"f":{"0":0,"1":0},"b":{"0":[0,0],"1":[0,0],"2":[0,0],"3":[0,0],"4":[0,0]},"_coverageSchema":"1a1c01bbd47fc00a2c39e90264f33305004495a9","hash":"040447da6fda1e7c36ab66ad13f5ecb764b4ab45"}
,"C:\\Users\\elmco\\OneDrive\\Documentos\\GitHub\\AYD_Proy_G2\\Back\\src\\controllers\\loginEmpresa.controller.js": {"path":"C:\\Users\\elmco\\OneDrive\\Documentos\\GitHub\\AYD_Proy_G2\\Back\\src\\controllers\\loginEmpresa.controller.js","statementMap":{"0":{"start":{"line":1,"column":24},"end":{"line":1,"column":49}},"1":{"start":{"line":2,"column":13},"end":{"line":2,"column":28}},"2":{"start":{"line":3,"column":14},"end":{"line":3,"column":73}},"3":{"start":{"line":4,"column":15},"end":{"line":4,"column":32}},"4":{"start":{"line":5,"column":12},"end":{"line":5,"column":35}},"5":{"start":{"line":7,"column":21},"end":{"line":95,"column":1}},"6":{"start":{"line":8,"column":35},"end":{"line":8,"column":43}},"7":{"start":{"line":10,"column":4},"end":{"line":20,"column":11}},"8":{"start":{"line":11,"column":8},"end":{"line":20,"column":11}},"9":{"start":{"line":22,"column":23},"end":{"line":22,"column":78}},"10":{"start":{"line":26,"column":19},"end":{"line":26,"column":86}},"11":{"start":{"line":28,"column":4},"end":{"line":47,"column":5}},"12":{"start":{"line":30,"column":8},"end":{"line":38,"column":9}},"13":{"start":{"line":31,"column":12},"end":{"line":37,"column":19}},"14":{"start":{"line":40,"column":8},"end":{"line":46,"column":15}},"15":{"start":{"line":51,"column":20},"end":{"line":51,"column":94}},"16":{"start":{"line":53,"column":4},"end":{"line":94,"column":5}},"17":{"start":{"line":55,"column":8},"end":{"line":85,"column":9}},"18":{"start":{"line":56,"column":12},"end":{"line":62,"column":19}},"19":{"start":{"line":63,"column":15},"end":{"line":85,"column":9}},"20":{"start":{"line":64,"column":12},"end":{"line":70,"column":19}},"21":{"start":{"line":74,"column":26},"end":{"line":80,"column":13}},"22":{"start":{"line":81,"column":12},"end":{"line":81,"column":37}},"23":{"start":{"line":82,"column":12},"end":{"line":82,"column":32}},"24":{"start":{"line":83,"column":12},"end":{"line":83,"column":52}},"25":{"start":{"line":87,"column":8},"end":{"line":93,"column":15}},"26":{"start":{"line":97,"column":0},"end":{"line":99,"column":1}}},"fnMap":{"0":{"name":"(anonymous_0)","decl":{"start":{"line":7,"column":21},"end":{"line":7,"column":22}},"loc":{"start":{"line":7,"column":41},"end":{"line":95,"column":1}},"line":7}},"branchMap":{"0":{"loc":{"start":{"line":10,"column":4},"end":{"line":20,"column":11}},"type":"if","locations":[{"start":{"line":10,"column":4},"end":{"line":20,"column":11}},{"start":{},"end":{}}],"line":10},"1":{"loc":{"start":{"line":10,"column":8},"end":{"line":10,"column":30}},"type":"binary-expr","locations":[{"start":{"line":10,"column":8},"end":{"line":10,"column":17}},{"start":{"line":10,"column":21},"end":{"line":10,"column":30}}],"line":10},"2":{"loc":{"start":{"line":30,"column":8},"end":{"line":38,"column":9}},"type":"if","locations":[{"start":{"line":30,"column":8},"end":{"line":38,"column":9}},{"start":{},"end":{}}],"line":30},"3":{"loc":{"start":{"line":55,"column":8},"end":{"line":85,"column":9}},"type":"if","locations":[{"start":{"line":55,"column":8},"end":{"line":85,"column":9}},{"start":{"line":63,"column":15},"end":{"line":85,"column":9}}],"line":55},"4":{"loc":{"start":{"line":63,"column":15},"end":{"line":85,"column":9}},"type":"if","locations":[{"start":{"line":63,"column":15},"end":{"line":85,"column":9}},{"start":{"line":71,"column":15},"end":{"line":85,"column":9}}],"line":63}},"s":{"0":1,"1":1,"2":1,"3":1,"4":1,"5":1,"6":0,"7":0,"8":0,"9":0,"10":0,"11":0,"12":0,"13":0,"14":0,"15":0,"16":0,"17":0,"18":0,"19":0,"20":0,"21":0,"22":0,"23":0,"24":0,"25":0,"26":1},"f":{"0":0},"b":{"0":[0,0],"1":[0,0],"2":[0,0],"3":[0,0],"4":[0,0]},"_coverageSchema":"1a1c01bbd47fc00a2c39e90264f33305004495a9","hash":"ae923f661ccaf2045fe3e888a44177b79496f7a9"}
,"C:\\Users\\elmco\\OneDrive\\Documentos\\GitHub\\AYD_Proy_G2\\Back\\src\\controllers\\loginRepar.controller.js": {"path":"C:\\Users\\elmco\\OneDrive\\Documentos\\GitHub\\AYD_Proy_G2\\Back\\src\\controllers\\loginRepar.controller.js","statementMap":{"0":{"start":{"line":1,"column":24},"end":{"line":1,"column":49}},"1":{"start":{"line":2,"column":13},"end":{"line":2,"column":28}},"2":{"start":{"line":3,"column":14},"end":{"line":3,"column":73}},"3":{"start":{"line":4,"column":15},"end":{"line":4,"column":32}},"4":{"start":{"line":5,"column":12},"end":{"line":5,"column":35}},"5":{"start":{"line":7,"column":19},"end":{"line":92,"column":1}},"6":{"start":{"line":8,"column":35},"end":{"line":8,"column":43}},"7":{"start":{"line":10,"column":4},"end":{"line":20,"column":11}},"8":{"start":{"line":11,"column":8},"end":{"line":20,"column":11}},"9":{"start":{"line":22,"column":23},"end":{"line":22,"column":78}},"10":{"start":{"line":25,"column":19},"end":{"line":25,"column":86}},"11":{"start":{"line":27,"column":4},"end":{"line":46,"column":5}},"12":{"start":{"line":29,"column":8},"end":{"line":37,"column":9}},"13":{"start":{"line":30,"column":12},"end":{"line":36,"column":19}},"14":{"start":{"line":39,"column":8},"end":{"line":45,"column":15}},"15":{"start":{"line":49,"column":22},"end":{"line":49,"column":99}},"16":{"start":{"line":51,"column":4},"end":{"line":90,"column":5}},"17":{"start":{"line":53,"column":8},"end":{"line":81,"column":9}},"18":{"start":{"line":54,"column":12},"end":{"line":60,"column":19}},"19":{"start":{"line":61,"column":15},"end":{"line":81,"column":9}},"20":{"start":{"line":62,"column":12},"end":{"line":68,"column":19}},"21":{"start":{"line":71,"column":26},"end":{"line":77,"column":13}},"22":{"start":{"line":78,"column":12},"end":{"line":78,"column":39}},"23":{"start":{"line":79,"column":12},"end":{"line":79,"column":34}},"24":{"start":{"line":80,"column":12},"end":{"line":80,"column":54}},"25":{"start":{"line":83,"column":8},"end":{"line":89,"column":15}},"26":{"start":{"line":94,"column":0},"end":{"line":96,"column":1}}},"fnMap":{"0":{"name":"(anonymous_0)","decl":{"start":{"line":7,"column":19},"end":{"line":7,"column":20}},"loc":{"start":{"line":7,"column":39},"end":{"line":92,"column":1}},"line":7}},"branchMap":{"0":{"loc":{"start":{"line":10,"column":4},"end":{"line":20,"column":11}},"type":"if","locations":[{"start":{"line":10,"column":4},"end":{"line":20,"column":11}},{"start":{},"end":{}}],"line":10},"1":{"loc":{"start":{"line":10,"column":8},"end":{"line":10,"column":30}},"type":"binary-expr","locations":[{"start":{"line":10,"column":8},"end":{"line":10,"column":17}},{"start":{"line":10,"column":21},"end":{"line":10,"column":30}}],"line":10},"2":{"loc":{"start":{"line":29,"column":8},"end":{"line":37,"column":9}},"type":"if","locations":[{"start":{"line":29,"column":8},"end":{"line":37,"column":9}},{"start":{},"end":{}}],"line":29},"3":{"loc":{"start":{"line":53,"column":8},"end":{"line":81,"column":9}},"type":"if","locations":[{"start":{"line":53,"column":8},"end":{"line":81,"column":9}},{"start":{"line":61,"column":15},"end":{"line":81,"column":9}}],"line":53},"4":{"loc":{"start":{"line":61,"column":15},"end":{"line":81,"column":9}},"type":"if","locations":[{"start":{"line":61,"column":15},"end":{"line":81,"column":9}},{"start":{"line":69,"column":15},"end":{"line":81,"column":9}}],"line":61}},"s":{"0":1,"1":1,"2":1,"3":1,"4":1,"5":1,"6":0,"7":0,"8":0,"9":0,"10":0,"11":0,"12":0,"13":0,"14":0,"15":0,"16":0,"17":0,"18":0,"19":0,"20":0,"21":0,"22":0,"23":0,"24":0,"25":0,"26":1},"f":{"0":0},"b":{"0":[0,0],"1":[0,0],"2":[0,0],"3":[0,0],"4":[0,0]},"_coverageSchema":"1a1c01bbd47fc00a2c39e90264f33305004495a9","hash":"2d2d51e4f90c59f05af354af4ceaec83e93b1efa"}
,"C:\\Users\\elmco\\OneDrive\\Documentos\\GitHub\\AYD_Proy_G2\\Back\\src\\controllers\\loginUser.controller.js": {"path":"C:\\Users\\elmco\\OneDrive\\Documentos\\GitHub\\AYD_Proy_G2\\Back\\src\\controllers\\loginUser.controller.js","statementMap":{"0":{"start":{"line":1,"column":24},"end":{"line":1,"column":49}},"1":{"start":{"line":2,"column":13},"end":{"line":2,"column":28}},"2":{"start":{"line":3,"column":14},"end":{"line":3,"column":73}},"3":{"start":{"line":4,"column":15},"end":{"line":4,"column":32}},"4":{"start":{"line":5,"column":12},"end":{"line":5,"column":35}},"5":{"start":{"line":7,"column":18},"end":{"line":68,"column":1}},"6":{"start":{"line":8,"column":35},"end":{"line":8,"column":43}},"7":{"start":{"line":10,"column":4},"end":{"line":20,"column":11}},"8":{"start":{"line":11,"column":8},"end":{"line":20,"column":11}},"9":{"start":{"line":22,"column":23},"end":{"line":22,"column":78}},"10":{"start":{"line":25,"column":4},"end":{"line":64,"column":6}},"11":{"start":{"line":29,"column":12},"end":{"line":32,"column":13}},"12":{"start":{"line":30,"column":16},"end":{"line":30,"column":33}},"13":{"start":{"line":31,"column":16},"end":{"line":31,"column":82}},"14":{"start":{"line":34,"column":12},"end":{"line":49,"column":23}},"15":{"start":{"line":35,"column":16},"end":{"line":41,"column":23}},"16":{"start":{"line":42,"column":17},"end":{"line":49,"column":23}},"17":{"start":{"line":43,"column":16},"end":{"line":49,"column":23}},"18":{"start":{"line":52,"column":26},"end":{"line":58,"column":13}},"19":{"start":{"line":59,"column":12},"end":{"line":59,"column":36}},"20":{"start":{"line":60,"column":12},"end":{"line":60,"column":31}},"21":{"start":{"line":62,"column":12},"end":{"line":62,"column":44}},"22":{"start":{"line":71,"column":21},"end":{"line":122,"column":1}},"23":{"start":{"line":72,"column":24},"end":{"line":72,"column":33}},"24":{"start":{"line":74,"column":4},"end":{"line":85,"column":5}},"25":{"start":{"line":75,"column":8},"end":{"line":84,"column":11}},"26":{"start":{"line":87,"column":4},"end":{"line":98,"column":5}},"27":{"start":{"line":88,"column":8},"end":{"line":97,"column":11}},"28":{"start":{"line":100,"column":31},"end":{"line":100,"column":39}},"29":{"start":{"line":101,"column":4},"end":{"line":120,"column":5}},"30":{"start":{"line":104,"column":8},"end":{"line":104,"column":147}},"31":{"start":{"line":105,"column":8},"end":{"line":108,"column":11}},"32":{"start":{"line":111,"column":8},"end":{"line":119,"column":11}},"33":{"start":{"line":125,"column":19},"end":{"line":175,"column":1}},"34":{"start":{"line":126,"column":24},"end":{"line":126,"column":33}},"35":{"start":{"line":128,"column":4},"end":{"line":139,"column":5}},"36":{"start":{"line":129,"column":8},"end":{"line":138,"column":11}},"37":{"start":{"line":141,"column":4},"end":{"line":152,"column":5}},"38":{"start":{"line":142,"column":8},"end":{"line":151,"column":11}},"39":{"start":{"line":154,"column":35},"end":{"line":154,"column":43}},"40":{"start":{"line":155,"column":4},"end":{"line":173,"column":5}},"41":{"start":{"line":157,"column":8},"end":{"line":157,"column":167}},"42":{"start":{"line":158,"column":8},"end":{"line":161,"column":11}},"43":{"start":{"line":164,"column":8},"end":{"line":172,"column":11}},"44":{"start":{"line":179,"column":0},"end":{"line":183,"column":1}}},"fnMap":{"0":{"name":"(anonymous_0)","decl":{"start":{"line":7,"column":18},"end":{"line":7,"column":19}},"loc":{"start":{"line":7,"column":38},"end":{"line":68,"column":1}},"line":7},"1":{"name":"(anonymous_1)","decl":{"start":{"line":28,"column":8},"end":{"line":28,"column":9}},"loc":{"start":{"line":28,"column":31},"end":{"line":63,"column":9}},"line":28},"2":{"name":"(anonymous_2)","decl":{"start":{"line":71,"column":21},"end":{"line":71,"column":22}},"loc":{"start":{"line":71,"column":41},"end":{"line":122,"column":1}},"line":71},"3":{"name":"(anonymous_3)","decl":{"start":{"line":125,"column":19},"end":{"line":125,"column":20}},"loc":{"start":{"line":125,"column":39},"end":{"line":175,"column":1}},"line":125}},"branchMap":{"0":{"loc":{"start":{"line":10,"column":4},"end":{"line":20,"column":11}},"type":"if","locations":[{"start":{"line":10,"column":4},"end":{"line":20,"column":11}},{"start":{},"end":{}}],"line":10},"1":{"loc":{"start":{"line":10,"column":8},"end":{"line":10,"column":30}},"type":"binary-expr","locations":[{"start":{"line":10,"column":8},"end":{"line":10,"column":17}},{"start":{"line":10,"column":21},"end":{"line":10,"column":30}}],"line":10},"2":{"loc":{"start":{"line":29,"column":12},"end":{"line":32,"column":13}},"type":"if","locations":[{"start":{"line":29,"column":12},"end":{"line":32,"column":13}},{"start":{},"end":{}}],"line":29},"3":{"loc":{"start":{"line":34,"column":12},"end":{"line":49,"column":23}},"type":"if","locations":[{"start":{"line":34,"column":12},"end":{"line":49,"column":23}},{"start":{"line":42,"column":17},"end":{"line":49,"column":23}}],"line":34},"4":{"loc":{"start":{"line":42,"column":17},"end":{"line":49,"column":23}},"type":"if","locations":[{"start":{"line":42,"column":17},"end":{"line":49,"column":23}},{"start":{},"end":{}}],"line":42},"5":{"loc":{"start":{"line":74,"column":4},"end":{"line":85,"column":5}},"type":"if","locations":[{"start":{"line":74,"column":4},"end":{"line":85,"column":5}},{"start":{},"end":{}}],"line":74},"6":{"loc":{"start":{"line":74,"column":8},"end":{"line":74,"column":19}},"type":"binary-expr","locations":[{"start":{"line":74,"column":8},"end":{"line":74,"column":11}},{"start":{"line":74,"column":15},"end":{"line":74,"column":19}}],"line":74},"7":{"loc":{"start":{"line":87,"column":4},"end":{"line":98,"column":5}},"type":"if","locations":[{"start":{"line":87,"column":4},"end":{"line":98,"column":5}},{"start":{},"end":{}}],"line":87},"8":{"loc":{"start":{"line":128,"column":4},"end":{"line":139,"column":5}},"type":"if","locations":[{"start":{"line":128,"column":4},"end":{"line":139,"column":5}},{"start":{},"end":{}}],"line":128},"9":{"loc":{"start":{"line":128,"column":8},"end":{"line":128,"column":19}},"type":"binary-expr","locations":[{"start":{"line":128,"column":8},"end":{"line":128,"column":11}},{"start":{"line":128,"column":15},"end":{"line":128,"column":19}}],"line":128},"10":{"loc":{"start":{"line":141,"column":4},"end":{"line":152,"column":5}},"type":"if","locations":[{"start":{"line":141,"column":4},"end":{"line":152,"column":5}},{"start":{},"end":{}}],"line":141}},"s":{"0":1,"1":1,"2":1,"3":1,"4":1,"5":1,"6":0,"7":0,"8":0,"9":0,"10":0,"11":0,"12":0,"13":0,"14":0,"15":0,"16":0,"17":0,"18":0,"19":0,"20":0,"21":0,"22":1,"23":0,"24":0,"25":0,"26":0,"27":0,"28":0,"29":0,"30":0,"31":0,"32":0,"33":1,"34":0,"35":0,"36":0,"37":0,"38":0,"39":0,"40":0,"41":0,"42":0,"43":0,"44":1},"f":{"0":0,"1":0,"2":0,"3":0},"b":{"0":[0,0],"1":[0,0],"2":[0,0],"3":[0,0],"4":[0,0],"5":[0,0],"6":[0,0],"7":[0,0],"8":[0,0],"9":[0,0],"10":[0,0]},"_coverageSchema":"1a1c01bbd47fc00a2c39e90264f33305004495a9","hash":"6ffe27b20e1ca43fecc922683fd52224235ff541"}
,"C:\\Users\\elmco\\OneDrive\\Documentos\\GitHub\\AYD_Proy_G2\\Back\\src\\controllers\\miPerfil.controller.js": {"path":"C:\\Users\\elmco\\OneDrive\\Documentos\\GitHub\\AYD_Proy_G2\\Back\\src\\controllers\\miPerfil.controller.js","statementMap":{"0":{"start":{"line":1,"column":24},"end":{"line":1,"column":49}},"1":{"start":{"line":2,"column":13},"end":{"line":2,"column":28}},"2":{"start":{"line":3,"column":14},"end":{"line":3,"column":73}},"3":{"start":{"line":4,"column":15},"end":{"line":4,"column":32}},"4":{"start":{"line":6,"column":17},"end":{"line":51,"column":1}},"5":{"start":{"line":7,"column":24},"end":{"line":7,"column":33}},"6":{"start":{"line":9,"column":4},"end":{"line":20,"column":5}},"7":{"start":{"line":10,"column":8},"end":{"line":19,"column":11}},"8":{"start":{"line":22,"column":4},"end":{"line":33,"column":5}},"9":{"start":{"line":23,"column":8},"end":{"line":32,"column":11}},"10":{"start":{"line":34,"column":4},"end":{"line":49,"column":5}},"11":{"start":{"line":36,"column":27},"end":{"line":36,"column":94}},"12":{"start":{"line":37,"column":8},"end":{"line":37,"column":41}},"13":{"start":{"line":39,"column":8},"end":{"line":48,"column":11}},"14":{"start":{"line":53,"column":18},"end":{"line":98,"column":1}},"15":{"start":{"line":54,"column":24},"end":{"line":54,"column":33}},"16":{"start":{"line":56,"column":4},"end":{"line":67,"column":5}},"17":{"start":{"line":57,"column":8},"end":{"line":66,"column":11}},"18":{"start":{"line":69,"column":4},"end":{"line":80,"column":5}},"19":{"start":{"line":70,"column":8},"end":{"line":79,"column":11}},"20":{"start":{"line":81,"column":4},"end":{"line":96,"column":5}},"21":{"start":{"line":83,"column":27},"end":{"line":83,"column":94}},"22":{"start":{"line":84,"column":8},"end":{"line":84,"column":41}},"23":{"start":{"line":86,"column":8},"end":{"line":95,"column":11}},"24":{"start":{"line":100,"column":0},"end":{"line":103,"column":1}}},"fnMap":{"0":{"name":"(anonymous_0)","decl":{"start":{"line":6,"column":17},"end":{"line":6,"column":18}},"loc":{"start":{"line":6,"column":37},"end":{"line":51,"column":1}},"line":6},"1":{"name":"(anonymous_1)","decl":{"start":{"line":53,"column":18},"end":{"line":53,"column":19}},"loc":{"start":{"line":53,"column":38},"end":{"line":98,"column":1}},"line":53}},"branchMap":{"0":{"loc":{"start":{"line":9,"column":4},"end":{"line":20,"column":5}},"type":"if","locations":[{"start":{"line":9,"column":4},"end":{"line":20,"column":5}},{"start":{},"end":{}}],"line":9},"1":{"loc":{"start":{"line":9,"column":8},"end":{"line":9,"column":19}},"type":"binary-expr","locations":[{"start":{"line":9,"column":8},"end":{"line":9,"column":11}},{"start":{"line":9,"column":15},"end":{"line":9,"column":19}}],"line":9},"2":{"loc":{"start":{"line":22,"column":4},"end":{"line":33,"column":5}},"type":"if","locations":[{"start":{"line":22,"column":4},"end":{"line":33,"column":5}},{"start":{},"end":{}}],"line":22},"3":{"loc":{"start":{"line":56,"column":4},"end":{"line":67,"column":5}},"type":"if","locations":[{"start":{"line":56,"column":4},"end":{"line":67,"column":5}},{"start":{},"end":{}}],"line":56},"4":{"loc":{"start":{"line":56,"column":8},"end":{"line":56,"column":19}},"type":"binary-expr","locations":[{"start":{"line":56,"column":8},"end":{"line":56,"column":11}},{"start":{"line":56,"column":15},"end":{"line":56,"column":19}}],"line":56},"5":{"loc":{"start":{"line":69,"column":4},"end":{"line":80,"column":5}},"type":"if","locations":[{"start":{"line":69,"column":4},"end":{"line":80,"column":5}},{"start":{},"end":{}}],"line":69}},"s":{"0":1,"1":1,"2":1,"3":1,"4":1,"5":0,"6":0,"7":0,"8":0,"9":0,"10":0,"11":0,"12":0,"13":0,"14":1,"15":0,"16":0,"17":0,"18":0,"19":0,"20":0,"21":0,"22":0,"23":0,"24":1},"f":{"0":0,"1":0},"b":{"0":[0,0],"1":[0,0],"2":[0,0],"3":[0,0],"4":[0,0],"5":[0,0]},"_coverageSchema":"1a1c01bbd47fc00a2c39e90264f33305004495a9","hash":"3926f8354f633162ee4ddec6fab487cac0dafcc8"}
[...]
,"C:\\Users\\elmco\\OneDrive\\Documentos\\GitHub\\AYD_Proy_G2\\Back\\src\\middlewares\\verifyToken.js": {"path":"C:\\Users\\elmco\\OneDrive\\Documentos\\GitHub\\AYD_Proy_G2\\Back\\src\\middlewares\\verifyToken.js","statementMap":{"0":{"start":{"line":1,"column":12},"end":{"line":1,"column":35}},"1":{"start":{"line":6,"column":20},"end":{"line":6,"column":28}},"2":{"start":{"line":7,"column":4},"end":{"line":9,"column":5}},"3":{"start":{"line":8,"column":8},"end":{"line":8,"column":71}},"4":{"start":{"line":10,"column":4},"end":{"line":18,"column":6}},"5":{"start":{"line":11,"column":8},"end":{"line":14,"column":9}},"6":{"start":{"line":12,"column":12},"end":{"line":12,"column":48}},"7":{"start":{"line":13,"column":12},"end":{"line":13,"column":68}},"8":{"start":{"line":15,"column":8},"end":{"line":15,"column":28}},"9":{"start":{"line":16,"column":8},"end":{"line":16,"column":27}},"10":{"start":{"line":17,"column":8},"end":{"line":17,"column":14}},"11":{"start":{"line":22,"column":0},"end":{"line":22,"column":28}}},"fnMap":{"0":{"name":"verifyToken","decl":{"start":{"line":4,"column":9},"end":{"line":4,"column":20}},"loc":{"start":{"line":4,"column":38},"end":{"line":20,"column":1}},"line":4},"1":{"name":"(anonymous_1)","decl":{"start":{"line":10,"column":32},"end":{"line":10,"column":33}},"loc":{"start":{"line":10,"column":50},"end":{"line":18,"column":5}},"line":10}},"branchMap":{"0":{"loc":{"start":{"line":7,"column":4},"end":{"line":9,"column":5}},"type":"if","locations":[{"start":{"line":7,"column":4},"end":{"line":9,"column":5}},{"start":{},"end":{}}],"line":7},"1":{"loc":{"start":{"line":11,"column":8},"end":{"line":14,"column":9}},"type":"if","locations":[{"start":{"line":11,"column":8},"end":{"line":14,"column":9}},{"start":{},"end":{}}],"line":11}},"s":{"0":1,"1":1,"2":1,"3":0,"4":1,"5":1,"6":1,"7":1,"8":0,"9":0,"10":0,"11":1},"f":{"0":1,"1":1},"b":{"0":[0,1],"1":[1,0]},"_coverageSchema":"1a1c01bbd47fc00a2c39e90264f33305004495a9","hash":"09232b2a47f34ecd71afb6d6fea74c26bfdf070c"}
,"C:\\Users\\elmco\\OneDrive\\Documentos\\GitHub\\AYD_Proy_G2\\Back\\src\\routes\\agregarProducto.route.js": {"path":"C:\\Users\\elmco\\OneDrive\\Documentos\\GitHub\\AYD_Proy_G2\\Back\\src\\routes\\agregarProducto.route.js","statementMap":{"0":{"start":{"line":1,"column":17},"end":{"line":1,"column":35}},"1":{"start":{"line":2,"column":15},"end":{"line":2,"column":23}},"2":{"start":{"line":3,"column":15},"end":{"line":3,"column":32}},"3":{"start":{"line":4,"column":23},"end":{"line":4,"column":64}},"4":{"start":{"line":5,"column":19},"end":{"line":5,"column":55}},"5":{"start":{"line":6,"column":20},"end":{"line":6,"column":57}},"6":{"start":{"line":7,"column":22},"end":{"line":7,"column":60}},"7":{"start":{"line":10,"column":16},"end":{"line":17,"column":2}},"8":{"start":{"line":12,"column":6},"end":{"line":12,"column":27}},"9":{"start":{"line":15,"column":6},"end":{"line":15,"column":53}},"10":{"start":{"line":19,"column":15},"end":{"line":19,"column":43}},"11":{"start":{"line":21,"column":0},"end":{"line":21,"column":87}},"12":{"start":{"line":25,"column":0},"end":{"line":25,"column":65}},"13":{"start":{"line":26,"column":0},"end":{"line":26,"column":70}},"14":{"start":{"line":27,"column":0},"end":{"line":27,"column":72}},"15":{"start":{"line":36,"column":0},"end":{"line":36,"column":71}},"16":{"start":{"line":37,"column":0},"end":{"line":37,"column":54}},"17":{"start":{"line":38,"column":0},"end":{"line":38,"column":23}}},"fnMap":{"0":{"name":"(anonymous_0)","decl":{"start":{"line":11,"column":17},"end":{"line":11,"column":18}},"loc":{"start":{"line":11,"column":41},"end":{"line":13,"column":5}},"line":11},"1":{"name":"(anonymous_1)","decl":{"start":{"line":14,"column":14},"end":{"line":14,"column":15}},"loc":{"start":{"line":14,"column":38},"end":{"line":16,"column":5}},"line":14}},"branchMap":{},"s":{"0":1,"1":1,"2":1,"3":1,"4":1,"5":1,"6":1,"7":1,"8":3,"9":3,"10":1,"11":1,"12":1,"13":1,"14":1,"15":1,"16":1,"17":1},"f":{"0":3,"1":3},"b":{},"_coverageSchema":"1a1c01bbd47fc00a2c39e90264f33305004495a9","hash":"ca11800e7c124191442b0b4f07f7ba67454d20ae"}
,"C:\\Users\\elmco\\OneDrive\\Documentos\\GitHub\\AYD_Proy_G2\\Back\\src\\routes\\createEmpresa.route.js": {"path":"C:\\Users\\elmco\\OneDrive\\Documentos\\GitHub\\AYD_Proy_G2\\Back\\src\\routes\\createEmpresa.route.js","statementMap":{"0":{"start":{"line":1,"column":17},"end":{"line":1,"column":35}},"1":{"start":{"line":2,"column":15},"end":{"line":2,"column":23}},"2":{"start":{"line":3,"column":15},"end":{"line":3,"column":32}},"3":{"start":{"line":4,"column":23},"end":{"line":4,"column":73}},"4":{"start":{"line":5,"column":20},"end":{"line":5,"column":57}},"5":{"start":{"line":8,"column":16},"end":{"line":15,"column":2}},"6":{"start":{"line":10,"column":6},"end":{"line":10,"column":27}},"7":{"start":{"line":13,"column":6},"end":{"line":13,"column":53}},"8":{"start":{"line":17,"column":15},"end":{"line":17,"column":43}},"9":{"start":{"line":22,"column":0},"end":{"line":22,"column":89}},"10":{"start":{"line":24,"column":0},"end":{"line":24,"column":23}}},"fnMap":{"0":{"name":"(anonymous_0)","decl":{"start":{"line":9,"column":17},"end":{"line":9,"column":18}},"loc":{"start":{"line":9,"column":41},"end":{"line":11,"column":5}},"line":9},"1":{"name":"(anonymous_1)","decl":{"start":{"line":12,"column":14},"end":{"line":12,"column":15}},"loc":{"start":{"line":12,"column":38},"end":{"line":14,"column":5}},"line":12}},"branchMap":{},"s":{"0":1,"1":1,"2":1,"3":1,"4":1,"5":1,"6":0,"7":0,"8":1,"9":1,"10":1},"f":{"0":0,"1":0},"b":{},"_coverageSchema":"1a1c01bbd47fc00a2c39e90264f33305004495a9","hash":"9c51817b7add8496c0442fcf7826b2d6db5953e9"}
,"C:\\Users\\elmco\\OneDrive\\Documentos\\GitHub\\AYD_Proy_G2\\Back\\src\\routes\\createRepar.route.js": {"path":"C:\\Users\\elmco\\OneDrive\\Documentos\\GitHub\\AYD_Proy_G2\\Back\\src\\routes\\createRepar.route.js","statementMap":{"0":{"start":{"line":1,"column":17},"end":{"line":1,"column":35}},"1":{"start":{"line":2,"column":15},"end":{"line":2,"column":23}},"2":{"start":{"line":3,"column":15},"end":{"line":3,"column":32}},"3":{"start":{"line":4,"column":23},"end":{"line":4,"column":71}},"4":{"start":{"line":5,"column":20},"end":{"line":5,"column":57}},"5":{"start":{"line":8,"column":16},"end":{"line":15,"column":2}},"6":{"start":{"line":10,"column":6},"end":{"line":10,"column":27}},"7":{"start":{"line":13,"column":6},"end":{"line":13,"column":53}},"8":{"start":{"line":17,"column":15},"end":{"line":17,"column":43}},"9":{"start":{"line":21,"column":0},"end":{"line":21,"column":86}},"10":{"start":{"line":28,"column":0},"end":{"line":28,"column":23}}},"fnMap":{"0":{"name":"(anonymous_0)","decl":{"start":{"line":9,"column":17},"end":{"line":9,"column":18}},"loc":{"start":{"line":9,"column":41},"end":{"line":11,"column":5}},"line":9},"1":{"name":"(anonymous_1)","decl":{"start":{"line":12,"column":14},"end":{"line":12,"column":15}},"loc":{"start":{"line":12,"column":38},"end":{"line":14,"column":5}},"line":12}},"branchMap":{},"s":{"0":1,"1":1,"2":1,"3":1,"4":1,"5":1,"6":0,"7":0,"8":1,"9":1,"10":1},"f":{"0":0,"1":0},"b":{},"_coverageSchema":"1a1c01bbd47fc00a2c39e90264f33305004495a9","hash":"dfc2c2c9989d280bf6c564aab8731113f1821c3d"}
,"C:\\Users\\elmco\\OneDrive\\Documentos\\GitHub\\AYD_Proy_G2\\Back\\src\\routes\\createUser.route.js": {"path":"C:\\Users\\elmco\\OneDrive\\Documentos\\GitHub\\AYD_Proy_G2\\Back\\src\\routes\\createUser.route.js","statementMap":{"0":{"start":{"line":1,"column":17},"end":{"line":1,"column":35}},"1":{"start":{"line":2,"column":15},"end":{"line":2,"column":23}},"2":{"start":{"line":4,"column":23},"end":{"line":4,"column":70}},"3":{"start":{"line":5,"column":20},"end":{"line":5,"column":57}},"4":{"start":{"line":7,"column":0},"end":{"line":7,"column":55}},"5":{"start":{"line":9,"column":0},"end":{"line":9,"column":23}}},"fnMap":{},"branchMap":{},"s":{"0":1,"1":1,"2":1,"3":1,"4":1,"5":1},"f":{},"b":{},"_coverageSchema":"1a1c01bbd47fc00a2c39e90264f33305004495a9","hash":"2dd589ecc06632594ce0f4032703c329b51e8a8d"}
,"C:\\Users\\elmco\\OneDrive\\Documentos\\GitHub\\AYD_Proy_G2\\Back\\src\\routes\\desactivarUser.route.js": {"path":"C:\\Users\\elmco\\OneDrive\\Documentos\\GitHub\\AYD_Proy_G2\\Back\\src\\routes\\desactivarUser.route.js","statementMap":{"0":{"start":{"line":1,"column":17},"end":{"line":1,"column":35}},"1":{"start":{"line":2,"column":15},"end":{"line":2,"column":23}},"2":{"start":{"line":4,"column":24},"end":{"line":4,"column":75}},"3":{"start":{"line":5,"column":20},"end":{"line":5,"column":57}},"4":{"start":{"line":6,"column":0},"end":{"line":6,"column":75}},"5":{"start":{"line":7,"column":0},"end":{"line":7,"column":75}},"6":{"start":{"line":8,"column":0},"end":{"line":8,"column":75}},"7":{"start":{"line":10,"column":0},"end":{"line":10,"column":75}},"8":{"start":{"line":11,"column":0},"end":{"line":11,"column":75}},"9":{"start":{"line":12,"column":0},"end":{"line":12,"column":75}},"10":{"start":{"line":14,"column":0},"end":{"line":14,"column":23}}},"fnMap":{},"branchMap":{},"s":{"0":1,"1":1,"2":1,"3":1,"4":1,"5":1,"6":1,"7":1,"8":1,"9":1,"10":1},"f":{},"b":{},"_coverageSchema":"1a1c01bbd47fc00a2c39e90264f33305004495a9","hash":"117b6cd717dc34de52cfd1484f69fdc9fd45b9b7"}
,"C:\\Users\\elmco\\OneDrive\\Documentos\\GitHub\\AYD_Proy_G2\\Back\\src\\routes\\informeUser.route.js": {"path":"C:\\Users\\elmco\\OneDrive\\Documentos\\GitHub\\AYD_Proy_G2\\Back\\src\\routes\\informeUser.route.js","statementMap":{"0":{"start":{"line":1,"column":17},"end":{"line":1,"column":35}},"1":{"start":{"line":2,"column":15},"end":{"line":2,"column":23}},"2":{"start":{"line":4,"column":24},"end":{"line":4,"column":72}},"3":{"start":{"line":5,"column":20},"end":{"line":5,"column":57}},"4":{"start":{"line":6,"column":0},"end":{"line":6,"column":69}},"5":{"start":{"line":7,"column":0},"end":{"line":7,"column":65}},"6":{"start":{"line":8,"column":0},"end":{"line":8,"column":73}},"7":{"start":{"line":9,"column":0},"end":{"line":9,"column":71}},"8":{"start":{"line":10,"column":0},"end":{"line":10,"column":73}},"9":{"start":{"line":12,"column":0},"end":{"line":12,"column":23}}},"fnMap":{},"branchMap":{},"s":{"0":1,"1":1,"2":1,"3":1,"4":1,"5":1,"6":1,"7":1,"8":1,"9":1},"f":{},"b":{},"_coverageSchema":"1a1c01bbd47fc00a2c39e90264f33305004495a9","hash":"15c73bf933213ff2b357eddaf061d60a11652bab"}
,"C:\\Users\\elmco\\OneDrive\\Documentos\\GitHub\\AYD_Proy_G2\\Back\\src\\routes\\loginAdmin.route.js": {"path":"C:\\Users\\elmco\\OneDrive\\Documentos\\GitHub\\AYD_Proy_G2\\Back\\src\\routes\\loginAdmin.route.js","statementMap":{"0":{"start":{"line":1,"column":17},"end":{"line":1,"column":35}},"1":{"start":{"line":2,"column":15},"end":{"line":2,"column":23}},"2":{"start":{"line":4,"column":24},"end":{"line":4,"column":71}},"3":{"start":{"line":5,"column":20},"end":{"line":5,"column":57}},"4":{"start":{"line":6,"column":0},"end":{"line":6,"column":54}},"5":{"start":{"line":11,"column":0},"end":{"line":11,"column":23}}},"fnMap":{},"branchMap":{},"s":{"0":1,"1":1,"2":1,"3":1,"4":1,"5":1},"f":{},"b":{},"_coverageSchema":"1a1c01bbd47fc00a2c39e90264f33305004495a9","hash":"c715ad48162f2729498dfd04093c188fc6df7e41"}
,"C:\\Users\\elmco\\OneDrive\\Documentos\\GitHub\\AYD_Proy_G2\\Back\\src\\routes\\loginEmpresa.route.js": {"path":"C:\\Users\\elmco\\OneDrive\\Documentos\\GitHub\\AYD_Proy_G2\\Back\\src\\routes\\loginEmpresa.route.js","statementMap":{"0":{"start":{"line":1,"column":17},"end":{"line":1,"column":35}},"1":{"start":{"line":2,"column":15},"end":{"line":2,"column":23}},"2":{"start":{"line":4,"column":24},"end":{"line":4,"column":73}},"3":{"start":{"line":7,"column":0},"end":{"line":7,"column":58}},"4":{"start":{"line":11,"column":0},"end":{"line":11,"column":23}}},"fnMap":{},"branchMap":{},"s":{"0":1,"1":1,"2":1,"3":1,"4":1},"f":{},"b":{},"_coverageSchema":"1a1c01bbd47fc00a2c39e90264f33305004495a9","hash":"1f4a5fe7e96e07344dd354442adea79eeb4f6efe"}
,"C:\\Users\\elmco\\OneDrive\\Documentos\\GitHub\\AYD_Proy_G2\\Back\\src\\routes\\loginRepar.route.js": {"path":"C:\\Users\\elmco\\OneDrive\\Documentos\\GitHub\\AYD_Proy_G2\\Back\\src\\routes\\loginRepar.route.js","statementMap":{"0":{"start":{"line":1,"column":17},"end":{"line":1,"column":35}},"1":{"start":{"line":2,"column":15},"end":{"line":2,"column":23}},"2":{"start":{"line":4,"column":24},"end":{"line":4,"column":71}},"3":{"start":{"line":7,"column":0},"end":{"line":7,"column":54}},"4":{"start":{"line":11,"column":0},"end":{"line":11,"column":23}}},"fnMap":{},"branchMap":{},"s":{"0":1,"1":1,"2":1,"3":1,"4":1},"f":{},"b":{},"_coverageSchema":"1a1c01bbd47fc00a2c39e90264f33305004495a9","hash":"84bb51f73dadd8156062106e344d96b58c7c6a38"}
,"C:\\Users\\elmco\\OneDrive\\Documentos\\GitHub\\AYD_Proy_G2\\Back\\src\\routes\\loginUser.route.js": {"path":"C:\\Users\\elmco\\OneDrive\\Documentos\\GitHub\\AYD_Proy_G2\\Back\\src\\routes\\loginUser.route.js","statementMap":{"0":{"start":{"line":1,"column":17},"end":{"line":1,"column":35}},"1":{"start":{"line":2,"column":15},"end":{"line":2,"column":23}},"2":{"start":{"line":4,"column":24},"end":{"line":4,"column":70}},"3":{"start":{"line":5,"column":20},"end":{"line":5,"column":57}},"4":{"start":{"line":8,"column":0},"end":{"line":8,"column":52}},"5":{"start":{"line":9,"column":0},"end":{"line":9,"column":68}},"6":{"start":{"line":10,"column":0},"end":{"line":10,"column":69}},"7":{"start":{"line":13,"column":0},"end":{"line":13,"column":23}}},"fnMap":{},"branchMap":{},"s":{"0":1,"1":1,"2":1,"3":1,"4":1,"5":1,"6":1,"7":1},"f":{},"b":{},"_coverageSchema":"1a1c01bbd47fc00a2c39e90264f33305004495a9","hash":"ccc7a673db5bcc4d3419472256e364f9cb833ae1"}
,"C:\\Users\\elmco\\OneDrive\\Documentos\\GitHub\\AYD_Proy_G2\\Back\\src\\routes\\miPerfil.route.js": {"path":"C:\\Users\\elmco\\OneDrive\\Documentos\\GitHub\\AYD_Proy_G2\\Back\\src\\routes\\miPerfil.route.js","statementMap":{"0":{"start":{"line":1,"column":17},"end":{"line":1,"column":35}},"1":{"start":{"line":2,"column":15},"end":{"line":2,"column":23}},"2":{"start":{"line":4,"column":24},"end":{"line":4,"column":69}},"3":{"start":{"line":5,"column":20},"end":{"line":5,"column":57}},"4":{"start":{"line":6,"column":0},"end":{"line":6,"column":63}},"5":{"start":{"line":7,"column":0},"end":{"line":7,"column":65}},"6":{"start":{"line":9,"column":0},"end":{"line":9,"column":23}}},"fnMap":{},"branchMap":{},"s":{"0":1,"1":1,"2":1,"3":1,"4":1,"5":1,"6":1},"f":{},"b":{},"_coverageSchema":"1a1c01bbd47fc00a2c39e90264f33305004495a9","hash":"c15a0b45524da8147f7e52467e9ecd1324390ed7"}
,"C:\\Users\\elmco\\OneDrive\\Documentos\\GitHub\\AYD_Proy_G2\\Back\\src\\routes\\pedido.route.js": {"path":"C:\\Users\\elmco\\OneDrive\\Documentos\\GitHub\\AYD_Proy_G2\\Back\\src\\routes\\pedido.route.js","statementMap":{"0":{"start":{"line":1,"column":17},"end":{"line":1,"column":35}},"1":{"start":{"line":2,"column":15},"end":{"line":2,"column":23}},"2":{"start":{"line":4,"column":24},"end":{"line":4,"column":67}},"3":{"start":{"line":5,"column":20},"end":{"line":5,"column":57}},"4":{"start":{"line":7,"column":0},"end":{"line":7,"column":65}},"5":{"start":{"line":8,"column":0},"end":{"line":8,"column":66}},"6":{"start":{"line":9,"column":0},"end":{"line":9,"column":58}},"7":{"start":{"line":10,"column":0},"end":{"line":10,"column":66}},"8":{"start":{"line":11,"column":0},"end":{"line":11,"column":69}},"9":{"start":{"line":12,"column":0},"end":{"line":12,"column":75}},"10":{"start":{"line":13,"column":0},"end":{"line":13,"column":65}},"11":{"start":{"line":14,"column":0},"end":{"line":14,"column":61}},"12":{"start":{"line":16,"column":0},"end":{"line":16,"column":23}}},"fnMap":{},"branchMap":{},"s":{"0":1,"1":1,"2":1,"3":1,"4":1,"5":1,"6":1,"7":1,"8":1,"9":1,"10":1,"11":1,"12":1},"f":{},"b":{},"_coverageSchema":"1a1c01bbd47fc00a2c39e90264f33305004495a9","hash":"b6cb0d293a7f6de82e6052fb52f86b0fd0eab58f"}
,"C:\\Users\\elmco\\OneDrive\\Documentos\\GitHub\\AYD_Proy_G2\\Back\\src\\routes\\reportesRepar.route.js": {"path":"C:\\Users\\elmco\\OneDrive\\Documentos\\GitHub\\AYD_Proy_G2\\Back\\src\\routes\\reportesRepar.route.js","statementMap":{"0":{"start":{"line":1,"column":17},"end":{"line":1,"column":35}},"1":{"start":{"line":2,"column":15},"end":{"line":2,"column":23}},"2":{"start":{"line":4,"column":24},"end":{"line":4,"column":74}},"3":{"start":{"line":5,"column":20},"end":{"line":5,"column":57}},"4":{"start":{"line":6,"column":0},"end":{"line":6,"column":71}},"5":{"start":{"line":7,"column":0},"end":{"line":7,"column":66}},"6":{"start":{"line":9,"column":0},"end":{"line":9,"column":23}}},"fnMap":{},"branchMap":{},"s":{"0":1,"1":1,"2":1,"3":1,"4":1,"5":1,"6":1},"f":{},"b":{},"_coverageSchema":"1a1c01bbd47fc00a2c39e90264f33305004495a9","hash":"332e584404b875149aa521c0fd9f5793f9bbb3c0"}
,"C:\\Users\\elmco\\OneDrive\\Documentos\\GitHub\\AYD_Proy_G2\\Back\\src\\routes\\solicitudEmp.route.js": {"path":"C:\\Users\\elmco\\OneDrive\\Documentos\\GitHub\\AYD_Proy_G2\\Back\\src\\routes\\solicitudEmp.route.js","statementMap":{"0":{"start":{"line":1,"column":17},"end":{"line":1,"column":35}},"1":{"start":{"line":2,"column":15},"end":{"line":2,"column":23}},"2":{"start":{"line":4,"column":24},"end":{"line":4,"column":73}},"3":{"start":{"line":5,"column":20},"end":{"line":5,"column":57}},"4":{"start":{"line":6,"column":0},"end":{"line":6,"column":71}},"5":{"start":{"line":7,"column":0},"end":{"line":7,"column":71}},"6":{"start":{"line":8,"column":0},"end":{"line":8,"column":71}},"7":{"start":{"line":9,"column":0},"end":{"line":9,"column":71}},"8":{"start":{"line":11,"column":0},"end":{"line":11,"column":23}}},"fnMap":{},"branchMap":{},"s":{"0":1,"1":1,"2":1,"3":1,"4":1,"5":1,"6":1,"7":1,"8":1},"f":{},"b":{},"_coverageSchema":"1a1c01bbd47fc00a2c39e90264f33305004495a9","hash":"269de1db35e85ebfeb89c85124d31d476157f144"}
,"C:\\Users\\elmco\\OneDrive\\Documentos\\GitHub\\AYD_Proy_G2\\Back\\src\\routes\\solicitudRepar.route.js": {"path":"C:\\Users\\elmco\\OneDrive\\Documentos\\GitHub\\AYD_Proy_G2\\Back\\src\\routes\\solicitudRepar.route.js","statementMap":{"0":{"start":{"line":1,"column":17},"end":{"line":1,"column":35}},"1":{"start":{"line":2,"column":15},"end":{"line":2,"column":23}},"2":{"start":{"line":4,"column":24},"end":{"line":4,"column":75}},"3":{"start":{"line":5,"column":20},"end":{"line":5,"column":57}},"4":{"start":{"line":6,"column":0},"end":{"line":6,"column":75}},"5":{"start":{"line":7,"column":0},"end":{"line":7,"column":75}},"6":{"start":{"line":10,"column":0},"end":{"line":10,"column":23}}},"fnMap":{},"branchMap":{},"s":{"0":1,"1":1,"2":1,"3":1,"4":1,"5":1,"6":1},"f":{},"b":{},"_coverageSchema":"1a1c01bbd47fc00a2c39e90264f33305004495a9","hash":"3d18dd38628c73982bba6b059b3410f8999d9dc7"}
}
