TN:
SF:src\app.js
FN:51,(anonymous_0)
FNF:1
FNH:1
FNDA:1,(anonymous_0)
DA:1,1
DA:2,1
DA:3,1
DA:4,1
DA:5,1
DA:7,1
DA:8,1
DA:14,1
DA:15,1
DA:16,1
DA:17,1
DA:26,1
DA:27,1
DA:29,1
DA:31,1
DA:32,1
DA:33,1
DA:34,1
DA:37,1
DA:38,1
DA:39,1
DA:41,1
DA:42,1
DA:43,1
DA:44,1
DA:45,1
DA:51,1
DA:52,1
DA:56,1
LF:29
LH:29
BRDA:8,0,0,1
BRDA:8,0,1,1
BRF:2
BRH:2
end_of_record
TN:
SF:src\config\aws.config.js
FNF:0
FNH:0
DA:3,1
DA:9,1
LF:2
LH:2
BRF:0
BRH:0
end_of_record
TN:
SF:src\controllers\AgregarProducto.js
FN:7,(anonymous_0)
FN:101,(anonymous_1)
FN:152,(anonymous_2)
FN:197,(anonymous_3)
FN:239,(anonymous_4)
FNF:5
FNH:1
FNDA:3,(anonymous_0)
FNDA:0,(anonymous_1)
FNDA:0,(anonymous_2)
FNDA:0,(anonymous_3)
FNDA:0,(anonymous_4)
DA:1,1
DA:2,1
DA:3,1
DA:4,1
DA:5,1
DA:7,1
DA:15,3
DA:16,3
DA:18,3
DA:19,3
DA:20,3
DA:24,3
DA:25,1
DA:34,2
DA:36,2
DA:37,2
DA:42,2
DA:47,2
DA:48,2
DA:57,0
DA:65,0
DA:66,0
DA:67,0
DA:70,0
DA:74,0
DA:87,0
DA:92,0
DA:94,0
DA:101,1
DA:102,0
DA:104,0
DA:105,0
DA:116,0
DA:118,0
DA:123,0
DA:124,0
DA:131,0
DA:136,0
DA:138,0
DA:143,0
DA:145,0
DA:152,1
DA:153,0
DA:155,0
DA:156,0
DA:165,0
DA:167,0
DA:172,0
DA:173,0
DA:180,0
DA:181,0
DA:183,0
DA:188,0
DA:190,0
DA:197,1
DA:198,0
DA:200,0
DA:201,0
DA:210,0
DA:212,0
DA:217,0
DA:218,0
DA:224,0
DA:230,0
DA:232,0
DA:239,1
DA:242,0
DA:243,0
DA:245,0
DA:247,0
DA:252,0
DA:254,0
DA:261,1
LF:73
LH:24
BRDA:24,0,0,1
BRDA:24,0,1,2
BRDA:24,1,0,3
BRDA:24,1,1,2
BRDA:24,1,2,2
BRDA:24,1,3,2
BRDA:24,1,4,2
BRDA:47,2,0,2
BRDA:47,2,1,0
BRDA:104,3,0,0
BRDA:104,3,1,0
BRDA:104,4,0,0
BRDA:104,4,1,0
BRDA:104,4,2,0
BRDA:123,5,0,0
BRDA:123,5,1,0
BRDA:155,6,0,0
BRDA:155,6,1,0
BRDA:172,7,0,0
BRDA:172,7,1,0
BRDA:200,8,0,0
BRDA:200,8,1,0
BRDA:217,9,0,0
BRDA:217,9,1,0
BRF:24
BRH:8
end_of_record
TN:
SF:src\controllers\NuevoCombo.js
FN:7,(anonymous_0)
FN:65,(anonymous_1)
FN:89,(anonymous_2)
FNF:3
FNH:0
FNDA:0,(anonymous_0)
FNDA:0,(anonymous_1)
FNDA:0,(anonymous_2)
DA:1,1
DA:2,1
DA:3,1
DA:4,1
DA:5,1
DA:7,1
DA:16,0
DA:17,0
DA:19,0
DA:20,0
DA:21,0
DA:23,0
DA:24,0
DA:33,0
DA:36,0
DA:37,0
DA:38,0
DA:39,0
DA:45,0
DA:48,0
DA:52,0
DA:60,0
DA:61,0
DA:64,0
DA:65,0
DA:66,0
DA:70,0
DA:75,0
DA:80,0
DA:82,0
DA:89,1
DA:92,0
DA:93,0
DA:95,0
DA:96,0
DA:97,0
DA:99,0
DA:104,0
DA:106,0
DA:113,1
LF:40
LH:8
BRDA:23,0,0,0
BRDA:23,0,1,0
BRDA:23,1,0,0
BRDA:23,1,1,0
BRDA:23,1,2,0
BRDA:23,1,3,0
BRDA:23,1,4,0
BRDA:23,1,5,0
BRF:8
BRH:0
end_of_record
TN:
SF:src\controllers\TipoProducto.js
FN:5,(anonymous_0)
FN:46,(anonymous_1)
FNF:2
FNH:0
FNDA:0,(anonymous_0)
FNDA:0,(anonymous_1)
DA:1,1
DA:2,1
DA:3,1
DA:5,1
DA:9,0
DA:10,0
DA:12,0
DA:13,0
DA:22,0
DA:24,0
DA:28,0
DA:32,0
DA:37,0
DA:39,0
DA:46,1
DA:49,0
DA:50,0
DA:52,0
DA:54,0
DA:59,0
DA:61,0
DA:68,1
LF:22
LH:6
BRDA:12,0,0,0
BRDA:12,0,1,0
BRDA:12,1,0,0
BRDA:12,1,1,0
BRF:4
BRH:0
end_of_record
TN:
SF:src\controllers\createEmpresa.controller.js
FN:8,(anonymous_0)
FNF:1
FNH:0
FNDA:0,(anonymous_0)
DA:1,1
DA:2,1
DA:3,1
DA:4,1
DA:5,1
DA:6,1
DA:8,1
DA:19,0
DA:21,0
DA:22,0
DA:23,0
DA:24,0
DA:27,0
DA:28,0
DA:39,0
DA:40,0
DA:41,0
DA:52,0
DA:54,0
DA:57,0
DA:64,0
DA:67,0
DA:70,0
DA:76,0
DA:79,0
DA:94,0
DA:97,0
DA:98,0
DA:100,0
DA:106,0
DA:107,0
DA:108,0
DA:113,0
DA:120,1
LF:34
LH:8
BRDA:27,0,0,0
BRDA:27,0,1,0
BRDA:27,1,0,0
BRDA:27,1,1,0
BRDA:40,2,0,0
BRDA:40,2,1,0
BRDA:107,3,0,0
BRDA:107,3,1,0
BRF:8
BRH:0
end_of_record
TN:
SF:src\controllers\createRepar.controller.js
FN:8,(anonymous_0)
FNF:1
FNH:0
FNDA:0,(anonymous_0)
DA:1,1
DA:2,1
DA:3,1
DA:4,1
DA:5,1
DA:6,1
DA:8,1
DA:21,0
DA:23,0
DA:24,0
DA:27,0
DA:28,0
DA:40,0
DA:41,0
DA:42,0
DA:55,0
DA:56,0
DA:57,0
DA:69,0
DA:70,0
DA:71,0
DA:83,0
DA:86,0
DA:89,0
DA:96,0
DA:99,0
DA:102,0
DA:108,0
DA:111,0
DA:128,0
DA:131,0
DA:132,0
DA:134,0
DA:135,0
DA:137,0
DA:138,0
DA:140,0
DA:141,0
DA:143,0
DA:144,0
DA:146,0
DA:147,0
DA:150,0
DA:158,0
DA:160,0
DA:166,0
DA:168,0
DA:169,0
DA:174,0
DA:181,1
LF:50
LH:8
BRDA:27,0,0,0
BRDA:27,0,1,0
BRDA:27,1,0,0
BRDA:27,1,1,0
BRDA:41,2,0,0
BRDA:41,2,1,0
BRDA:56,3,0,0
BRDA:56,3,1,0
BRDA:70,4,0,0
BRDA:70,4,1,0
BRDA:132,5,0,0
BRDA:132,5,1,0
BRDA:132,5,2,0
BRDA:132,5,3,0
BRDA:132,5,4,0
BRDA:168,6,0,0
BRDA:168,6,1,0
BRF:17
BRH:0
end_of_record
TN:
SF:src\controllers\createUser.controller.js
FN:6,(anonymous_0)
FNF:1
FNH:0
FNDA:0,(anonymous_0)
DA:1,1
DA:2,1
DA:3,1
DA:4,1
DA:6,1
DA:11,0
DA:14,0
DA:15,0
DA:25,0
DA:28,0
DA:31,0
DA:38,0
DA:41,0
DA:44,0
DA:53,0
DA:54,0
DA:60,0
DA:62,0
DA:63,0
DA:68,0
DA:75,1
LF:21
LH:6
BRDA:14,0,0,0
BRDA:14,0,1,0
BRDA:14,1,0,0
BRDA:14,1,1,0
BRDA:14,1,2,0
BRDA:62,2,0,0
BRDA:62,2,1,0
BRF:7
BRH:0
end_of_record
TN:
SF:src\controllers\desactivarUser.controller.js
FN:6,(anonymous_0)
FN:53,(anonymous_1)
FN:100,(anonymous_2)
FN:148,(anonymous_3)
FN:215,(anonymous_4)
FN:282,(anonymous_5)
FNF:6
FNH:0
FNDA:0,(anonymous_0)
FNDA:0,(anonymous_1)
FNDA:0,(anonymous_2)
FNDA:0,(anonymous_3)
FNDA:0,(anonymous_4)
FNDA:0,(anonymous_5)
DA:1,1
DA:2,1
DA:3,1
DA:4,1
DA:6,1
DA:7,0
DA:9,0
DA:10,0
DA:22,0
DA:23,0
DA:34,0
DA:36,0
DA:37,0
DA:39,0
DA:53,1
DA:54,0
DA:56,0
DA:57,0
DA:69,0
DA:70,0
DA:81,0
DA:83,0
DA:84,0
DA:86,0
DA:100,1
DA:101,0
DA:103,0
DA:104,0
DA:116,0
DA:117,0
DA:128,0
DA:130,0
DA:131,0
DA:133,0
DA:148,1
DA:149,0
DA:151,0
DA:152,0
DA:164,0
DA:165,0
DA:177,0
DA:179,0
DA:180,0
DA:192,0
DA:194,0
DA:195,0
DA:201,0
DA:215,1
DA:216,0
DA:218,0
DA:219,0
DA:231,0
DA:232,0
DA:244,0
DA:246,0
DA:247,0
DA:259,0
DA:261,0
DA:262,0
DA:268,0
DA:282,1
DA:283,0
DA:285,0
DA:286,0
DA:298,0
DA:299,0
DA:311,0
DA:313,0
DA:314,0
DA:326,0
DA:328,0
DA:329,0
DA:335,0
DA:350,1
LF:74
LH:11
BRDA:9,0,0,0
BRDA:9,0,1,0
BRDA:9,1,0,0
BRDA:9,1,1,0
BRDA:22,2,0,0
BRDA:22,2,1,0
BRDA:56,3,0,0
BRDA:56,3,1,0
BRDA:56,4,0,0
BRDA:56,4,1,0
BRDA:69,5,0,0
BRDA:69,5,1,0
BRDA:103,6,0,0
BRDA:103,6,1,0
BRDA:103,7,0,0
BRDA:103,7,1,0
BRDA:116,8,0,0
BRDA:116,8,1,0
BRDA:151,9,0,0
BRDA:151,9,1,0
BRDA:151,10,0,0
BRDA:151,10,1,0
BRDA:164,11,0,0
BRDA:164,11,1,0
BRDA:179,12,0,0
BRDA:179,12,1,0
BRDA:218,13,0,0
BRDA:218,13,1,0
BRDA:218,14,0,0
BRDA:218,14,1,0
BRDA:231,15,0,0
BRDA:231,15,1,0
BRDA:246,16,0,0
BRDA:246,16,1,0
BRDA:246,17,0,0
BRDA:246,17,1,0
BRDA:285,18,0,0
BRDA:285,18,1,0
BRDA:285,19,0,0
BRDA:285,19,1,0
BRDA:298,20,0,0
BRDA:298,20,1,0
BRDA:313,21,0,0
BRDA:313,21,1,0
BRDA:313,22,0,0
BRDA:313,22,1,0
BRF:46
BRH:0
end_of_record
TN:
SF:src\controllers\informeUser.controller.js
FN:6,(anonymous_0)
FN:53,(anonymous_1)
FN:100,(anonymous_2)
FN:152,(anonymous_3)
FN:209,(anonymous_4)
FNF:5
FNH:0
FNDA:0,(anonymous_0)
FNDA:0,(anonymous_1)
FNDA:0,(anonymous_2)
FNDA:0,(anonymous_3)
FNDA:0,(anonymous_4)
DA:1,1
DA:2,1
DA:3,1
DA:4,1
DA:6,1
DA:7,0
DA:9,0
DA:10,0
DA:22,0
DA:23,0
DA:34,0
DA:36,0
DA:37,0
DA:39,0
DA:53,1
DA:54,0
DA:56,0
DA:57,0
DA:69,0
DA:70,0
DA:81,0
DA:83,0
DA:84,0
DA:86,0
DA:100,1
DA:101,0
DA:103,0
DA:104,0
DA:116,0
DA:117,0
DA:128,0
DA:130,0
DA:131,0
DA:132,0
DA:133,0
DA:135,0
DA:136,0
DA:138,0
DA:152,1
DA:153,0
DA:155,0
DA:156,0
DA:168,0
DA:169,0
DA:180,0
DA:182,0
DA:183,0
DA:184,0
DA:185,0
DA:186,0
DA:187,0
DA:188,0
DA:189,0
DA:190,0
DA:192,0
DA:193,0
DA:195,0
DA:209,1
DA:210,0
DA:212,0
DA:213,0
DA:225,0
DA:226,0
DA:237,0
DA:239,0
DA:240,0
DA:241,0
DA:242,0
DA:243,0
DA:244,0
DA:246,0
DA:247,0
DA:249,0
DA:268,1
LF:74
LH:10
BRDA:9,0,0,0
BRDA:9,0,1,0
BRDA:9,1,0,0
BRDA:9,1,1,0
BRDA:22,2,0,0
BRDA:22,2,1,0
BRDA:56,3,0,0
BRDA:56,3,1,0
BRDA:56,4,0,0
BRDA:56,4,1,0
BRDA:69,5,0,0
BRDA:69,5,1,0
BRDA:103,6,0,0
BRDA:103,6,1,0
BRDA:103,7,0,0
BRDA:103,7,1,0
BRDA:116,8,0,0
BRDA:116,8,1,0
BRDA:155,9,0,0
BRDA:155,9,1,0
BRDA:155,10,0,0
BRDA:155,10,1,0
BRDA:168,11,0,0
BRDA:168,11,1,0
BRDA:212,12,0,0
BRDA:212,12,1,0
BRDA:212,13,0,0
BRDA:212,13,1,0
BRDA:225,14,0,0
BRDA:225,14,1,0
BRF:30
BRH:0
end_of_record
TN:
SF:src\controllers\loginAdmin.controller.js
FN:7,(anonymous_0)
FN:28,(anonymous_1)
FNF:2
FNH:0
FNDA:0,(anonymous_0)
FNDA:0,(anonymous_1)
DA:1,1
DA:2,1
DA:3,1
DA:4,1
DA:5,1
DA:7,1
DA:8,0
DA:10,0
DA:11,0
DA:22,0
DA:25,0
DA:29,0
DA:30,0
DA:31,0
DA:34,0
DA:35,0
DA:42,0
DA:43,0
DA:52,0
DA:59,0
DA:60,0
DA:62,0
DA:70,1
LF:23
LH:7
BRDA:10,0,0,0
BRDA:10,0,1,0
BRDA:10,1,0,0
BRDA:10,1,1,0
BRDA:29,2,0,0
BRDA:29,2,1,0
BRDA:34,3,0,0
BRDA:34,3,1,0
BRDA:42,4,0,0
BRDA:42,4,1,0
BRF:10
BRH:0
end_of_record
TN:
SF:src\controllers\loginEmpresa.controller.js
FN:7,(anonymous_0)
FNF:1
FNH:0
FNDA:0,(anonymous_0)
DA:1,1
DA:2,1
DA:3,1
DA:4,1
DA:5,1
DA:7,1
DA:8,0
DA:10,0
DA:11,0
DA:22,0
DA:26,0
DA:28,0
DA:30,0
DA:31,0
DA:40,0
DA:51,0
DA:53,0
DA:55,0
DA:56,0
DA:63,0
DA:64,0
DA:74,0
DA:81,0
DA:82,0
DA:83,0
DA:87,0
DA:97,1
LF:27
LH:7
BRDA:10,0,0,0
BRDA:10,0,1,0
BRDA:10,1,0,0
BRDA:10,1,1,0
BRDA:30,2,0,0
BRDA:30,2,1,0
BRDA:55,3,0,0
BRDA:55,3,1,0
BRDA:63,4,0,0
BRDA:63,4,1,0
BRF:10
BRH:0
end_of_record
TN:
SF:src\controllers\loginRepar.controller.js
FN:7,(anonymous_0)
FNF:1
FNH:0
FNDA:0,(anonymous_0)
DA:1,1
DA:2,1
DA:3,1
DA:4,1
DA:5,1
DA:7,1
DA:8,0
DA:10,0
DA:11,0
DA:22,0
DA:25,0
DA:27,0
DA:29,0
DA:30,0
DA:39,0
DA:49,0
DA:51,0
DA:53,0
DA:54,0
DA:61,0
DA:62,0
DA:71,0
DA:78,0
DA:79,0
DA:80,0
DA:83,0
DA:94,1
LF:27
LH:7
BRDA:10,0,0,0
BRDA:10,0,1,0
BRDA:10,1,0,0
BRDA:10,1,1,0
BRDA:29,2,0,0
BRDA:29,2,1,0
BRDA:53,3,0,0
BRDA:53,3,1,0
BRDA:61,4,0,0
BRDA:61,4,1,0
BRF:10
BRH:0
end_of_record
TN:
SF:src\controllers\loginUser.controller.js
FN:7,(anonymous_0)
FN:28,(anonymous_1)
FN:71,(anonymous_2)
FN:125,(anonymous_3)
FNF:4
FNH:0
FNDA:0,(anonymous_0)
FNDA:0,(anonymous_1)
FNDA:0,(anonymous_2)
FNDA:0,(anonymous_3)
DA:1,1
DA:2,1
DA:3,1
DA:4,1
DA:5,1
DA:7,1
DA:8,0
DA:10,0
DA:11,0
DA:22,0
DA:25,0
DA:29,0
DA:30,0
DA:31,0
DA:34,0
DA:35,0
DA:42,0
DA:43,0
DA:52,0
DA:59,0
DA:60,0
DA:62,0
DA:71,1
DA:72,0
DA:74,0
DA:75,0
DA:87,0
DA:88,0
DA:100,0
DA:101,0
DA:104,0
DA:105,0
DA:111,0
DA:125,1
DA:126,0
DA:128,0
DA:129,0
DA:141,0
DA:142,0
DA:154,0
DA:155,0
DA:157,0
DA:158,0
DA:164,0
DA:179,1
LF:45
LH:9
BRDA:10,0,0,0
BRDA:10,0,1,0
BRDA:10,1,0,0
BRDA:10,1,1,0
BRDA:29,2,0,0
BRDA:29,2,1,0
BRDA:34,3,0,0
BRDA:34,3,1,0
BRDA:42,4,0,0
BRDA:42,4,1,0
BRDA:74,5,0,0
BRDA:74,5,1,0
BRDA:74,6,0,0
BRDA:74,6,1,0
BRDA:87,7,0,0
BRDA:87,7,1,0
BRDA:128,8,0,0
BRDA:128,8,1,0
BRDA:128,9,0,0
BRDA:128,9,1,0
BRDA:141,10,0,0
BRDA:141,10,1,0
BRF:22
BRH:0
end_of_record
TN:
SF:src\controllers\miPerfil.controller.js
FN:6,(anonymous_0)
FN:53,(anonymous_1)
FNF:2
FNH:0
FNDA:0,(anonymous_0)
FNDA:0,(anonymous_1)
DA:1,1
DA:2,1
DA:3,1
DA:4,1
DA:6,1
DA:7,0
DA:9,0
DA:10,0
DA:22,0
DA:23,0
DA:34,0
DA:36,0
DA:37,0
DA:39,0
DA:53,1
DA:54,0
DA:56,0
DA:57,0
DA:69,0
DA:70,0
DA:81,0
DA:83,0
DA:84,0
DA:86,0
DA:100,1
LF:25
LH:7
BRDA:9,0,0,0
BRDA:9,0,1,0
BRDA:9,1,0,0
BRDA:9,1,1,0
BRDA:22,2,0,0
BRDA:22,2,1,0
BRDA:56,3,0,0
BRDA:56,3,1,0
BRDA:56,4,0,0
BRDA:56,4,1,0
BRDA:69,5,0,0
BRDA:69,5,1,0
BRF:12
BRH:0
end_of_record
TN:
SF:src\controllers\pedido.controller.js
FN:8,(anonymous_0)
FN:48,(anonymous_1)
FN:55,(anonymous_2)
FN:108,(anonymous_3)
FN:157,(anonymous_4)
FN:216,(anonymous_5)
FN:264,(anonymous_6)
FN:319,(anonymous_7)
FN:369,(anonymous_8)
FN:417,(anonymous_9)
FNF:10
FNH:0
FNDA:0,(anonymous_0)
FNDA:0,(anonymous_1)
FNDA:0,(anonymous_2)
FNDA:0,(anonymous_3)
FNDA:0,(anonymous_4)
FNDA:0,(anonymous_5)
FNDA:0,(anonymous_6)
FNDA:0,(anonymous_7)
FNDA:0,(anonymous_8)
FNDA:0,(anonymous_9)
DA:1,1
DA:2,1
DA:3,1
DA:4,1
DA:8,1
DA:9,0
DA:11,0
DA:12,0
DA:24,0
DA:25,0
DA:37,0
DA:38,0
DA:40,0
DA:42,0
DA:44,0
DA:46,0
DA:48,0
DA:50,0
DA:52,0
DA:56,0
DA:57,0
DA:58,0
DA:66,0
DA:67,0
DA:68,0
DA:69,0
DA:70,0
DA:72,0
DA:75,0
DA:77,0
DA:78,0
DA:80,0
DA:81,0
DA:84,0
DA:85,0
DA:88,0
DA:94,0
DA:108,1
DA:109,0
DA:111,0
DA:112,0
DA:124,0
DA:125,0
DA:137,0
DA:140,0
DA:141,0
DA:143,0
DA:157,1
DA:158,0
DA:160,0
DA:161,0
DA:173,0
DA:174,0
DA:185,0
DA:186,0
DA:188,0
DA:189,0
DA:190,0
DA:191,0
DA:192,0
DA:193,0
DA:194,0
DA:195,0
DA:196,0
DA:197,0
DA:198,0
DA:199,0
DA:200,0
DA:202,0
DA:216,1
DA:217,0
DA:219,0
DA:220,0
DA:232,0
DA:233,0
DA:244,0
DA:245,0
DA:247,0
DA:248,0
DA:250,0
DA:264,1
DA:265,0
DA:267,0
DA:268,0
DA:280,0
DA:281,0
DA:293,0
DA:295,0
DA:297,0
DA:298,0
DA:299,0
DA:300,0
DA:301,0
DA:302,0
DA:303,0
DA:305,0
DA:319,1
DA:320,0
DA:322,0
DA:323,0
DA:335,0
DA:336,0
DA:348,0
DA:350,0
DA:352,0
DA:354,0
DA:369,1
DA:370,0
DA:372,0
DA:373,0
DA:385,0
DA:386,0
DA:398,0
DA:400,0
DA:401,0
DA:404,0
DA:417,1
DA:418,0
DA:420,0
DA:421,0
DA:433,0
DA:434,0
DA:446,0
DA:448,0
DA:449,0
DA:451,0
DA:465,1
LF:127
LH:13
BRDA:11,0,0,0
BRDA:11,0,1,0
BRDA:11,1,0,0
BRDA:11,1,1,0
BRDA:24,2,0,0
BRDA:24,2,1,0
BRDA:56,3,0,0
BRDA:56,3,1,0
BRDA:75,4,0,0
BRDA:75,4,1,0
BRDA:111,5,0,0
BRDA:111,5,1,0
BRDA:111,6,0,0
BRDA:111,6,1,0
BRDA:124,7,0,0
BRDA:124,7,1,0
BRDA:160,8,0,0
BRDA:160,8,1,0
BRDA:160,9,0,0
BRDA:160,9,1,0
BRDA:173,10,0,0
BRDA:173,10,1,0
BRDA:219,11,0,0
BRDA:219,11,1,0
BRDA:219,12,0,0
BRDA:219,12,1,0
BRDA:232,13,0,0
BRDA:232,13,1,0
BRDA:267,14,0,0
BRDA:267,14,1,0
BRDA:267,15,0,0
BRDA:267,15,1,0
BRDA:280,16,0,0
BRDA:280,16,1,0
BRDA:322,17,0,0
BRDA:322,17,1,0
BRDA:322,18,0,0
BRDA:322,18,1,0
BRDA:335,19,0,0
BRDA:335,19,1,0
BRDA:372,20,0,0
BRDA:372,20,1,0
BRDA:372,21,0,0
BRDA:372,21,1,0
BRDA:385,22,0,0
BRDA:385,22,1,0
BRDA:420,23,0,0
BRDA:420,23,1,0
BRDA:420,24,0,0
BRDA:420,24,1,0
BRDA:433,25,0,0
BRDA:433,25,1,0
BRF:52
BRH:0
end_of_record
TN:
SF:src\controllers\reportesRepar.controller.js
FN:6,(anonymous_0)
FN:53,(anonymous_1)
FNF:2
FNH:0
FNDA:0,(anonymous_0)
FNDA:0,(anonymous_1)
DA:1,1
DA:2,1
DA:3,1
DA:4,1
DA:6,1
DA:7,0
DA:9,0
DA:10,0
DA:22,0
DA:23,0
DA:34,0
DA:36,0
DA:37,0
DA:39,0
DA:53,1
DA:54,0
DA:56,0
DA:57,0
DA:69,0
DA:70,0
DA:81,0
DA:83,0
DA:84,0
DA:85,0
DA:87,0
DA:88,0
DA:90,0
DA:105,1
LF:28
LH:7
BRDA:9,0,0,0
BRDA:9,0,1,0
BRDA:9,1,0,0
BRDA:9,1,1,0
BRDA:22,2,0,0
BRDA:22,2,1,0
BRDA:56,3,0,0
BRDA:56,3,1,0
BRDA:56,4,0,0
BRDA:56,4,1,0
BRDA:69,5,0,0
BRDA:69,5,1,0
BRF:12
BRH:0
end_of_record
TN:
SF:src\controllers\solicitudEmp.controller.js
FN:6,(anonymous_0)
FN:54,(anonymous_1)
FN:121,(anonymous_2)
FN:175,(anonymous_3)
FNF:4
FNH:0
FNDA:0,(anonymous_0)
FNDA:0,(anonymous_1)
FNDA:0,(anonymous_2)
FNDA:0,(anonymous_3)
DA:1,1
DA:2,1
DA:3,1
DA:4,1
DA:6,1
DA:7,0
DA:9,0
DA:10,0
DA:22,0
DA:23,0
DA:34,0
DA:36,0
DA:38,0
DA:40,0
DA:54,1
DA:55,0
DA:57,0
DA:58,0
DA:70,0
DA:71,0
DA:83,0
DA:85,0
DA:86,0
DA:98,0
DA:100,0
DA:101,0
DA:107,0
DA:121,1
DA:122,0
DA:124,0
DA:125,0
DA:137,0
DA:138,0
DA:149,0
DA:151,0
DA:152,0
DA:153,0
DA:154,0
DA:155,0
DA:156,0
DA:158,0
DA:159,0
DA:161,0
DA:175,1
DA:176,0
DA:178,0
DA:179,0
DA:191,0
DA:192,0
DA:204,0
DA:206,0
DA:207,0
DA:219,0
DA:221,0
DA:222,0
DA:228,0
DA:242,1
LF:57
LH:9
BRDA:9,0,0,0
BRDA:9,0,1,0
BRDA:9,1,0,0
BRDA:9,1,1,0
BRDA:22,2,0,0
BRDA:22,2,1,0
BRDA:57,3,0,0
BRDA:57,3,1,0
BRDA:57,4,0,0
BRDA:57,4,1,0
BRDA:70,5,0,0
BRDA:70,5,1,0
BRDA:85,6,0,0
BRDA:85,6,1,0
BRDA:85,7,0,0
BRDA:85,7,1,0
BRDA:124,8,0,0
BRDA:124,8,1,0
BRDA:124,9,0,0
BRDA:124,9,1,0
BRDA:137,10,0,0
BRDA:137,10,1,0
BRDA:178,11,0,0
BRDA:178,11,1,0
BRDA:178,12,0,0
BRDA:178,12,1,0
BRDA:191,13,0,0
BRDA:191,13,1,0
BRDA:206,14,0,0
BRDA:206,14,1,0
BRF:30
BRH:0
end_of_record
TN:
SF:src\controllers\solicitudRepar.controller.js
FN:6,(anonymous_0)
FN:53,(anonymous_1)
FNF:2
FNH:0
FNDA:0,(anonymous_0)
FNDA:0,(anonymous_1)
DA:1,1
DA:2,1
DA:3,1
DA:4,1
DA:6,1
DA:7,0
DA:9,0
DA:10,0
DA:22,0
DA:23,0
DA:34,0
DA:36,0
DA:37,0
DA:39,0
DA:53,1
DA:54,0
DA:56,0
DA:57,0
DA:69,0
DA:70,0
DA:82,0
DA:84,0
DA:85,0
DA:97,0
DA:99,0
DA:100,0
DA:106,0
DA:120,1
LF:28
LH:7
BRDA:9,0,0,0
BRDA:9,0,1,0
BRDA:9,1,0,0
BRDA:9,1,1,0
BRDA:22,2,0,0
BRDA:22,2,1,0
BRDA:56,3,0,0
BRDA:56,3,1,0
BRDA:56,4,0,0
BRDA:56,4,1,0
BRDA:69,5,0,0
BRDA:69,5,1,0
BRDA:84,6,0,0
BRDA:84,6,1,0
BRDA:84,7,0,0
BRDA:84,7,1,0
BRF:16
BRH:0
end_of_record
TN:
SF:src\database\db.js
FN:12,(anonymous_0)
FNF:1
FNH:1
FNDA:1,(anonymous_0)
DA:1,1
DA:4,1
DA:12,1
DA:13,1
DA:14,1
DA:17,1
LF:6
LH:6
BRDA:13,0,0,0
BRDA:13,0,1,1
BRF:2
BRH:1
end_of_record
TN:
SF:src\functions\awsImage.js
FN:4,(anonymous_0)
FN:23,(anonymous_1)
FN:24,(anonymous_2)
FNF:3
FNH:0
FNDA:0,(anonymous_0)
FNDA:0,(anonymous_1)
FNDA:0,(anonymous_2)
DA:1,1
DA:2,1
DA:4,1
DA:5,0
DA:7,0
DA:9,0
DA:11,0
DA:14,0
DA:16,0
DA:23,0
DA:24,0
DA:25,0
DA:26,0
DA:27,0
DA:30,0
DA:31,0
DA:36,1
LF:17
LH:4
BRDA:9,0,0,0
BRDA:9,0,1,0
BRDA:25,1,0,0
BRDA:25,1,1,0
BRF:4
BRH:0
end_of_record
TN:
SF:src\middlewares\verifyToken.js
FN:4,verifyToken
FN:10,(anonymous_1)
FNF:2
FNH:2
FNDA:1,verifyToken
FNDA:1,(anonymous_1)
DA:1,1
DA:6,1
DA:7,1
DA:8,0
DA:10,1
DA:11,1
DA:12,1
DA:13,1
DA:15,0
DA:16,0
DA:17,0
DA:22,1
LF:12
LH:8
BRDA:7,0,0,0
BRDA:7,0,1,1
BRDA:11,1,0,1
BRDA:11,1,1,0
BRF:4
BRH:2
end_of_record
TN:
SF:src\routes\agregarProducto.route.js
FN:11,(anonymous_0)
FN:14,(anonymous_1)
FNF:2
FNH:2
FNDA:3,(anonymous_0)
FNDA:3,(anonymous_1)
DA:1,1
DA:2,1
DA:3,1
DA:4,1
DA:5,1
DA:6,1
DA:7,1
DA:10,1
DA:12,3
DA:15,3
DA:19,1
DA:21,1
DA:25,1
DA:26,1
DA:27,1
DA:36,1
DA:37,1
DA:38,1
LF:18
LH:18
BRF:0
BRH:0
end_of_record
TN:
SF:src\routes\createEmpresa.route.js
FN:9,(anonymous_0)
FN:12,(anonymous_1)
FNF:2
FNH:0
FNDA:0,(anonymous_0)
FNDA:0,(anonymous_1)
DA:1,1
DA:2,1
DA:3,1
DA:4,1
DA:5,1
DA:8,1
DA:10,0
DA:13,0
DA:17,1
DA:22,1
DA:24,1
LF:11
LH:9
BRF:0
BRH:0
end_of_record
TN:
SF:src\routes\createRepar.route.js
FN:9,(anonymous_0)
FN:12,(anonymous_1)
FNF:2
FNH:0
FNDA:0,(anonymous_0)
FNDA:0,(anonymous_1)
DA:1,1
DA:2,1
DA:3,1
DA:4,1
DA:5,1
DA:8,1
DA:10,0
DA:13,0
DA:17,1
DA:21,1
DA:28,1
LF:11
LH:9
BRF:0
BRH:0
end_of_record
TN:
SF:src\routes\createUser.route.js
FNF:0
FNH:0
DA:1,1
DA:2,1
DA:4,1
DA:5,1
DA:7,1
DA:9,1
LF:6
LH:6
BRF:0
BRH:0
end_of_record
TN:
SF:src\routes\desactivarUser.route.js
FNF:0
FNH:0
DA:1,1
DA:2,1
DA:4,1
DA:5,1
DA:6,1
DA:7,1
DA:8,1
DA:10,1
DA:11,1
DA:12,1
DA:14,1
LF:11
LH:11
BRF:0
BRH:0
end_of_record
TN:
SF:src\routes\informeUser.route.js
FNF:0
FNH:0
DA:1,1
DA:2,1
DA:4,1
DA:5,1
DA:6,1
DA:7,1
DA:8,1
DA:9,1
DA:10,1
DA:12,1
LF:10
LH:10
BRF:0
BRH:0
end_of_record
TN:
SF:src\routes\loginAdmin.route.js
FNF:0
FNH:0
DA:1,1
DA:2,1
DA:4,1
DA:5,1
DA:6,1
DA:11,1
LF:6
LH:6
BRF:0
BRH:0
end_of_record
TN:
SF:src\routes\loginEmpresa.route.js
FNF:0
FNH:0
DA:1,1
DA:2,1
DA:4,1
DA:7,1
DA:11,1
LF:5
LH:5
BRF:0
BRH:0
end_of_record
TN:
SF:src\routes\loginRepar.route.js
FNF:0
FNH:0
DA:1,1
DA:2,1
DA:4,1
DA:7,1
DA:11,1
LF:5
LH:5
BRF:0
BRH:0
end_of_record
TN:
SF:src\routes\loginUser.route.js
FNF:0
FNH:0
DA:1,1
DA:2,1
DA:4,1
DA:5,1
DA:8,1
DA:9,1
DA:10,1
DA:13,1
LF:8
LH:8
BRF:0
BRH:0
end_of_record
TN:
SF:src\routes\miPerfil.route.js
FNF:0
FNH:0
DA:1,1
DA:2,1
DA:4,1
DA:5,1
DA:6,1
DA:7,1
DA:9,1
LF:7
LH:7
BRF:0
BRH:0
end_of_record
TN:
SF:src\routes\pedido.route.js
FNF:0
FNH:0
DA:1,1
DA:2,1
DA:4,1
DA:5,1
DA:7,1
DA:8,1
DA:9,1
DA:10,1
DA:11,1
DA:12,1
DA:13,1
DA:14,1
DA:16,1
LF:13
LH:13
BRF:0
BRH:0
end_of_record
TN:
SF:src\routes\reportesRepar.route.js
FNF:0
FNH:0
DA:1,1
DA:2,1
DA:4,1
DA:5,1
DA:6,1
DA:7,1
DA:9,1
LF:7
LH:7
BRF:0
BRH:0
end_of_record
TN:
SF:src\routes\solicitudEmp.route.js
FNF:0
FNH:0
DA:1,1
DA:2,1
DA:4,1
DA:5,1
DA:6,1
DA:7,1
DA:8,1
DA:9,1
DA:11,1
LF:9
LH:9
BRF:0
BRH:0
end_of_record
TN:
SF:src\routes\solicitudRepar.route.js
FNF:0
FNH:0
DA:1,1
DA:2,1
DA:4,1
DA:5,1
DA:6,1
DA:7,1
DA:10,1
LF:7
LH:7
BRF:0
BRH:0
end_of_record
