TN:
SF:src\app.js
FN:51,(anonymous_0)
FNF:1
FNH:1
FNDA:1,(anonymous_0)
DA:1,1
DA:2,1
DA:3,1
DA:4,1
DA:5,1
DA:7,1
DA:8,1
DA:14,1
DA:15,1
DA:16,1
DA:17,1
DA:26,1
DA:27,1
DA:28,1
DA:29,1
DA:31,1
DA:32,1
DA:33,1
DA:34,1
DA:35,1
DA:37,1
DA:38,1
DA:39,1
DA:41,1
DA:42,1
DA:43,1
DA:44,1
DA:45,1
DA:51,1
DA:52,1
DA:56,1
LF:31
LH:31
BRDA:8,0,0,1
BRDA:8,0,1,1
BRF:2
BRH:2
end_of_record
TN:
SF:src\config\aws.config.js
FNF:0
FNH:0
DA:3,1
DA:9,1
LF:2
LH:2
BRF:0
BRH:0
end_of_record
TN:
SF:src\controllers\AgregarProducto.js
FN:7,(anonymous_0)
FN:103,(anonymous_1)
FNF:2
FNH:2
FNDA:5,(anonymous_0)
FNDA:2,(anonymous_1)
DA:1,1
DA:2,1
DA:3,1
DA:4,1
DA:5,1
DA:7,1
DA:15,5
DA:16,5
DA:18,5
DA:19,5
DA:20,5
DA:24,5
DA:25,1
DA:34,4
DA:36,4
DA:37,4
DA:42,4
DA:47,4
DA:48,1
DA:57,3
DA:65,3
DA:66,3
DA:67,3
DA:70,3
DA:74,3
DA:87,1
DA:92,2
DA:94,2
DA:103,1
DA:106,2
DA:107,2
DA:109,2
DA:111,1
DA:116,1
DA:118,1
DA:125,1
LF:36
LH:36
BRDA:24,0,0,1
BRDA:24,0,1,4
BRDA:24,1,0,5
BRDA:24,1,1,4
BRDA:24,1,2,4
BRDA:24,1,3,4
BRDA:24,1,4,4
BRDA:47,2,0,1
BRDA:47,2,1,3
BRF:9
BRH:9
end_of_record
TN:
SF:src\controllers\NuevoCombo.js
FN:7,(anonymous_0)
FN:67,(anonymous_1)
FN:91,(anonymous_2)
FNF:3
FNH:3
FNDA:3,(anonymous_0)
FNDA:2,(anonymous_1)
FNDA:2,(anonymous_2)
DA:1,1
DA:2,1
DA:3,1
DA:4,1
DA:5,1
DA:7,1
DA:16,3
DA:17,3
DA:19,3
DA:20,3
DA:21,3
DA:23,3
DA:24,1
DA:33,2
DA:36,2
DA:37,2
DA:38,2
DA:39,1
DA:40,1
DA:41,1
DA:47,1
DA:50,1
DA:54,1
DA:62,1
DA:63,1
DA:66,1
DA:67,1
DA:68,2
DA:72,2
DA:77,1
DA:82,1
DA:84,1
DA:91,1
DA:94,2
DA:95,2
DA:97,2
DA:98,1
DA:99,1
DA:101,1
DA:106,1
DA:108,1
DA:115,1
LF:42
LH:42
BRDA:23,0,0,1
BRDA:23,0,1,2
BRDA:23,1,0,3
BRDA:23,1,1,2
BRDA:23,1,2,2
BRDA:23,1,3,2
BRDA:23,1,4,2
BRDA:23,1,5,2
BRF:8
BRH:8
end_of_record
TN:
SF:src\controllers\TipoProducto.js
FN:5,(anonymous_0)
FN:46,(anonymous_1)
FNF:2
FNH:2
FNDA:3,(anonymous_0)
FNDA:2,(anonymous_1)
DA:1,1
DA:2,1
DA:3,1
DA:5,1
DA:9,3
DA:10,3
DA:12,3
DA:13,1
DA:22,2
DA:24,2
DA:28,2
DA:32,1
DA:37,1
DA:39,1
DA:46,1
DA:49,2
DA:50,2
DA:52,2
DA:54,1
DA:59,1
DA:61,1
DA:68,1
LF:22
LH:22
BRDA:12,0,0,1
BRDA:12,0,1,2
BRDA:12,1,0,3
BRDA:12,1,1,2
BRF:4
BRH:4
end_of_record
TN:
SF:src\controllers\calificar.controller.js
FN:6,(anonymous_0)
FNF:1
FNH:0
FNDA:0,(anonymous_0)
DA:1,1
DA:2,1
DA:3,1
DA:4,1
DA:6,1
DA:7,0
DA:9,0
DA:10,0
DA:22,0
DA:23,0
DA:34,0
DA:36,0
DA:38,0
DA:40,0
DA:42,0
DA:43,0
DA:44,0
DA:46,0
DA:47,0
DA:52,0
DA:66,1
LF:21
LH:6
BRDA:9,0,0,0
BRDA:9,0,1,0
BRDA:9,1,0,0
BRDA:9,1,1,0
BRDA:22,2,0,0
BRDA:22,2,1,0
BRF:6
BRH:0
end_of_record
TN:
SF:src\controllers\createEmpresa.controller.js
FN:8,(anonymous_0)
FNF:1
FNH:1
FNDA:7,(anonymous_0)
DA:1,1
DA:2,1
DA:3,1
DA:4,1
DA:5,1
DA:6,1
DA:8,1
DA:19,7
DA:21,7
DA:22,7
DA:23,7
DA:24,7
DA:27,7
DA:28,1
DA:39,6
DA:40,6
DA:41,2
DA:52,4
DA:54,4
DA:57,4
DA:64,4
DA:67,3
DA:70,3
DA:76,3
DA:79,3
DA:94,3
DA:97,2
DA:98,2
DA:100,2
DA:106,2
DA:107,2
DA:108,1
DA:113,1
DA:120,1
LF:34
LH:34
BRDA:27,0,0,1
BRDA:27,0,1,6
BRDA:27,1,0,7
BRDA:27,1,1,6
BRDA:40,2,0,2
BRDA:40,2,1,4
BRDA:107,3,0,1
BRDA:107,3,1,1
BRF:8
BRH:8
end_of_record
TN:
SF:src\controllers\createRepar.controller.js
FN:8,(anonymous_0)
FNF:1
FNH:1
FNDA:7,(anonymous_0)
DA:1,1
DA:2,1
DA:3,1
DA:4,1
DA:5,1
DA:6,1
DA:8,1
DA:21,7
DA:23,7
DA:24,7
DA:27,7
DA:28,1
DA:40,6
DA:41,6
DA:42,1
DA:55,5
DA:56,5
DA:57,1
DA:69,4
DA:70,4
DA:71,1
DA:83,3
DA:86,3
DA:89,3
DA:96,3
DA:99,2
DA:102,2
DA:108,2
DA:111,2
DA:128,2
DA:131,2
DA:132,2
DA:134,2
DA:135,2
DA:137,0
DA:138,0
DA:140,0
DA:141,0
DA:143,0
DA:144,0
DA:146,0
DA:147,0
DA:150,2
DA:158,2
DA:160,2
DA:166,1
DA:168,1
DA:169,1
DA:174,0
DA:181,1
LF:50
LH:41
BRDA:27,0,0,1
BRDA:27,0,1,6
BRDA:27,1,0,7
BRDA:27,1,1,6
BRDA:41,2,0,1
BRDA:41,2,1,5
BRDA:56,3,0,1
BRDA:56,3,1,4
BRDA:70,4,0,1
BRDA:70,4,1,3
BRDA:132,5,0,2
BRDA:132,5,1,0
BRDA:132,5,2,0
BRDA:132,5,3,0
BRDA:132,5,4,0
BRDA:168,6,0,1
BRDA:168,6,1,0
BRF:17
BRH:12
end_of_record
TN:
SF:src\controllers\createUser.controller.js
FN:6,(anonymous_0)
FNF:1
FNH:1
FNDA:1,(anonymous_0)
DA:1,1
DA:2,1
DA:3,1
DA:4,1
DA:6,1
DA:10,1
DA:13,1
DA:14,0
DA:24,1
DA:27,1
DA:30,1
DA:37,1
DA:40,1
DA:43,1
DA:51,1
DA:52,1
DA:57,0
DA:59,0
DA:60,0
DA:65,0
DA:72,1
LF:21
LH:16
BRDA:13,0,0,0
BRDA:13,0,1,1
BRDA:13,1,0,1
BRDA:13,1,1,1
BRDA:59,2,0,0
BRDA:59,2,1,0
BRF:6
BRH:3
end_of_record
TN:
SF:src\controllers\desactivarUser.controller.js
FN:6,(anonymous_0)
FN:48,(anonymous_1)
FNF:2
FNH:2
FNDA:3,(anonymous_0)
FNDA:5,(anonymous_1)
DA:1,1
DA:2,1
DA:3,1
DA:4,1
DA:6,1
DA:7,3
DA:9,3
DA:10,1
DA:22,2
DA:23,1
DA:34,1
DA:36,1
DA:37,1
DA:38,1
DA:40,1
DA:41,1
DA:48,1
DA:49,5
DA:51,5
DA:52,1
DA:64,4
DA:65,1
DA:77,3
DA:78,3
DA:79,3
DA:80,3
DA:81,1
DA:93,2
DA:95,2
DA:96,2
DA:102,0
DA:116,1
LF:32
LH:31
BRDA:9,0,0,1
BRDA:9,0,1,2
BRDA:9,1,0,3
BRDA:9,1,1,2
BRDA:22,2,0,1
BRDA:22,2,1,1
BRDA:51,3,0,1
BRDA:51,3,1,4
BRDA:51,4,0,5
BRDA:51,4,1,4
BRDA:64,5,0,1
BRDA:64,5,1,3
BRDA:80,6,0,1
BRDA:80,6,1,2
BRF:14
BRH:14
end_of_record
TN:
SF:src\controllers\informeUser.controller.js
FN:6,(anonymous_0)
FN:53,(anonymous_1)
FN:100,(anonymous_2)
FN:152,(anonymous_3)
FN:209,(anonymous_4)
FN:263,(anonymous_5)
FN:320,(anonymous_6)
FNF:7
FNH:0
FNDA:0,(anonymous_0)
FNDA:0,(anonymous_1)
FNDA:0,(anonymous_2)
FNDA:0,(anonymous_3)
FNDA:0,(anonymous_4)
FNDA:0,(anonymous_5)
FNDA:0,(anonymous_6)
DA:1,1
DA:2,1
DA:3,1
DA:4,1
DA:6,1
DA:7,0
DA:9,0
DA:10,0
DA:22,0
DA:23,0
DA:34,0
DA:36,0
DA:37,0
DA:39,0
DA:53,1
DA:54,0
DA:56,0
DA:57,0
DA:69,0
DA:70,0
DA:81,0
DA:83,0
DA:84,0
DA:86,0
DA:100,1
DA:101,0
DA:103,0
DA:104,0
DA:116,0
DA:117,0
DA:128,0
DA:130,0
DA:131,0
DA:132,0
DA:133,0
DA:135,0
DA:136,0
DA:138,0
DA:152,1
DA:153,0
DA:155,0
DA:156,0
DA:168,0
DA:169,0
DA:180,0
DA:182,0
DA:183,0
DA:184,0
DA:185,0
DA:186,0
DA:187,0
DA:188,0
DA:189,0
DA:190,0
DA:192,0
DA:193,0
DA:195,0
DA:209,1
DA:210,0
DA:212,0
DA:213,0
DA:225,0
DA:226,0
DA:237,0
DA:239,0
DA:240,0
DA:241,0
DA:242,0
DA:243,0
DA:244,0
DA:246,0
DA:247,0
DA:249,0
DA:263,1
DA:264,0
DA:266,0
DA:267,0
DA:279,0
DA:280,0
DA:291,0
DA:293,0
DA:294,0
DA:295,0
DA:296,0
DA:297,0
DA:298,0
DA:299,0
DA:300,0
DA:301,0
DA:303,0
DA:304,0
DA:306,0
DA:320,1
DA:321,0
DA:323,0
DA:324,0
DA:336,0
DA:337,0
DA:348,0
DA:350,0
DA:351,0
DA:352,0
DA:353,0
DA:354,0
DA:355,0
DA:356,0
DA:358,0
DA:359,0
DA:361,0
DA:381,1
LF:110
LH:12
BRDA:9,0,0,0
BRDA:9,0,1,0
BRDA:9,1,0,0
BRDA:9,1,1,0
BRDA:22,2,0,0
BRDA:22,2,1,0
BRDA:56,3,0,0
BRDA:56,3,1,0
BRDA:56,4,0,0
BRDA:56,4,1,0
BRDA:69,5,0,0
BRDA:69,5,1,0
BRDA:103,6,0,0
BRDA:103,6,1,0
BRDA:103,7,0,0
BRDA:103,7,1,0
BRDA:116,8,0,0
BRDA:116,8,1,0
BRDA:155,9,0,0
BRDA:155,9,1,0
BRDA:155,10,0,0
BRDA:155,10,1,0
BRDA:168,11,0,0
BRDA:168,11,1,0
BRDA:212,12,0,0
BRDA:212,12,1,0
BRDA:212,13,0,0
BRDA:212,13,1,0
BRDA:225,14,0,0
BRDA:225,14,1,0
BRDA:266,15,0,0
BRDA:266,15,1,0
BRDA:266,16,0,0
BRDA:266,16,1,0
BRDA:279,17,0,0
BRDA:279,17,1,0
BRDA:323,18,0,0
BRDA:323,18,1,0
BRDA:323,19,0,0
BRDA:323,19,1,0
BRDA:336,20,0,0
BRDA:336,20,1,0
BRF:42
BRH:0
end_of_record
TN:
SF:src\controllers\loginAdmin.controller.js
FN:7,(anonymous_0)
FN:28,(anonymous_1)
FNF:2
FNH:2
FNDA:4,(anonymous_0)
FNDA:3,(anonymous_1)
DA:1,1
DA:2,1
DA:3,1
DA:4,1
DA:5,1
DA:7,1
DA:8,4
DA:10,4
DA:11,1
DA:22,3
DA:25,3
DA:29,3
DA:30,0
DA:31,0
DA:34,3
DA:35,1
DA:42,2
DA:43,1
DA:52,1
DA:59,1
DA:60,1
DA:62,1
DA:70,1
LF:23
LH:21
BRDA:10,0,0,1
BRDA:10,0,1,3
BRDA:10,1,0,4
BRDA:10,1,1,3
BRDA:29,2,0,0
BRDA:29,2,1,3
BRDA:34,3,0,1
BRDA:34,3,1,2
BRDA:42,4,0,1
BRDA:42,4,1,1
BRF:10
BRH:9
end_of_record
TN:
SF:src\controllers\loginEmpresa.controller.js
FN:7,(anonymous_0)
FNF:1
FNH:1
FNDA:6,(anonymous_0)
DA:1,1
DA:2,1
DA:3,1
DA:4,1
DA:5,1
DA:7,1
DA:8,6
DA:10,6
DA:11,1
DA:22,5
DA:26,5
DA:28,5
DA:30,5
DA:31,1
DA:40,1
DA:51,3
DA:53,3
DA:55,3
DA:56,1
DA:63,2
DA:64,1
DA:74,1
DA:81,1
DA:82,1
DA:83,1
DA:87,0
DA:97,1
LF:27
LH:26
BRDA:10,0,0,1
BRDA:10,0,1,5
BRDA:10,1,0,6
BRDA:10,1,1,5
BRDA:30,2,0,1
BRDA:30,2,1,3
BRDA:55,3,0,1
BRDA:55,3,1,2
BRDA:63,4,0,1
BRDA:63,4,1,1
BRF:10
BRH:10
end_of_record
TN:
SF:src\controllers\loginRepar.controller.js
FN:7,(anonymous_0)
FNF:1
FNH:0
FNDA:0,(anonymous_0)
DA:1,1
DA:2,1
DA:3,1
DA:4,1
DA:5,1
DA:7,1
DA:8,0
DA:10,0
DA:11,0
DA:22,0
DA:25,0
DA:27,0
DA:29,0
DA:30,0
DA:39,0
DA:49,0
DA:51,0
DA:53,0
DA:54,0
DA:61,0
DA:62,0
DA:71,0
DA:78,0
DA:79,0
DA:80,0
DA:83,0
DA:94,1
LF:27
LH:7
BRDA:10,0,0,0
BRDA:10,0,1,0
BRDA:10,1,0,0
BRDA:10,1,1,0
BRDA:29,2,0,0
BRDA:29,2,1,0
BRDA:53,3,0,0
BRDA:53,3,1,0
BRDA:61,4,0,0
BRDA:61,4,1,0
BRF:10
BRH:0
end_of_record
TN:
SF:src\controllers\loginUser.controller.js
FN:7,(anonymous_0)
FN:28,(anonymous_1)
FN:71,(anonymous_2)
FN:132,(anonymous_3)
FNF:4
FNH:2
FNDA:1,(anonymous_0)
FNDA:1,(anonymous_1)
FNDA:0,(anonymous_2)
FNDA:0,(anonymous_3)
DA:1,1
DA:2,1
DA:3,1
DA:4,1
DA:5,1
DA:7,1
DA:8,1
DA:10,1
DA:11,0
DA:22,1
DA:25,1
DA:29,1
DA:30,0
DA:31,0
DA:34,1
DA:35,0
DA:42,1
DA:43,0
DA:52,1
DA:59,1
DA:60,1
DA:62,1
DA:71,1
DA:72,0
DA:74,0
DA:75,0
DA:87,0
DA:88,0
DA:100,0
DA:101,0
DA:102,0
DA:104,0
DA:105,0
DA:111,0
DA:112,0
DA:118,0
DA:132,1
DA:133,0
DA:135,0
DA:136,0
DA:148,0
DA:149,0
DA:161,0
DA:162,0
DA:164,0
DA:165,0
DA:171,0
DA:186,1
LF:48
LH:20
BRDA:10,0,0,0
BRDA:10,0,1,1
BRDA:10,1,0,1
BRDA:10,1,1,1
BRDA:29,2,0,0
BRDA:29,2,1,1
BRDA:34,3,0,0
BRDA:34,3,1,1
BRDA:42,4,0,0
BRDA:42,4,1,1
BRDA:74,5,0,0
BRDA:74,5,1,0
BRDA:74,6,0,0
BRDA:74,6,1,0
BRDA:87,7,0,0
BRDA:87,7,1,0
BRDA:87,8,0,0
BRDA:87,8,1,0
BRDA:102,9,0,0
BRDA:102,9,1,0
BRDA:135,10,0,0
BRDA:135,10,1,0
BRDA:135,11,0,0
BRDA:135,11,1,0
BRDA:148,12,0,0
BRDA:148,12,1,0
BRF:26
BRH:6
end_of_record
TN:
SF:src\controllers\miPerfil.controller.js
FN:6,(anonymous_0)
FNF:1
FNH:0
FNDA:0,(anonymous_0)
DA:1,1
DA:2,1
DA:3,1
DA:4,1
DA:6,1
DA:7,0
DA:9,0
DA:10,0
DA:22,0
DA:23,0
DA:34,0
DA:36,0
DA:37,0
DA:39,0
DA:54,1
LF:15
LH:6
BRDA:9,0,0,0
BRDA:9,0,1,0
BRDA:9,1,0,0
BRDA:9,1,1,0
BRDA:22,2,0,0
BRDA:22,2,1,0
BRF:6
BRH:0
end_of_record
TN:
SF:src\controllers\pedido.controller.js
FN:8,(anonymous_0)
FN:50,(anonymous_1)
FN:57,(anonymous_2)
FN:110,(anonymous_3)
FN:160,(anonymous_4)
FN:220,(anonymous_5)
FN:268,(anonymous_6)
FN:323,(anonymous_7)
FN:373,(anonymous_8)
FN:421,(anonymous_9)
FNF:10
FNH:2
FNDA:0,(anonymous_0)
FNDA:0,(anonymous_1)
FNDA:0,(anonymous_2)
FNDA:3,(anonymous_3)
FNDA:3,(anonymous_4)
FNDA:0,(anonymous_5)
FNDA:0,(anonymous_6)
FNDA:0,(anonymous_7)
FNDA:0,(anonymous_8)
FNDA:0,(anonymous_9)
DA:1,1
DA:2,1
DA:3,1
DA:4,1
DA:8,1
DA:9,0
DA:11,0
DA:12,0
DA:24,0
DA:25,0
DA:37,0
DA:38,0
DA:40,0
DA:42,0
DA:44,0
DA:46,0
DA:48,0
DA:50,0
DA:52,0
DA:54,0
DA:58,0
DA:59,0
DA:60,0
DA:65,0
DA:77,0
DA:79,0
DA:80,0
DA:82,0
DA:83,0
DA:86,0
DA:87,0
DA:90,0
DA:96,0
DA:110,1
DA:111,3
DA:112,3
DA:113,3
DA:114,3
DA:115,1
DA:127,2
DA:128,1
DA:140,1
DA:143,1
DA:144,1
DA:146,0
DA:160,1
DA:161,3
DA:162,3
DA:163,3
DA:164,3
DA:165,1
DA:177,2
DA:178,1
DA:189,1
DA:190,1
DA:192,1
DA:193,1
DA:194,1
DA:195,1
DA:196,1
DA:197,1
DA:198,1
DA:199,1
DA:200,1
DA:201,1
DA:202,1
DA:203,1
DA:204,1
DA:206,0
DA:220,1
DA:221,0
DA:223,0
DA:224,0
DA:236,0
DA:237,0
DA:248,0
DA:249,0
DA:251,0
DA:252,0
DA:254,0
DA:268,1
DA:269,0
DA:271,0
DA:272,0
DA:284,0
DA:285,0
DA:297,0
DA:299,0
DA:301,0
DA:302,0
DA:303,0
DA:304,0
DA:305,0
DA:306,0
DA:307,0
DA:309,0
DA:323,1
DA:324,0
DA:326,0
DA:327,0
DA:339,0
DA:340,0
DA:352,0
DA:354,0
DA:356,0
DA:358,0
DA:373,1
DA:374,0
DA:376,0
DA:377,0
DA:389,0
DA:390,0
DA:402,0
DA:404,0
DA:405,0
DA:408,0
DA:421,1
DA:422,0
DA:424,0
DA:425,0
DA:437,0
DA:438,0
DA:450,0
DA:452,0
DA:453,0
DA:455,0
DA:469,1
LF:127
LH:45
BRDA:11,0,0,0
BRDA:11,0,1,0
BRDA:11,1,0,0
BRDA:11,1,1,0
BRDA:24,2,0,0
BRDA:24,2,1,0
BRDA:58,3,0,0
BRDA:58,3,1,0
BRDA:77,4,0,0
BRDA:77,4,1,0
BRDA:114,5,0,1
BRDA:114,5,1,2
BRDA:114,6,0,3
BRDA:114,6,1,2
BRDA:127,7,0,1
BRDA:127,7,1,1
BRDA:164,8,0,1
BRDA:164,8,1,2
BRDA:164,9,0,3
BRDA:164,9,1,2
BRDA:177,10,0,1
BRDA:177,10,1,1
BRDA:223,11,0,0
BRDA:223,11,1,0
BRDA:223,12,0,0
BRDA:223,12,1,0
BRDA:236,13,0,0
BRDA:236,13,1,0
BRDA:271,14,0,0
BRDA:271,14,1,0
BRDA:271,15,0,0
BRDA:271,15,1,0
BRDA:284,16,0,0
BRDA:284,16,1,0
BRDA:326,17,0,0
BRDA:326,17,1,0
BRDA:326,18,0,0
BRDA:326,18,1,0
BRDA:339,19,0,0
BRDA:339,19,1,0
BRDA:376,20,0,0
BRDA:376,20,1,0
BRDA:376,21,0,0
BRDA:376,21,1,0
BRDA:389,22,0,0
BRDA:389,22,1,0
BRDA:424,23,0,0
BRDA:424,23,1,0
BRDA:424,24,0,0
BRDA:424,24,1,0
BRDA:437,25,0,0
BRDA:437,25,1,0
BRF:52
BRH:12
end_of_record
TN:
SF:src\controllers\pedidosRepar.controller.js
FN:8,(anonymous_0)
FN:57,(anonymous_1)
FN:113,(anonymous_2)
FN:167,(anonymous_3)
FNF:4
FNH:0
FNDA:0,(anonymous_0)
FNDA:0,(anonymous_1)
FNDA:0,(anonymous_2)
FNDA:0,(anonymous_3)
DA:1,1
DA:2,1
DA:3,1
DA:4,1
DA:8,1
DA:9,0
DA:11,0
DA:12,0
DA:24,0
DA:25,0
DA:37,0
DA:39,0
DA:40,0
DA:43,0
DA:57,1
DA:58,0
DA:60,0
DA:61,0
DA:73,0
DA:74,0
DA:86,0
DA:88,0
DA:90,0
DA:92,0
DA:93,0
DA:99,0
DA:113,1
DA:114,0
DA:116,0
DA:117,0
DA:129,0
DA:130,0
DA:142,0
DA:144,0
DA:145,0
DA:146,0
DA:147,0
DA:149,0
DA:150,0
DA:153,0
DA:167,1
DA:168,0
DA:170,0
DA:171,0
DA:183,0
DA:184,0
DA:196,0
DA:197,0
DA:199,0
DA:200,0
DA:201,0
DA:207,0
DA:208,0
DA:214,0
DA:230,1
LF:55
LH:9
BRDA:11,0,0,0
BRDA:11,0,1,0
BRDA:11,1,0,0
BRDA:11,1,1,0
BRDA:24,2,0,0
BRDA:24,2,1,0
BRDA:60,3,0,0
BRDA:60,3,1,0
BRDA:60,4,0,0
BRDA:60,4,1,0
BRDA:73,5,0,0
BRDA:73,5,1,0
BRDA:116,6,0,0
BRDA:116,6,1,0
BRDA:116,7,0,0
BRDA:116,7,1,0
BRDA:129,8,0,0
BRDA:129,8,1,0
BRDA:170,9,0,0
BRDA:170,9,1,0
BRDA:170,10,0,0
BRDA:170,10,1,0
BRDA:183,11,0,0
BRDA:183,11,1,0
BRDA:200,12,0,0
BRDA:200,12,1,0
BRF:26
BRH:0
end_of_record
TN:
SF:src\controllers\reportesRepar.controller.js
FN:6,(anonymous_0)
FN:53,(anonymous_1)
FNF:2
FNH:0
FNDA:0,(anonymous_0)
FNDA:0,(anonymous_1)
DA:1,1
DA:2,1
DA:3,1
DA:4,1
DA:6,1
DA:7,0
DA:9,0
DA:10,0
DA:22,0
DA:23,0
DA:34,0
DA:36,0
DA:37,0
DA:39,0
DA:53,1
DA:54,0
DA:56,0
DA:57,0
DA:69,0
DA:70,0
DA:81,0
DA:83,0
DA:84,0
DA:85,0
DA:87,0
DA:88,0
DA:90,0
DA:105,1
LF:28
LH:7
BRDA:9,0,0,0
BRDA:9,0,1,0
BRDA:9,1,0,0
BRDA:9,1,1,0
BRDA:22,2,0,0
BRDA:22,2,1,0
BRDA:56,3,0,0
BRDA:56,3,1,0
BRDA:56,4,0,0
BRDA:56,4,1,0
BRDA:69,5,0,0
BRDA:69,5,1,0
BRF:12
BRH:0
end_of_record
TN:
SF:src\controllers\solicitudEmp.controller.js
FN:6,(anonymous_0)
FN:54,(anonymous_1)
FN:123,(anonymous_2)
FN:177,(anonymous_3)
FNF:4
FNH:2
FNDA:1,(anonymous_0)
FNDA:2,(anonymous_1)
FNDA:0,(anonymous_2)
FNDA:0,(anonymous_3)
DA:1,1
DA:2,1
DA:3,1
DA:4,1
DA:6,1
DA:7,1
DA:8,1
DA:9,1
DA:10,0
DA:22,1
DA:23,0
DA:34,1
DA:36,1
DA:38,1
DA:40,0
DA:54,1
DA:55,2
DA:56,2
DA:57,2
DA:59,2
DA:60,0
DA:72,2
DA:73,0
DA:85,2
DA:87,2
DA:88,0
DA:100,2
DA:102,2
DA:103,2
DA:109,0
DA:123,1
DA:124,0
DA:126,0
DA:127,0
DA:139,0
DA:140,0
DA:151,0
DA:153,0
DA:154,0
DA:155,0
DA:156,0
DA:157,0
DA:158,0
DA:160,0
DA:161,0
DA:163,0
DA:177,1
DA:178,0
DA:180,0
DA:181,0
DA:193,0
DA:194,0
DA:206,0
DA:208,0
DA:209,0
DA:221,0
DA:223,0
DA:224,0
DA:230,0
DA:244,1
LF:60
LH:26
BRDA:9,0,0,0
BRDA:9,0,1,1
BRDA:9,1,0,1
BRDA:9,1,1,1
BRDA:22,2,0,0
BRDA:22,2,1,1
BRDA:59,3,0,0
BRDA:59,3,1,2
BRDA:59,4,0,2
BRDA:59,4,1,2
BRDA:72,5,0,0
BRDA:72,5,1,2
BRDA:87,6,0,0
BRDA:87,6,1,2
BRDA:87,7,0,2
BRDA:87,7,1,2
BRDA:126,8,0,0
BRDA:126,8,1,0
BRDA:126,9,0,0
BRDA:126,9,1,0
BRDA:139,10,0,0
BRDA:139,10,1,0
BRDA:180,11,0,0
BRDA:180,11,1,0
BRDA:180,12,0,0
BRDA:180,12,1,0
BRDA:193,13,0,0
BRDA:193,13,1,0
BRDA:208,14,0,0
BRDA:208,14,1,0
BRF:30
BRH:11
end_of_record
TN:
SF:src\controllers\solicitudRepar.controller.js
FN:6,(anonymous_0)
FN:53,(anonymous_1)
FN:124,(anonymous_2)
FN:172,(anonymous_3)
FNF:4
FNH:1
FNDA:0,(anonymous_0)
FNDA:2,(anonymous_1)
FNDA:0,(anonymous_2)
FNDA:0,(anonymous_3)
DA:1,1
DA:2,1
DA:3,1
DA:4,1
DA:6,1
DA:7,0
DA:9,0
DA:10,0
DA:22,0
DA:23,0
DA:34,0
DA:36,0
DA:37,0
DA:39,0
DA:53,1
DA:54,2
DA:56,2
DA:57,0
DA:69,2
DA:70,0
DA:82,2
DA:84,2
DA:85,0
DA:97,2
DA:99,2
DA:100,2
DA:101,2
DA:102,2
DA:103,2
DA:104,2
DA:110,0
DA:124,1
DA:125,0
DA:127,0
DA:128,0
DA:140,0
DA:141,0
DA:152,0
DA:154,0
DA:155,0
DA:156,0
DA:158,0
DA:172,1
DA:173,0
DA:175,0
DA:176,0
DA:188,0
DA:189,0
DA:201,0
DA:203,0
DA:204,0
DA:216,0
DA:218,0
DA:220,0
DA:222,0
DA:224,0
DA:227,0
DA:229,0
DA:235,0
DA:249,1
LF:60
LH:21
BRDA:9,0,0,0
BRDA:9,0,1,0
BRDA:9,1,0,0
BRDA:9,1,1,0
BRDA:22,2,0,0
BRDA:22,2,1,0
BRDA:56,3,0,0
BRDA:56,3,1,2
BRDA:56,4,0,2
BRDA:56,4,1,2
BRDA:69,5,0,0
BRDA:69,5,1,2
BRDA:84,6,0,0
BRDA:84,6,1,2
BRDA:84,7,0,2
BRDA:84,7,1,2
BRDA:127,8,0,0
BRDA:127,8,1,0
BRDA:127,9,0,0
BRDA:127,9,1,0
BRDA:140,10,0,0
BRDA:140,10,1,0
BRDA:175,11,0,0
BRDA:175,11,1,0
BRDA:175,12,0,0
BRDA:175,12,1,0
BRDA:188,13,0,0
BRDA:188,13,1,0
BRDA:203,14,0,0
BRDA:203,14,1,0
BRDA:203,15,0,0
BRDA:203,15,1,0
BRDA:218,16,0,0
BRDA:218,16,1,0
BRF:34
BRH:7
end_of_record
TN:
SF:src\database\db.js
FN:19,(anonymous_0)
FNF:1
FNH:1
FNDA:1,(anonymous_0)
DA:1,1
DA:4,1
DA:5,1
DA:6,1
DA:7,1
DA:11,1
DA:19,1
DA:20,1
DA:21,1
DA:24,1
LF:10
LH:10
BRDA:5,0,0,1
BRDA:5,0,1,0
BRDA:20,1,0,0
BRDA:20,1,1,1
BRF:4
BRH:2
end_of_record
TN:
SF:src\functions\awsImage.js
FN:4,(anonymous_0)
FN:23,(anonymous_1)
FN:24,(anonymous_2)
FNF:3
FNH:3
FNDA:9,(anonymous_0)
FNDA:9,(anonymous_1)
FNDA:9,(anonymous_2)
DA:1,1
DA:2,1
DA:4,1
DA:5,9
DA:7,9
DA:9,9
DA:11,9
DA:14,9
DA:16,9
DA:23,9
DA:24,9
DA:25,9
DA:26,0
DA:27,0
DA:30,9
DA:31,9
DA:36,1
LF:17
LH:15
BRDA:9,0,0,0
BRDA:9,0,1,9
BRDA:25,1,0,0
BRDA:25,1,1,9
BRF:4
BRH:2
end_of_record
TN:
SF:src\middlewares\verifyToken.js
FN:4,verifyToken
FN:11,(anonymous_1)
FNF:2
FNH:2
FNDA:21,verifyToken
FNDA:20,(anonymous_1)
DA:1,1
DA:6,21
DA:8,21
DA:9,1
DA:11,20
DA:12,20
DA:13,1
DA:14,1
DA:16,19
DA:17,19
DA:18,19
DA:23,1
LF:12
LH:12
BRDA:8,0,0,1
BRDA:8,0,1,20
BRDA:12,1,0,1
BRDA:12,1,1,19
BRF:4
BRH:4
end_of_record
TN:
SF:src\routes\agregarProducto.route.js
FN:11,(anonymous_0)
FN:14,(anonymous_1)
FNF:2
FNH:2
FNDA:8,(anonymous_0)
FNDA:8,(anonymous_1)
DA:1,1
DA:2,1
DA:3,1
DA:4,1
DA:5,1
DA:6,1
DA:7,1
DA:10,1
DA:12,8
DA:15,8
DA:19,1
DA:21,1
DA:25,1
DA:26,1
DA:27,1
DA:36,1
DA:37,1
DA:38,1
LF:18
LH:18
BRF:0
BRH:0
end_of_record
TN:
SF:src\routes\calificar.route.js
FNF:0
FNH:0
DA:1,1
DA:2,1
DA:4,1
DA:5,1
DA:6,1
DA:9,1
LF:6
LH:6
BRF:0
BRH:0
end_of_record
TN:
SF:src\routes\createEmpresa.route.js
FN:9,(anonymous_0)
FN:12,(anonymous_1)
FNF:2
FNH:2
FNDA:7,(anonymous_0)
FNDA:7,(anonymous_1)
DA:1,1
DA:2,1
DA:3,1
DA:4,1
DA:5,1
DA:8,1
DA:10,7
DA:13,7
DA:17,1
DA:22,1
DA:24,1
LF:11
LH:11
BRF:0
BRH:0
end_of_record
TN:
SF:src\routes\createRepar.route.js
FN:9,(anonymous_0)
FN:12,(anonymous_1)
FNF:2
FNH:2
FNDA:7,(anonymous_0)
FNDA:7,(anonymous_1)
DA:1,1
DA:2,1
DA:3,1
DA:4,1
DA:5,1
DA:8,1
DA:10,7
DA:13,7
DA:17,1
DA:21,1
DA:28,1
LF:11
LH:11
BRF:0
BRH:0
end_of_record
TN:
SF:src\routes\createUser.route.js
FNF:0
FNH:0
DA:1,1
DA:2,1
DA:4,1
DA:5,1
DA:7,1
DA:9,1
LF:6
LH:6
BRF:0
BRH:0
end_of_record
TN:
SF:src\routes\desactivarUser.route.js
FNF:0
FNH:0
DA:1,1
DA:2,1
DA:4,1
DA:5,1
DA:6,1
DA:7,1
DA:8,1
LF:7
LH:7
BRF:0
BRH:0
end_of_record
TN:
SF:src\routes\informeUser.route.js
FNF:0
FNH:0
DA:1,1
DA:2,1
DA:4,1
DA:5,1
DA:6,1
DA:7,1
DA:8,1
DA:9,1
DA:10,1
DA:13,1
DA:14,1
DA:16,1
LF:12
LH:12
BRF:0
BRH:0
end_of_record
TN:
SF:src\routes\loginAdmin.route.js
FNF:0
FNH:0
DA:1,1
DA:2,1
DA:4,1
DA:5,1
DA:6,1
DA:11,1
LF:6
LH:6
BRF:0
BRH:0
end_of_record
TN:
SF:src\routes\loginEmpresa.route.js
FNF:0
FNH:0
DA:1,1
DA:2,1
DA:4,1
DA:7,1
DA:11,1
LF:5
LH:5
BRF:0
BRH:0
end_of_record
TN:
SF:src\routes\loginRepar.route.js
FNF:0
FNH:0
DA:1,1
DA:2,1
DA:4,1
DA:7,1
DA:11,1
LF:5
LH:5
BRF:0
BRH:0
end_of_record
TN:
SF:src\routes\loginUser.route.js
FNF:0
FNH:0
DA:1,1
DA:2,1
DA:4,1
DA:5,1
DA:8,1
DA:9,1
DA:10,1
DA:13,1
LF:8
LH:8
BRF:0
BRH:0
end_of_record
TN:
SF:src\routes\miPerfil.route.js
FNF:0
FNH:0
DA:1,1
DA:2,1
DA:4,1
DA:5,1
DA:6,1
DA:8,1
LF:6
LH:6
BRF:0
BRH:0
end_of_record
TN:
SF:src\routes\pedido.route.js
FNF:0
FNH:0
DA:1,1
DA:2,1
DA:4,1
DA:5,1
DA:7,1
DA:8,1
DA:9,1
DA:10,1
DA:11,1
DA:12,1
DA:13,1
DA:14,1
DA:16,1
LF:13
LH:13
BRF:0
BRH:0
end_of_record
TN:
SF:src\routes\pedidosRepar.route.js
FNF:0
FNH:0
DA:1,1
DA:2,1
DA:4,1
DA:5,1
DA:7,1
DA:8,1
DA:9,1
DA:10,1
DA:11,1
LF:9
LH:9
BRF:0
BRH:0
end_of_record
TN:
SF:src\routes\reportesRepar.route.js
FNF:0
FNH:0
DA:1,1
DA:2,1
DA:4,1
DA:5,1
DA:6,1
DA:7,1
DA:9,1
LF:7
LH:7
BRF:0
BRH:0
end_of_record
TN:
SF:src\routes\solicitudEmp.route.js
FNF:0
FNH:0
DA:1,1
DA:2,1
DA:4,1
DA:5,1
DA:6,1
DA:7,1
DA:8,1
DA:9,1
DA:11,1
LF:9
LH:9
BRF:0
BRH:0
end_of_record
TN:
SF:src\routes\solicitudRepar.route.js
FNF:0
FNH:0
DA:1,1
DA:2,1
DA:4,1
DA:5,1
DA:6,1
DA:7,1
DA:9,1
DA:10,1
DA:12,1
LF:9
LH:9
BRF:0
BRH:0
end_of_record
